IQ-TREE multicore version 2.2.0.3 COVID-edition for Linux 64-bit built May 11 2022
Developed by Bui Quang Minh, James Barbetti, Nguyen Lam Tung,
Olga Chernomor, Heiko Schmidt, Dominik Schrempf, Michael Woodhams, Ly Trong Nhan.

Host:    n6 (AVX2, FMA3, 251 GB RAM)
Command: iqtree -s /home/aglucaci/AOC-REM2/results/mammalian_REM2/mammalian_REM2_codons.SA.fasta -T AUTO
Seed:    693763 (Using SPRNG - Scalable Parallel Random Number Generator)
Time:    Fri Dec 30 03:50:28 2022
Kernel:  AVX+FMA - auto-detect threads (1 CPU cores detected)

Reading alignment file /home/aglucaci/AOC-REM2/results/mammalian_REM2/mammalian_REM2_codons.SA.fasta ... Fasta format detected
Reading fasta file: done in 0.00801681 secs using 85.26% CPU
Alignment most likely contains DNA/RNA sequences
Constructing alignment: done in 0.00388553 secs using 66.99% CPU
Alignment has 175 sequences with 1968 columns, 978 distinct patterns
668 parsimony-informative, 266 singleton sites, 1034 constant sites
                                                                                                                                   Gap/Ambiguity  Composition  p-value
Analyzing sequences: done in 0.00037533 secs using 74.87% CPU
   1  NM_022685_2_Rattus_norvegicus_RRAD_and_GEM_like_GTPase_2_Rem2_mRNA_1                                                                48.02%    passed     23.66%
   2  NM_080726_3_Mus_musculus_rad_and_gem_related_GTP_binding_protein_2_Rem2_mRNA_1                                                      48.02%    passed     13.47%
   3  NM_173527_3_Homo_sapiens_RRAD_and_GEM_like_GTPase_2_REM2_mRNA_1                                                                     48.17%    passed     97.63%
   4  XM_009427474_3_PREDICTED_Pan_troglodytes_RRAD_and_GEM_like_GTPase_2_REM2_transcript_variant_X1_mRNA_1                               48.02%    passed     99.14%
   5  XM_005623217_4_PREDICTED_Canis_lupus_familiaris_RRAD_and_GEM_like_GTPase_2_REM2_transcript_variant_X1_mRNA_1                        47.41%    passed     30.17%
   6  NM_001192708_1_Bos_taurus_RRAD_and_GEM_like_GTPase_2_REM2_mRNA_2                                                                    48.17%    passed     98.04%
   7  XM_001100692_4_PREDICTED_Macaca_mulatta_RRAD_and_GEM_like_GTPase_2_REM2_mRNA_1                                                      48.17%    passed     99.61%
   8  XM_007479801_2_PREDICTED_Monodelphis_domestica_RAS_RAD_and_GEM_like_GTP_binding_2_REM2_mRNA_1                                       46.95%    passed     29.72%
   9  XM_023622024_1_PREDICTED_Equus_caballus_RRAD_and_GEM_like_GTPase_2_REM2_transcript_variant_X1_mRNA_1                                48.17%    passed     93.47%
  10  XM_051822640_1_PREDICTED_Oryctolagus_cuniculus_RRAD_and_GEM_like_GTPase_2_LOC100344089_mRNA_1                                       48.17%    passed     38.35%
  11  XM_035260095_1_PREDICTED_Callithrix_jacchus_RRAD_and_GEM_like_GTPase_2_REM2_transcript_variant_X1_mRNA_1                            48.17%    passed     89.17%
  12  XM_002824566_3_PREDICTED_Pongo_abelii_RRAD_and_GEM_like_GTPase_2_REM2_mRNA_1                                                        48.17%    passed     98.74%
  13  XM_003260595_2_PREDICTED_Nomascus_leucogenys_RRAD_and_GEM_like_GTPase_2_REM2_mRNA_1                                                 48.17%    passed     94.82%
  14  XM_021099265_1_PREDICTED_Sus_scrofa_RRAD_and_GEM_like_GTPase_2_REM2_transcript_variant_X1_mRNA_1                                    48.17%    passed     89.92%
  15  XM_003420937_2_PREDICTED_Loxodonta_africana_RRAD_and_GEM_like_GTPase_2_REM2_transcript_variant_X1_mRNA_1                            48.17%    passed     81.04%
  16  XM_029077766_2_PREDICTED_Ornithorhynchus_anatinus_RRAD_and_GEM_like_GTPase_2_REM2_mRNA_1                                            49.70%    failed      0.00%
  17  XM_023567007_1_PREDICTED_Cavia_porcellus_RRAD_and_GEM_like_GTPase_2_Rem2_transcript_variant_X2_mRNA_1                               48.48%    passed     50.98%
  18  XM_027390645_2_PREDICTED_Cricetulus_griseus_RRAD_and_GEM_like_GTPase_2_Rem2_transcript_variant_X2_mRNA_1                            49.24%    passed     84.40%
  19  XM_031955028_1_PREDICTED_Sarcophilus_harrisii_RRAD_and_GEM_like_GTPase_2_REM2_mRNA_1                                                47.26%    passed     38.31%
  20  XM_003801909_3_PREDICTED_Otolemur_garnettii_RRAD_and_GEM_like_GTPase_2_REM2_mRNA_1                                                  48.17%    passed     81.59%
  21  XM_008960213_2_PREDICTED_Pan_paniscus_RRAD_and_GEM_like_GTPase_2_REM2_transcript_variant_X1_mRNA_1                                  46.34%    passed     99.43%
  22  XM_003901565_5_PREDICTED_Papio_anubis_RRAD_and_GEM_like_GTPase_2_REM2_mRNA_1                                                        48.17%    passed     98.73%
  23  XM_003924335_3_PREDICTED_Saimiri_boliviensis_boliviensis_RRAD_and_GEM_like_GTPase_2_REM2_mRNA_1                                     48.17%    passed     99.90%
  24  XM_003987456_6_PREDICTED_Felis_catus_RRAD_and_GEM_like_GTPase_2_REM2_mRNA_1                                                         48.17%    passed     84.34%
  25  XM_027971647_2_PREDICTED_Ovis_aries_RRAD_and_GEM_like_GTPase_2_REM2_transcript_variant_X1_mRNA_1                                    48.02%    passed     93.53%
  26  XM_019009447_1_PREDICTED_Gorilla_gorilla_gorilla_RRAD_and_GEM_like_GTPase_2_REM2_transcript_variant_X1_mRNA_1                       28.81%    failed      2.24%
  27  XM_004283191_4_PREDICTED_Orcinus_orca_RRAD_and_GEM_like_GTPase_2_LOC101284288_transcript_variant_X1_mRNA_1                          48.17%    passed     74.28%
  28  XM_023724898_1_PREDICTED_Trichechus_manatus_latirostris_RRAD_and_GEM_like_GTPase_2_LOC101345257_transcript_variant_X1_mRNA_1        44.97%    passed     76.25%
  29  XM_004402108_1_PREDICTED_Odobenus_rosmarus_divergens_RAS_RAD_and_GEM_like_GTP_binding_2_REM2_mRNA_1                                 48.17%    passed     36.90%
  30  XM_004421250_2_PREDICTED_Ceratotherium_simum_simum_RAS_RAD_and_GEM_like_GTP_binding_2_LOC101388298_transcript_variant_X1_mRNA_1     48.17%    passed     67.73%
  31  XM_004474567_2_PREDICTED_Dasypus_novemcinctus_RRAD_and_GEM_like_GTPase_2_REM2_mRNA_1                                                48.17%    passed     60.53%
  32  XM_004584677_1_PREDICTED_Ochotona_princeps_RRAD_and_GEM_like_GTPase_2_REM2_mRNA_1                                                   48.17%    passed     43.61%
  33  XM_004609481_1_PREDICTED_Sorex_araneus_RAS_RAD_and_GEM_like_GTP_binding_2_REM2_mRNA_1                                               49.39%    passed      7.33%
  34  XM_004646648_2_PREDICTED_Octodon_degus_RRAD_and_GEM_like_GTPase_2_Rem2_transcript_variant_X1_mRNA_1                                 48.17%    passed     38.73%
  35  XM_045154677_1_PREDICTED_Jaculus_jaculus_RRAD_and_GEM_like_GTPase_2_Rem2_mRNA_1                                                     48.32%    passed     33.73%
  36  XM_004694658_2_PREDICTED_Condylura_cristata_RAS_RAD_and_GEM_like_GTP_binding_2_REM2_mRNA_1                                          48.48%    passed     72.12%
  37  XM_045287665_1_PREDICTED_Echinops_telfairi_RRAD_and_GEM_like_GTPase_2_REM2_mRNA_1                                                   55.03%    passed     27.86%
  38  XM_004755362_3_PREDICTED_Mustela_putorius_furo_RRAD_and_GEM_like_GTPase_2_REM2_transcript_variant_X1_mRNA_1                         48.17%    passed     55.37%
  39  XM_004864195_2_PREDICTED_Heterocephalus_glaber_RRAD_and_GEM_like_GTPase_2_Rem2_mRNA_1                                               47.87%    passed     77.29%
  40  XM_005085570_4_PREDICTED_Mesocricetus_auratus_RRAD_and_GEM_like_GTPase_2_Rem2_mRNA_1                                                48.02%    passed     72.82%
  41  XM_005338787_4_PREDICTED_Ictidomys_tridecemlineatus_RRAD_and_GEM_like_GTPase_2_Rem2_mRNA_1                                          48.17%    passed     12.75%
  42  XM_026777673_1_PREDICTED_Microtus_ochrogaster_RRAD_and_GEM_like_GTPase_2_Rem2_mRNA_1                                                49.24%    passed     52.00%
  43  XM_005377113_2_PREDICTED_Chinchilla_lanigera_RAS_RAD_and_GEM_like_GTP_binding_2_Rem2_mRNA_1                                         48.17%    passed     99.67%
  44  XM_005560816_3_PREDICTED_Macaca_fascicularis_RRAD_and_GEM_like_GTPase_2_REM2_mRNA_1                                                 48.17%    passed     98.36%
  45  XM_018054571_1_PREDICTED_Capra_hircus_RRAD_and_GEM_like_GTPase_2_REM2_transcript_variant_X1_mRNA_1                                  35.21%    passed      6.69%
  46  XM_025296072_3_PREDICTED_Bubalus_bubalis_RRAD_and_GEM_like_GTPase_2_REM2_transcript_variant_X4_mRNA_1                               58.54%    passed     43.85%
  47  XM_006144596_3_PREDICTED_Tupaia_chinensis_RRAD_and_GEM_like_GTPase_2_REM2_mRNA_1                                                    51.68%    passed     72.38%
  48  XM_032481695_1_PREDICTED_Camelus_ferus_RRAD_and_GEM_like_GTPase_2_REM2_transcript_variant_X1_mRNA_1                                 48.48%    passed     80.02%
  49  XM_031678770_1_PREDICTED_Vicugna_pacos_RRAD_and_GEM_like_GTPase_2_REM2_mRNA_1                                                       49.85%    passed     42.83%
  50  XM_031036681_1_PREDICTED_Leptonychotes_weddellii_RRAD_and_GEM_like_GTPase_2_REM2_transcript_variant_X1_mRNA_1                       39.48%    failed      2.89%
  51  XM_006835452_1_PREDICTED_Chrysochloris_asiatica_RAS_RAD_and_GEM_like_GTP_binding_2_REM2_mRNA_1                                      48.17%    passed     75.83%
  52  XM_006883133_1_PREDICTED_Elephantulus_edwardii_RAS_RAD_and_GEM_like_GTP_binding_2_REM2_mRNA_1                                       48.32%    passed     74.88%
  53  XM_006913609_2_PREDICTED_Pteropus_alecto_RRAD_and_GEM_like_GTPase_2_REM2_mRNA_1                                                     48.17%    passed     92.76%
  54  XM_006988484_2_PREDICTED_Peromyscus_maniculatus_bairdii_RRAD_and_GEM_like_GTPase_2_Rem2_mRNA_1                                      48.78%    passed     84.54%
  55  XM_007098093_3_PREDICTED_Panthera_tigris_RRAD_and_GEM_like_GTPase_2_REM2_transcript_variant_X3_mRNA_1                               48.17%    passed     58.39%
  56  XM_007100477_2_PREDICTED_Physeter_catodon_RRAD_and_GEM_like_GTPase_2_REM2_transcript_variant_X1_mRNA_1                              48.17%    passed     62.77%
  57  XM_007180539_1_PREDICTED_Balaenoptera_acutorostrata_scammoni_RRAD_and_GEM_like_GTPase_2_REM2_mRNA_1                                 48.17%    passed     67.89%
  58  XM_007449526_1_PREDICTED_Lipotes_vexillifer_RAS_RAD_and_GEM_like_GTP_binding_2_REM2_mRNA_1                                          48.17%    passed     73.93%
  59  XM_007536758_2_PREDICTED_Erinaceus_europaeus_RAS_RAD_and_GEM_like_GTP_binding_2_REM2_mRNA_1                                         50.30%    passed     37.75%
  60  XM_007951171_2_PREDICTED_Orycteropus_afer_afer_RRAD_and_GEM_like_GTPase_2_REM2_mRNA_1                                               49.09%    passed     56.11%
  61  XM_037987559_1_PREDICTED_Chlorocebus_sabaeus_RRAD_and_GEM_like_GTPase_2_REM2_transcript_variant_X1_mRNA_1                           28.81%    failed      1.96%
  62  XM_008065271_2_PREDICTED_Carlito_syrichta_RRAD_and_GEM_like_GTPase_2_REM2_mRNA_1                                                    48.17%    passed     42.90%
  63  XM_008528968_1_PREDICTED_Equus_przewalskii_RAS_RAD_and_GEM_like_GTP_binding_2_REM2_transcript_variant_X1_mRNA_1                     60.21%    failed      1.05%
  64  XM_008566551_1_PREDICTED_Galeopterus_variegatus_RAS_RAD_and_GEM_like_GTP_binding_2_REM2_mRNA_1                                      48.17%    passed     93.40%
  65  XM_040620901_1_PREDICTED_Ursus_maritimus_RRAD_and_GEM_like_GTPase_2_REM2_mRNA_3                                                     48.17%    passed     22.37%
  66  XM_008839903_2_PREDICTED_Nannospalax_galili_RRAD_and_GEM_like_GTPase_2_Rem2_transcript_variant_X1_mRNA_1                            48.02%    passed     83.64%
  67  XM_010378358_2_PREDICTED_Rhinopithecus_roxellana_RRAD_and_GEM_like_GTPase_2_REM2_mRNA_1                                             48.17%    passed     97.56%
  68  XM_033765070_1_PREDICTED_Fukomys_damarensis_RRAD_and_GEM_like_GTPase_2_Rem2_mRNA_1                                                  48.32%    passed     70.58%
  69  XM_010831252_1_PREDICTED_Bison_bison_bison_RAS_RAD_and_GEM_like_GTP_binding_2_REM2_mRNA_1                                           48.17%    passed     97.62%
  70  XM_031452725_1_PREDICTED_Camelus_dromedarius_RRAD_and_GEM_like_GTPase_2_REM2_mRNA_1                                                 48.48%    passed     87.45%
  71  XM_011372778_2_PREDICTED_Pteropus_vampyrus_RRAD_and_GEM_like_GTPase_2_REM2_mRNA_1                                                   48.17%    passed     92.67%
  72  XM_011772352_2_PREDICTED_Macaca_nemestrina_RRAD_and_GEM_like_GTPase_2_REM2_mRNA_1                                                   48.17%    passed     97.67%
  73  XM_011930962_1_PREDICTED_Colobus_angolensis_palliatus_RAS_RAD_and_GEM_like_GTP_binding_2_REM2_mRNA_1                                61.28%    passed     44.85%
  74  XM_011990630_1_PREDICTED_Mandrillus_leucophaeus_RAS_RAD_and_GEM_like_GTP_binding_2_REM2_mRNA_1                                      48.17%    passed     97.67%
  75  XM_012088533_1_PREDICTED_Cercocebus_atys_RAS_RAD_and_GEM_like_GTP_binding_2_REM2_mRNA_1                                             48.17%    passed     97.67%
  76  XM_012466673_1_PREDICTED_Aotus_nancymaae_RRAD_and_GEM_like_GTPase_2_REM2_mRNA_1                                                     48.17%    passed     99.80%
  77  XM_012649447_1_PREDICTED_Propithecus_coquereli_RAS_RAD_and_GEM_like_GTP_binding_2_REM2_mRNA_1                                       48.17%    passed     80.80%
  78  XM_012752689_1_PREDICTED_Microcebus_murinus_RRAD_and_GEM_like_GTPase_2_REM2_transcript_variant_X1_mRNA_1                            48.17%    passed     93.74%
  79  XM_013025368_1_PREDICTED_Dipodomys_ordii_RAS_RAD_and_GEM_like_GTP_binding_2_Rem2_mRNA_1                                             48.17%    passed     64.32%
  80  XM_014856335_2_PREDICTED_Equus_asinus_RRAD_and_GEM_like_GTPase_2_REM2_transcript_variant_X1_mRNA_1                                  48.17%    passed     93.66%
  81  XM_015086639_2_PREDICTED_Acinonyx_jubatus_RRAD_and_GEM_like_GTPase_2_REM2_mRNA_1                                                    48.17%    passed     74.32%
  82  XM_015492848_2_PREDICTED_Marmota_marmota_marmota_RRAD_and_GEM_like_GTPase_2_Rem2_mRNA_1                                             48.17%    passed     19.83%
  83  XM_016120537_2_PREDICTED_Rousettus_aegyptiacus_RRAD_and_GEM_like_GTPase_2_REM2_mRNA_1                                               48.17%    passed     86.31%
  84  XM_016205757_1_PREDICTED_Miniopterus_natalensis_RAS_RAD_and_GEM_like_GTP_binding_2_REM2_mRNA_1                                      49.39%    passed     82.46%
  85  XM_017544499_2_PREDICTED_Cebus_imitator_RRAD_and_GEM_like_GTPase_2_REM2_transcript_variant_X1_mRNA_1                                48.17%    passed     98.27%
  86  XM_017665172_2_PREDICTED_Manis_javanica_RRAD_and_GEM_like_GTPase_2_REM2_transcript_variant_X1_mRNA_1                                48.32%    passed     95.10%
  87  XM_017864286_1_PREDICTED_Rhinopithecus_bieti_RRAD_and_GEM_like_GTPase_2_REM2_mRNA_1                                                 48.17%    passed     96.56%
  88  XM_019429463_1_PREDICTED_Panthera_pardus_RRAD_and_GEM_like_GTPase_2_REM2_mRNA_1                                                     48.17%    passed     70.49%
  89  XM_019663177_1_PREDICTED_Hipposideros_armiger_RRAD_and_GEM_like_GTPase_2_REM2_mRNA_1                                                48.17%    passed     84.59%
  90  XM_019968374_1_PREDICTED_Bos_indicus_RRAD_and_GEM_like_GTPase_2_REM2_mRNA_1                                                         48.63%    passed     97.76%
  91  XM_020162859_1_PREDICTED_Castor_canadensis_RRAD_and_GEM_like_GTPase_2_Rem2_mRNA_1                                                   48.17%    passed     99.23%
  92  XM_020909415_1_PREDICTED_Odocoileus_virginianus_texanus_RRAD_and_GEM_like_GTPase_2_REM2_transcript_variant_X1_mRNA_1                37.20%    passed     66.26%
  93  XM_021008842_1_PREDICTED_Phascolarctos_cinereus_RRAD_and_GEM_like_GTPase_2_REM2_transcript_variant_X1_mRNA_1                        46.65%    passed     86.25%
  94  XM_021182512_1_PREDICTED_Mus_caroli_RRAD_and_GEM_like_GTPase_2_Rem2_mRNA_1                                                          49.24%    failed      4.62%
  95  XM_021203619_1_PREDICTED_Mus_pahari_RRAD_and_GEM_like_GTPase_2_Rem2_mRNA_1                                                          48.02%    passed     16.40%
  96  XM_021639619_1_PREDICTED_Meriones_unguiculatus_RRAD_and_GEM_like_GTPase_2_Rem2_mRNA_1                                               49.24%    passed     64.29%
  97  XM_021695575_1_PREDICTED_Neomonachus_schauinslandi_RRAD_and_GEM_like_GTPase_2_REM2_mRNA_1                                           48.17%    passed     36.77%
  98  XM_022520471_1_PREDICTED_Enhydra_lutris_kenyoni_RRAD_and_GEM_like_GTPase_2_LOC111158448_mRNA_1                                      48.17%    passed     51.16%
  99  XM_022553601_2_PREDICTED_Delphinapterus_leucas_RRAD_and_GEM_like_GTPase_2_REM2_mRNA_1                                               48.17%    passed     81.04%
 100  XM_023230440_1_PREDICTED_Piliocolobus_tephrosceles_RRAD_and_GEM_like_GTPase_2_REM2_transcript_variant_X1_mRNA_1                     50.76%    passed     46.93%
 101  XM_024741692_1_PREDICTED_Neophocaena_asiaeorientalis_asiaeorientalis_RRAD_and_GEM_like_GTPase_2_REM2_transcript_variant_X1_mRNA_1   47.56%    passed     68.31%
 102  XM_025392475_1_PREDICTED_Theropithecus_gelada_RRAD_and_GEM_like_GTPase_2_REM2_mRNA_1                                                48.17%    passed     97.67%
 103  XM_025442827_3_PREDICTED_Canis_lupus_dingo_RRAD_and_GEM_like_GTPase_2_REM2_transcript_variant_X1_mRNA_1                             47.41%    passed     33.94%
 104  XM_025870359_1_PREDICTED_Callorhinus_ursinus_RRAD_and_GEM_like_GTPase_2_REM2_mRNA_1                                                 48.17%    passed     32.51%
 105  XM_025919283_1_PREDICTED_Puma_concolor_RRAD_and_GEM_like_GTPase_2_REM2_mRNA_1                                                       50.76%    passed     99.32%
 106  XM_026007504_1_PREDICTED_Vulpes_vulpes_RRAD_and_GEM_like_GTPase_2_REM2_transcript_variant_X1_mRNA_1                                 48.02%    passed     31.71%
 107  XM_026406123_1_PREDICTED_Urocitellus_parryii_RRAD_and_GEM_like_GTPase_2_Rem2_mRNA_1                                                 48.17%    passed      8.58%
 108  XM_027110778_1_PREDICTED_Lagenorhynchus_obliquidens_RRAD_and_GEM_like_GTPase_2_REM2_transcript_variant_X1_mRNA_1                    48.17%    passed     78.11%
 109  XM_027553330_1_PREDICTED_Bos_indicus_x_Bos_taurus_RRAD_and_GEM_like_GTPase_2_REM2_mRNA_1                                            48.17%    passed     98.63%
 110  XM_027571459_2_PREDICTED_Zalophus_californianus_RRAD_and_GEM_like_GTPase_2_REM2_mRNA_2                                              48.17%    passed     30.76%
 111  XM_027843188_1_PREDICTED_Vombatus_ursinus_RRAD_and_GEM_like_GTPase_2_REM2_transcript_variant_X2_mRNA_1                              46.80%    passed     96.34%
 112  XM_027920156_1_PREDICTED_Marmota_flaviventris_RRAD_and_GEM_like_GTPase_2_Rem2_transcript_variant_X1_mRNA_1                          48.17%    passed     17.26%
 113  XM_028507134_2_PREDICTED_Phyllostomus_discolor_RRAD_and_GEM_like_GTPase_2_REM2_mRNA_1                                               48.17%    passed     84.61%
 114  XM_028788542_1_PREDICTED_Grammomys_surdaster_RRAD_and_GEM_like_GTPase_2_Rem2_mRNA_1                                                 48.02%    passed     43.39%
 115  XM_028892240_2_PREDICTED_Peromyscus_leucopus_RRAD_and_GEM_like_GTPase_2_Rem2_mRNA_1                                                 48.78%    passed     76.50%
 116  XM_029237411_1_PREDICTED_Monodon_monoceros_RRAD_and_GEM_like_GTPase_2_REM2_mRNA_1                                                   48.17%    passed     81.04%
 117  XM_029952605_1_PREDICTED_Suricata_suricatta_RRAD_and_GEM_like_GTPase_2_REM2_mRNA_1                                                  47.87%    passed     74.20%
 118  XM_030318679_1_PREDICTED_Lynx_canadensis_RRAD_and_GEM_like_GTPase_2_REM2_mRNA_1                                                     48.17%    passed     82.17%
 119  XM_030854517_1_PREDICTED_Globicephala_melas_RRAD_and_GEM_like_GTPase_2_REM2_transcript_variant_X1_mRNA_1                            48.17%    passed     80.07%
 120  XM_031361298_1_PREDICTED_Mastomys_coucha_RRAD_and_GEM_like_GTPase_2_Rem2_mRNA_1                                                     48.02%    passed     12.83%
 121  XM_032179928_1_PREDICTED_Hylobates_moloch_RRAD_and_GEM_like_GTPase_2_REM2_mRNA_1                                                    48.17%    passed     97.24%
 122  XM_032265550_1_PREDICTED_Sapajus_apella_RRAD_and_GEM_like_GTPase_2_REM2_transcript_variant_X1_mRNA_1                                48.17%    passed     98.84%
 123  XM_032343807_1_PREDICTED_Mustela_erminea_RRAD_and_GEM_like_GTPase_2_REM2_transcript_variant_X1_mRNA_1                               48.17%    passed     47.60%
 124  XM_032404536_1_PREDICTED_Phoca_vitulina_RRAD_and_GEM_like_GTPase_2_REM2_mRNA_1                                                      48.17%    passed     39.01%
 125  XM_032622712_1_PREDICTED_Phocoena_sinus_RRAD_and_GEM_like_GTPase_2_REM2_mRNA_1                                                      48.17%    passed     84.15%
 126  XM_032856406_1_PREDICTED_Lontra_canadensis_RRAD_and_GEM_like_GTPase_2_REM2_transcript_variant_X1_mRNA_1                             48.17%    passed     61.94%
 127  XM_032918139_1_PREDICTED_Rattus_rattus_RRAD_and_GEM_like_GTPase_2_Rem2_mRNA_1                                                       48.02%    passed     18.15%
 128  XM_033107547_1_PREDICTED_Rhinolophus_ferrumequinum_RRAD_and_GEM_like_GTPase_2_LOC117023075_transcript_variant_X1_mRNA_1             48.78%    passed     96.48%
 129  XM_033188604_1_PREDICTED_Trachypithecus_francoisi_RRAD_and_GEM_like_GTPase_2_REM2_mRNA_1                                            48.17%    passed     96.63%
 130  XM_033851357_1_PREDICTED_Tursiops_truncatus_RRAD_and_GEM_like_GTPase_2_REM2_transcript_variant_X1_mRNA_1                            48.17%    passed     75.55%
 131  XM_034498612_1_PREDICTED_Arvicanthis_niloticus_RRAD_and_GEM_like_GTPase_2_Rem2_mRNA_1                                               48.02%    passed     25.83%
 132  XM_034994691_1_PREDICTED_Mirounga_leonina_RRAD_and_GEM_like_GTPase_2_REM2_mRNA_1                                                    48.17%    passed     44.37%
 133  XM_036114829_1_PREDICTED_Halichoerus_grypus_RRAD_and_GEM_like_GTPase_2_REM2_transcript_variant_X1_mRNA_1                            36.89%    passed     90.68%
 134  XM_036199393_1_PREDICTED_Onychomys_torridus_RRAD_and_GEM_like_GTPase_2_Rem2_mRNA_1                                                  48.78%    passed     43.84%
 135  XM_036355955_1_PREDICTED_Myotis_myotis_RRAD_and_GEM_like_GTPase_2_REM2_transcript_variant_X1_mRNA_1                                 48.17%    passed     97.13%
 136  XM_036737107_1_PREDICTED_Trichosurus_vulpecula_RRAD_and_GEM_like_GTPase_2_REM2_mRNA_1                                               47.26%    passed     86.57%
 137  XM_036842027_1_PREDICTED_Balaenoptera_musculus_RRAD_and_GEM_like_GTPase_2_REM2_mRNA_1                                               48.17%    passed     60.33%
 138  XM_036884595_1_PREDICTED_Manis_pentadactyla_RRAD_and_GEM_like_GTPase_2_REM2_transcript_variant_X1_mRNA_1                            48.32%    passed     98.73%
 139  XM_037037712_1_PREDICTED_Sturnira_hondurensis_RRAD_and_GEM_like_GTPase_2_REM2_mRNA_1                                                48.17%    passed     96.50%
 140  XM_037129407_1_PREDICTED_Artibeus_jamaicensis_RRAD_and_GEM_like_GTPase_2_REM2_mRNA_1                                                48.17%    passed     84.17%
 141  XM_037503036_1_PREDICTED_Talpa_occidentalis_RRAD_and_GEM_like_GTPase_2_REM2_mRNA_1                                                  48.48%    passed     73.37%
 142  XM_037835533_1_PREDICTED_Choloepus_didactylus_RRAD_and_GEM_like_GTPase_2_REM2_transcript_variant_X1_mRNA_1                          48.17%    passed     49.93%
 143  XM_038310306_1_PREDICTED_Arvicola_amphibius_RRAD_and_GEM_like_GTPase_2_Rem2_mRNA_1                                                  48.02%    passed     36.88%
 144  XM_038741379_1_PREDICTED_Tachyglossus_aculeatus_RRAD_and_GEM_like_GTPase_2_REM2_mRNA_1                                              50.00%    failed      0.00%
 145  XM_039245203_1_PREDICTED_Hyaena_hyaena_RRAD_and_GEM_like_GTPase_2_REM2_transcript_variant_X1_mRNA_1                                 48.17%    passed     61.23%
 146  XM_039851849_1_PREDICTED_Pteropus_giganteus_RRAD_and_GEM_like_GTPase_2_REM2_mRNA_1                                                  48.17%    passed     91.12%
 147  XM_040227220_1_PREDICTED_Oryx_dammah_RRAD_and_GEM_like_GTPase_2_REM2_transcript_variant_X1_mRNA_1                                   48.02%    passed     97.01%
 148  XM_040969296_1_PREDICTED_Ochotona_curzoniae_RRAD_and_GEM_like_GTPase_2_REM2_mRNA_1                                                  48.48%    passed     48.75%
 149  XM_041634112_1_PREDICTED_Microtus_oregoni_RRAD_and_GEM_like_GTPase_2_Rem2_mRNA_1                                                    49.24%    passed     49.29%
 150  XM_041758862_1_PREDICTED_Vulpes_lagopus_RRAD_and_GEM_like_GTPase_2_REM2_transcript_variant_X1_mRNA_1                                48.02%    passed     33.75%
 151  XM_042686425_1_PREDICTED_Dipodomys_spectabilis_RRAD_and_GEM_like_GTPase_2_Rem2_mRNA_1                                               48.17%    passed     78.43%
 152  XM_042942694_1_PREDICTED_Panthera_leo_RRAD_and_GEM_like_GTPase_2_REM2_transcript_variant_X1_mRNA_1                                  58.38%    passed     77.64%
 153  XM_043471209_1_PREDICTED_Cervus_canadensis_RRAD_and_GEM_like_GTPase_2_REM2_transcript_variant_X1_mRNA_1                             48.17%    passed     98.78%
 154  XM_043555763_1_PREDICTED_Prionailurus_bengalensis_RRAD_and_GEM_like_GTPase_2_REM2_mRNA_1                                            48.17%    passed     81.18%
 155  XM_043919551_1_PREDICTED_Cervus_elaphus_RRAD_and_GEM_like_GTPase_2_REM2_transcript_variant_X1_mRNA_1                                48.17%    passed     98.46%
 156  XM_043980377_1_PREDICTED_Dromiciops_gliroides_RRAD_and_GEM_like_GTPase_2_REM2_transcript_variant_X1_mRNA_1                          57.93%    failed      0.10%
 157  XM_044662280_1_PREDICTED_Gracilinanus_agilis_RRAD_and_GEM_like_GTPase_2_REM2_transcript_variant_X1_mRNA_1                           46.65%    passed     27.19%
 158  XM_045450372_1_PREDICTED_Leopardus_geoffroyi_RRAD_and_GEM_like_GTPase_2_REM2_mRNA_1                                                 48.17%    passed     79.09%
 159  XM_045525960_1_PREDICTED_Lemur_catta_RRAD_and_GEM_like_GTPase_2_REM2_transcript_variant_X1_mRNA_1                                   48.17%    passed     94.21%
 160  XM_045841219_1_PREDICTED_Phyllostomus_hastatus_RRAD_and_GEM_like_GTPase_2_REM2_mRNA_1                                               48.17%    passed     66.29%
 161  XM_045900528_1_PREDICTED_Mirounga_angustirostris_RRAD_and_GEM_like_GTPase_2_REM2_mRNA_1                                             48.17%    passed     42.59%
 162  XM_046008309_1_PREDICTED_Meles_meles_RRAD_and_GEM_like_GTPase_2_REM2_transcript_variant_X1_mRNA_1                                   48.17%    passed     72.26%
 163  XM_046465107_1_PREDICTED_Marmota_monax_RRAD_and_GEM_like_GTPase_2_Rem2_mRNA_1                                                       48.17%    passed     14.40%
 164  XM_046653592_1_PREDICTED_Equus_quagga_GTP_binding_protein_REM_2_LOC124235489_transcript_variant_X1_mRNA_1                           48.17%    passed     92.44%
 165  XM_048362803_1_PREDICTED_Perognathus_longimembris_pacificus_RRAD_and_GEM_like_GTPase_2_Rem2_mRNA_1                                  48.02%    passed     33.57%
 166  XM_048444987_1_PREDICTED_Myodes_glareolus_RRAD_and_GEM_like_GTPase_2_Rem2_mRNA_1                                                    48.02%    passed     56.97%
 167  XM_049613126_1_PREDICTED_Panthera_uncia_RRAD_and_GEM_like_GTPase_2_REM2_transcript_variant_X1_mRNA_1                                47.71%    passed     61.19%
 168  XM_049768637_1_PREDICTED_Suncus_etruscus_RRAD_and_GEM_like_GTPase_2_LOC126001377_mRNA_1                                             48.63%    passed     36.72%
 169  XM_049899603_1_PREDICTED_Elephas_maximus_indicus_RRAD_and_GEM_like_GTPase_2_LOC126084786_transcript_variant_X1_mRNA_1               48.17%    passed     84.87%
 170  XM_050126229_1_PREDICTED_Microtus_fortis_RRAD_and_GEM_like_GTPase_2_LOC126490927_mRNA_1                                             49.24%    passed     54.50%
 171  XM_050796554_1_PREDICTED_Macaca_thibetana_thibetana_RRAD_and_GEM_like_GTPase_2_LOC126958288_mRNA_1                                  48.17%    passed     99.22%
 172  XM_051143407_1_PREDICTED_Acomys_russatus_RRAD_and_GEM_like_GTPase_2_LOC127187235_mRNA_1                                             48.02%    passed     36.01%
 173  XM_051195738_1_PREDICTED_Phodopus_roborovskii_RRAD_and_GEM_like_GTPase_2_LOC127230422_mRNA_1                                        48.02%    passed     41.85%
 174  XM_051980438_1_PREDICTED_Antechinus_flavipes_RRAD_and_GEM_like_GTPase_2_LOC127551038_mRNA_1                                         47.26%    passed     38.10%
 175  XM_052190525_1_PREDICTED_Apodemus_sylvaticus_RRAD_and_GEM_like_GTPase_2_LOC127690950_mRNA_1                                         48.02%    passed     17.00%
WARNING: 10 sequences contain more than 50% gaps/ambiguity
****  TOTAL                                                                                                                               48.12%  8 sequences failed composition chi2 test (p-value<5%; df=3)
Checking for duplicate sequences: done in 0.00085458 secs using 72.67% CPU


Create initial parsimony tree by phylogenetic likelihood library (PLL)... 0.041 seconds
Measuring multi-threading efficiency up to 1 CPU cores
Increase to 10 rounds for branch lengths
3 trees examined
Threads: 1 / Time: 1.138 sec / Speedup: 1.000 / Efficiency: 100% / LogL: -51778
Determining AUTO threadcount: done in 1.13822 secs using 98.78% CPU
BEST NUMBER OF THREADS: 1

Perform fast likelihood tree search using GTR+I+G model...
Estimate model parameters (epsilon = 5.000)
Perform nearest neighbor interchange...
Optimizing NNI: done in 0.378509 secs using 99.47% CPU
Estimate model parameters (epsilon = 1.000)
1. Initial log-likelihood: -26998.496
Optimal log-likelihood: -26997.513
Rate parameters:  A-C: 1.03237  A-G: 2.86689  A-T: 1.04632  C-G: 0.66543  C-T: 4.08969  G-T: 1.00000
Base frequencies:  A: 0.214  C: 0.321  G: 0.304  T: 0.161
Proportion of invariable sites: 0.161
Gamma shape alpha: 1.076
Parameters optimization took 1 rounds (0.204 sec)
Time for fast ML tree search: 1.930 seconds

NOTE: ModelFinder requires 55 MB RAM!
ModelFinder will test up to 484 DNA models (sample size: 1968) ...
 No. Model         -LnL         df  AIC          AICc         BIC
Measuring multi-threading efficiency up to 1 CPU cores
Increase to 10 rounds for branch lengths
10 trees examined
Threads: 1 / Time: 1.095 sec / Speedup: 1.000 / Efficiency: 100% / LogL: -57642
Determining AUTO threadcount: done in 1.09518 secs using 98.63% CPU
BEST NUMBER OF THREADS: 1

  1  GTR+F         28620.773    355 57951.546    58108.345    59934.140
Measuring multi-threading efficiency up to 1 CPU cores
Increase to 10 rounds for branch lengths
8 trees examined
Threads: 1 / Time: 1.120 sec / Speedup: 1.000 / Efficiency: 100% / LogL: -55096
Determining AUTO threadcount: done in 1.11997 secs using 98.83% CPU
BEST NUMBER OF THREADS: 1

  2  GTR+F+I       27848.615    356 56409.230    56567.010    58397.409
Measuring multi-threading efficiency up to 1 CPU cores
Increase to 10 rounds for branch lengths
3 trees examined
Threads: 1 / Time: 1.027 sec / Speedup: 1.000 / Efficiency: 100% / LogL: -48995
Determining AUTO threadcount: done in 1.02706 secs using 99.41% CPU
BEST NUMBER OF THREADS: 1

  3  GTR+F+G4      27018.032    356 54748.063    54905.844    56736.243
Measuring multi-threading efficiency up to 1 CPU cores
Increase to 10 rounds for branch lengths
4 trees examined
Threads: 1 / Time: 1.229 sec / Speedup: 1.000 / Efficiency: 100% / LogL: -48222
Determining AUTO threadcount: done in 1.22865 secs using 99.34% CPU
BEST NUMBER OF THREADS: 1

  4  GTR+F+I+G4    26996.594    357 54707.188    54865.953    56700.952
Measuring multi-threading efficiency up to 1 CPU cores
Increase to 10 rounds for branch lengths
5 trees examined
Threads: 1 / Time: 1.093 sec / Speedup: 1.000 / Efficiency: 100% / LogL: -50904
Determining AUTO threadcount: done in 1.09311 secs using 98.99% CPU
BEST NUMBER OF THREADS: 1

  5  GTR+F+R2      27200.330    357 55114.660    55273.425    57108.424
Measuring multi-threading efficiency up to 1 CPU cores
Increase to 10 rounds for branch lengths
5 trees examined
Threads: 1 / Time: 1.097 sec / Speedup: 1.000 / Efficiency: 100% / LogL: -49388
Determining AUTO threadcount: done in 1.09679 secs using 99.45% CPU
BEST NUMBER OF THREADS: 1

  6  GTR+F+R3      26987.088    359 54692.177    54852.923    56697.110
Measuring multi-threading efficiency up to 1 CPU cores
Increase to 10 rounds for branch lengths
4 trees examined
Threads: 1 / Time: 1.298 sec / Speedup: 1.000 / Efficiency: 100% / LogL: -49012
Determining AUTO threadcount: done in 1.29836 secs using 99.46% CPU
BEST NUMBER OF THREADS: 1

  7  GTR+F+R4      26961.616    361 54645.232    54807.974    56661.335
Measuring multi-threading efficiency up to 1 CPU cores
Increase to 10 rounds for branch lengths
3 trees examined
Threads: 1 / Time: 1.208 sec / Speedup: 1.000 / Efficiency: 100% / LogL: -48313
Determining AUTO threadcount: done in 1.2084 secs using 98.92% CPU
BEST NUMBER OF THREADS: 1

  8  GTR+F+R5      26951.992    363 54629.984    54794.737    56657.257
Measuring multi-threading efficiency up to 1 CPU cores
Increase to 10 rounds for branch lengths
3 trees examined
Threads: 1 / Time: 1.289 sec / Speedup: 1.000 / Efficiency: 100% / LogL: -48207
Determining AUTO threadcount: done in 1.28973 secs using 98.94% CPU
BEST NUMBER OF THREADS: 1

  9  GTR+F+R6      26950.063    365 54630.127    54796.906    56668.569
Measuring multi-threading efficiency up to 1 CPU cores
Increase to 10 rounds for branch lengths
5 trees examined
Threads: 1 / Time: 1.051 sec / Speedup: 1.000 / Efficiency: 100% / LogL: -49786
Determining AUTO threadcount: done in 1.05154 secs using 98.95% CPU
BEST NUMBER OF THREADS: 1

 14  GTR+F+I+I+R2  27110.239    358 54936.479    55096.232    56935.827
Measuring multi-threading efficiency up to 1 CPU cores
Increase to 10 rounds for branch lengths
4 trees examined
Threads: 1 / Time: 1.053 sec / Speedup: 1.000 / Efficiency: 100% / LogL: -48338
Determining AUTO threadcount: done in 1.05351 secs using 99.43% CPU
BEST NUMBER OF THREADS: 1

 15  GTR+F+I+I+R3  26966.721    360 54653.442    54815.185    56663.960
Measuring multi-threading efficiency up to 1 CPU cores
Increase to 10 rounds for branch lengths
4 trees examined
Threads: 1 / Time: 1.301 sec / Speedup: 1.000 / Efficiency: 100% / LogL: -48830
Determining AUTO threadcount: done in 1.30078 secs using 99.46% CPU
BEST NUMBER OF THREADS: 1

 16  GTR+F+I+I+R4  26950.304    362 54624.608    54788.354    56646.296
Measuring multi-threading efficiency up to 1 CPU cores
Increase to 10 rounds for branch lengths
4 trees examined
Threads: 1 / Time: 1.391 sec / Speedup: 1.000 / Efficiency: 100% / LogL: -48190
Determining AUTO threadcount: done in 1.39065 secs using 99.23% CPU
BEST NUMBER OF THREADS: 1

 17  GTR+F+I+I+R5  26950.137    364 54628.275    54794.039    56661.132
Measuring multi-threading efficiency up to 1 CPU cores
Increase to 10 rounds for branch lengths
4 trees examined
Threads: 1 / Time: 1.209 sec / Speedup: 1.000 / Efficiency: 100% / LogL: -48369
Determining AUTO threadcount: done in 1.20886 secs using 99.5% CPU
BEST NUMBER OF THREADS: 1

 38  SYM+I+I+R4    26973.876    359 54665.753    54826.499    56670.686
Measuring multi-threading efficiency up to 1 CPU cores
Increase to 10 rounds for branch lengths
4 trees examined
Threads: 1 / Time: 1.303 sec / Speedup: 1.000 / Efficiency: 100% / LogL: -47798
Determining AUTO threadcount: done in 1.30303 secs using 99.46% CPU
BEST NUMBER OF THREADS: 1

 60  TVM+F+I+I+R4  26967.063    361 54656.126    54818.868    56672.229
Measuring multi-threading efficiency up to 1 CPU cores
Increase to 10 rounds for branch lengths
4 trees examined
Threads: 1 / Time: 1.142 sec / Speedup: 1.000 / Efficiency: 100% / LogL: -48106
Determining AUTO threadcount: done in 1.14248 secs using 99.56% CPU
BEST NUMBER OF THREADS: 1

 82  TVMe+I+I+R4   26975.244    358 54666.489    54826.243    56665.837
Measuring multi-threading efficiency up to 1 CPU cores
Increase to 10 rounds for branch lengths
4 trees examined
Threads: 1 / Time: 1.152 sec / Speedup: 1.000 / Efficiency: 100% / LogL: -48536
Determining AUTO threadcount: done in 1.1517 secs using 99.65% CPU
BEST NUMBER OF THREADS: 1

104  TIM3+F+I+I+R4 26970.943    360 54661.887    54823.629    56672.405
Measuring multi-threading efficiency up to 1 CPU cores
Increase to 10 rounds for branch lengths
4 trees examined
Threads: 1 / Time: 1.357 sec / Speedup: 1.000 / Efficiency: 100% / LogL: -48451
Determining AUTO threadcount: done in 1.35684 secs using 99.11% CPU
BEST NUMBER OF THREADS: 1

126  TIM3e+I+I+R4  26976.477    357 54666.954    54825.719    56660.718
Measuring multi-threading efficiency up to 1 CPU cores
Increase to 10 rounds for branch lengths
4 trees examined
Threads: 1 / Time: 1.150 sec / Speedup: 1.000 / Efficiency: 100% / LogL: -48621
Determining AUTO threadcount: done in 1.15024 secs using 98.86% CPU
BEST NUMBER OF THREADS: 1

148  TIM2+F+I+I+R4 26961.015    360 54642.030    54803.772    56652.548
Measuring multi-threading efficiency up to 1 CPU cores
Increase to 10 rounds for branch lengths
4 trees examined
Threads: 1 / Time: 1.253 sec / Speedup: 1.000 / Efficiency: 100% / LogL: -48174
Determining AUTO threadcount: done in 1.2528 secs using 99.36% CPU
BEST NUMBER OF THREADS: 1

170  TIM2e+I+I+R4  26999.939    357 54713.879    54872.644    56707.643
Measuring multi-threading efficiency up to 1 CPU cores
Increase to 10 rounds for branch lengths
4 trees examined
Threads: 1 / Time: 1.268 sec / Speedup: 1.000 / Efficiency: 100% / LogL: -48480
Determining AUTO threadcount: done in 1.26778 secs using 99.05% CPU
BEST NUMBER OF THREADS: 1

192  TIM+F+I+I+R4  26960.023    360 54640.045    54801.788    56650.564
Measuring multi-threading efficiency up to 1 CPU cores
Increase to 10 rounds for branch lengths
4 trees examined
Threads: 1 / Time: 1.233 sec / Speedup: 1.000 / Efficiency: 100% / LogL: -48225
Determining AUTO threadcount: done in 1.23292 secs using 99.59% CPU
BEST NUMBER OF THREADS: 1

214  TIMe+I+I+R4   26999.411    357 54712.821    54871.587    56706.585
Measuring multi-threading efficiency up to 1 CPU cores
Increase to 10 rounds for branch lengths
4 trees examined
Threads: 1 / Time: 1.152 sec / Speedup: 1.000 / Efficiency: 100% / LogL: -48441
Determining AUTO threadcount: done in 1.15258 secs using 99.56% CPU
BEST NUMBER OF THREADS: 1

236  TPM3u+F+I+I+R4 26987.361    359 54692.722    54853.469    56697.656
Measuring multi-threading efficiency up to 1 CPU cores
Increase to 10 rounds for branch lengths
4 trees examined
Threads: 1 / Time: 1.253 sec / Speedup: 1.000 / Efficiency: 100% / LogL: -48443
Determining AUTO threadcount: done in 1.25333 secs using 99.6% CPU
BEST NUMBER OF THREADS: 1

258  TPM3+I+I+R4   26977.876    356 54667.753    54825.533    56655.932
Measuring multi-threading efficiency up to 1 CPU cores
Increase to 10 rounds for branch lengths
4 trees examined
Threads: 1 / Time: 1.171 sec / Speedup: 1.000 / Efficiency: 100% / LogL: -48169
Determining AUTO threadcount: done in 1.17155 secs using 99.4% CPU
BEST NUMBER OF THREADS: 1

280  TPM2u+F+I+I+R4 26979.106    359 54676.212    54836.959    56681.146
Measuring multi-threading efficiency up to 1 CPU cores
Increase to 10 rounds for branch lengths
4 trees examined
Threads: 1 / Time: 1.253 sec / Speedup: 1.000 / Efficiency: 100% / LogL: -48233
Determining AUTO threadcount: done in 1.25343 secs using 99.52% CPU
BEST NUMBER OF THREADS: 1

302  TPM2+I+I+R4   27000.390    356 54712.780    54870.560    56700.959
Measuring multi-threading efficiency up to 1 CPU cores
Increase to 10 rounds for branch lengths
4 trees examined
Threads: 1 / Time: 1.240 sec / Speedup: 1.000 / Efficiency: 100% / LogL: -48371
Determining AUTO threadcount: done in 1.24019 secs using 99.43% CPU
BEST NUMBER OF THREADS: 1

324  K3Pu+F+I+I+R4 26977.219    359 54672.438    54833.184    56677.372
Measuring multi-threading efficiency up to 1 CPU cores
Increase to 10 rounds for branch lengths
4 trees examined
Threads: 1 / Time: 1.240 sec / Speedup: 1.000 / Efficiency: 100% / LogL: -47876
Determining AUTO threadcount: done in 1.24029 secs using 99.43% CPU
BEST NUMBER OF THREADS: 1

346  K3P+I+I+R4    26999.857    356 54711.713    54869.493    56699.892
Measuring multi-threading efficiency up to 1 CPU cores
Increase to 10 rounds for branch lengths
4 trees examined
Threads: 1 / Time: 1.172 sec / Speedup: 1.000 / Efficiency: 100% / LogL: -48612
Determining AUTO threadcount: done in 1.17171 secs using 98.97% CPU
BEST NUMBER OF THREADS: 1

368  TN+F+I+I+R4   26976.953    359 54671.906    54832.653    56676.840
Measuring multi-threading efficiency up to 1 CPU cores
Increase to 10 rounds for branch lengths
4 trees examined
Threads: 1 / Time: 1.333 sec / Speedup: 1.000 / Efficiency: 100% / LogL: -48425
Determining AUTO threadcount: done in 1.33282 secs using 99.55% CPU
BEST NUMBER OF THREADS: 1

390  TNe+I+I+R4    26999.950    356 54711.901    54869.681    56700.080
Measuring multi-threading efficiency up to 1 CPU cores
Increase to 10 rounds for branch lengths
4 trees examined
Threads: 1 / Time: 1.141 sec / Speedup: 1.000 / Efficiency: 100% / LogL: -48518
Determining AUTO threadcount: done in 1.14072 secs using 99.29% CPU
BEST NUMBER OF THREADS: 1

412  HKY+F+I+I+R4  26994.312    358 54704.623    54864.377    56703.972
Measuring multi-threading efficiency up to 1 CPU cores
Increase to 10 rounds for branch lengths
4 trees examined
Threads: 1 / Time: 1.283 sec / Speedup: 1.000 / Efficiency: 100% / LogL: -48374
Determining AUTO threadcount: done in 1.28323 secs using 99.29% CPU
BEST NUMBER OF THREADS: 1

434  K2P+I+I+R4    27000.397    355 54710.794    54867.593    56693.388
Measuring multi-threading efficiency up to 1 CPU cores
Increase to 10 rounds for branch lengths
4 trees examined
Threads: 1 / Time: 1.322 sec / Speedup: 1.000 / Efficiency: 100% / LogL: -50989
Determining AUTO threadcount: done in 1.32193 secs using 99.39% CPU
BEST NUMBER OF THREADS: 1

456  F81+F+I+I+R4  27964.902    357 56643.805    56802.570    58637.569
Measuring multi-threading efficiency up to 1 CPU cores
Increase to 10 rounds for branch lengths
4 trees examined
Threads: 1 / Time: 1.273 sec / Speedup: 1.000 / Efficiency: 100% / LogL: -50585
Determining AUTO threadcount: done in 1.27265 secs using 99.52% CPU
BEST NUMBER OF THREADS: 1

478  JC+I+I+R4     27779.863    354 56267.727    56423.548    58244.736
Akaike Information Criterion:           GTR+F+I+I+R4
Corrected Akaike Information Criterion: GTR+F+I+I+R4
Bayesian Information Criterion:         GTR+F+I+I+R4
Best-fit model: GTR+F+I+I+R4 chosen according to BIC

All model information printed to /home/aglucaci/AOC-REM2/results/mammalian_REM2/mammalian_REM2_codons.SA.fasta.model.gz
CPU time for ModelFinder: 238.002 seconds (0h:3m:58s)
Wall-clock time for ModelFinder: 238.484 seconds (0h:3m:58s)

NOTE: 22 MB RAM (0 GB) is required!
Measuring multi-threading efficiency up to 1 CPU cores
Increase to 10 rounds for branch lengths
3 trees examined
Threads: 1 / Time: 1.011 sec / Speedup: 1.000 / Efficiency: 100% / LogL: -51306
Determining AUTO threadcount: done in 1.01077 secs using 99.2% CPU
BEST NUMBER OF THREADS: 1

Estimate model parameters (epsilon = 0.100)
1. Initial log-likelihood: -26950.304
Optimal log-likelihood: -26950.222
Rate parameters:  A-C: 1.06416  A-G: 3.02584  A-T: 1.05976  C-G: 0.68667  C-T: 4.10750  G-T: 1.00000
Base frequencies:  A: 0.214  C: 0.321  G: 0.304  T: 0.161
Proportion of invariable sites: 0.131
Site proportion and rates:  (0.350,0.238) (0.341,1.123) (0.147,2.525) (0.031,5.258)
Parameters optimization took 1 rounds (0.442 sec)
Wrote distance file to... 
Computing ML distances based on estimated model parameters...
Calculating distance matrix: done in 0.174756 secs using 100% CPU
Computing ML distances took 0.175416 sec (of wall-clock time) 0.175412 sec (of CPU time)
Setting up auxiliary I and S matrices: done in 0.0129764 secs using 99.98% CPU
Constructing RapidNJ tree: done in 0.00254308 secs using 99.96% CPU
Computing RapidNJ tree took 0.015545 sec (of wall-clock time) 0.015543 sec (of CPU time)
Log-likelihood of RapidNJ tree: -27189.381
--------------------------------------------------------------------
|             INITIALIZING CANDIDATE TREE SET                      |
--------------------------------------------------------------------
Generating 98 parsimony trees... 4.358 second
Computing log-likelihood of 98 initial trees ... 4.451 seconds
Current best score: -26950.222

Do NNI search on 20 best initial trees
Optimizing NNI: done in 0.193102 secs using 99.99% CPU
Estimate model parameters (epsilon = 0.100)
BETTER TREE FOUND at iteration 1: -26949.944
Optimizing NNI: done in 1.19544 secs using 99.41% CPU
Estimate model parameters (epsilon = 0.100)
BETTER TREE FOUND at iteration 2: -26898.695
Optimizing NNI: done in 1.25535 secs using 99.52% CPU
Estimate model parameters (epsilon = 0.100)
BETTER TREE FOUND at iteration 3: -26888.939
Optimizing NNI: done in 1.04263 secs using 99.13% CPU
Optimizing NNI: done in 1.03419 secs using 99.51% CPU
Optimizing NNI: done in 1.13438 secs using 99.11% CPU
Estimate model parameters (epsilon = 0.100)
BETTER TREE FOUND at iteration 6: -26886.738
Optimizing NNI: done in 1.118 secs using 99.46% CPU
Optimizing NNI: done in 1.15299 secs using 99.39% CPU
Optimizing NNI: done in 0.905982 secs using 99.22% CPU
Optimizing NNI: done in 1.20842 secs using 99.58% CPU
Iteration 10 / LogL: -26895.600 / Time: 0h:0m:26s
Optimizing NNI: done in 0.986114 secs using 99.59% CPU
Optimizing NNI: done in 1.14031 secs using 99.21% CPU
Optimizing NNI: done in 1.21345 secs using 99.33% CPU
Optimizing NNI: done in 1.23118 secs using 99.02% CPU
Optimizing NNI: done in 1.20725 secs using 99.5% CPU
Optimizing NNI: done in 1.14714 secs using 99.47% CPU
Optimizing NNI: done in 1.27148 secs using 99.6% CPU
Optimizing NNI: done in 1.13439 secs using 99.03% CPU
Optimizing NNI: done in 1.09208 secs using 98.9% CPU
Optimizing NNI: done in 1.24683 secs using 99.35% CPU
Iteration 20 / LogL: -26941.697 / Time: 0h:0m:38s
Finish initializing candidate tree set (20)
Current best tree score: -26886.738 / CPU time: 36.163
Number of iterations: 20
--------------------------------------------------------------------
|               OPTIMIZING CANDIDATE TREE SET                      |
--------------------------------------------------------------------
Optimizing NNI: done in 1.17187 secs using 99.4% CPU
Estimate model parameters (epsilon = 0.100)
BETTER TREE FOUND at iteration 21: -26886.641
Optimizing NNI: done in 1.11502 secs using 99.46% CPU
Optimizing NNI: done in 1.08531 secs using 99.35% CPU
Optimizing NNI: done in 1.21301 secs using 99.09% CPU
Optimizing NNI: done in 1.11401 secs using 99.46% CPU
Optimizing NNI: done in 0.853406 secs using 99.41% CPU
Optimizing NNI: done in 0.919331 secs using 99.45% CPU
Optimizing NNI: done in 0.941189 secs using 99.14% CPU
Optimizing NNI: done in 1.05307 secs using 99.24% CPU
Optimizing NNI: done in 1.05704 secs using 99.05% CPU
Iteration 30 / LogL: -26888.709 / Time: 0h:0m:49s (0h:2m:34s left)
Optimizing NNI: done in 1.21155 secs using 99.25% CPU
Optimizing NNI: done in 1.03799 secs using 99.61% CPU
Estimate model parameters (epsilon = 0.100)
BETTER TREE FOUND at iteration 32: -26885.558
Optimizing NNI: done in 1.03986 secs using 98.94% CPU
Optimizing NNI: done in 1.15579 secs using 99.65% CPU
Optimizing NNI: done in 1.04677 secs using 99.04% CPU
Estimate model parameters (epsilon = 0.100)
BETTER TREE FOUND at iteration 35: -26882.771
Optimizing NNI: done in 1.08439 secs using 99.53% CPU
Optimizing NNI: done in 1.10872 secs using 99.54% CPU
Optimizing NNI: done in 1.23566 secs using 99.43% CPU
Optimizing NNI: done in 0.994251 secs using 99.09% CPU
Optimizing NNI: done in 1.17656 secs using 99.32% CPU
Iteration 40 / LogL: -26889.769 / Time: 0h:1m:2s (0h:2m:31s left)
Optimizing NNI: done in 1.18716 secs using 99.07% CPU
Optimizing NNI: done in 1.36203 secs using 99.04% CPU
Estimate model parameters (epsilon = 0.100)
BETTER TREE FOUND at iteration 42: -26881.781
Optimizing NNI: done in 1.11142 secs using 99.1% CPU
Optimizing NNI: done in 1.15256 secs using 99.22% CPU
Optimizing NNI: done in 1.28347 secs using 99.06% CPU
Optimizing NNI: done in 1.06418 secs using 99.34% CPU
Optimizing NNI: done in 0.92774 secs using 99.13% CPU
BETTER TREE FOUND at iteration 47: -26881.780
Optimizing NNI: done in 1.05268 secs using 99.05% CPU
Optimizing NNI: done in 1.2665 secs using 99.05% CPU
Optimizing NNI: done in 0.97131 secs using 99.17% CPU
Iteration 50 / LogL: -26920.672 / Time: 0h:1m:15s (0h:2m:28s left)
Optimizing NNI: done in 1.00125 secs using 99.2% CPU
Optimizing NNI: done in 0.927393 secs using 99.35% CPU
Optimizing NNI: done in 1.1278 secs using 99.02% CPU
Optimizing NNI: done in 1.20723 secs using 99% CPU
Optimizing NNI: done in 0.985332 secs using 99.08% CPU
Optimizing NNI: done in 1.10374 secs using 99.45% CPU
Optimizing NNI: done in 1.05825 secs using 99.05% CPU
Optimizing NNI: done in 1.05797 secs using 99.33% CPU
UPDATE BEST LOG-LIKELIHOOD: -26881.779
Optimizing NNI: done in 1.19764 secs using 99.49% CPU
Optimizing NNI: done in 1.02927 secs using 99.12% CPU
Iteration 60 / LogL: -26883.723 / Time: 0h:1m:25s (0h:2m:6s left)
Optimizing NNI: done in 1.14283 secs using 99.65% CPU
Optimizing NNI: done in 1.12458 secs using 99.11% CPU
Optimizing NNI: done in 1.28598 secs using 99.14% CPU
Optimizing NNI: done in 1.24375 secs using 98.79% CPU
Optimizing NNI: done in 0.98153 secs using 99.38% CPU
Optimizing NNI: done in 1.13963 secs using 99.38% CPU
Optimizing NNI: done in 0.92229 secs using 98.7% CPU
Optimizing NNI: done in 1.17581 secs using 99.65% CPU
Optimizing NNI: done in 1.14755 secs using 99.56% CPU
Optimizing NNI: done in 1.11506 secs using 99.19% CPU
Iteration 70 / LogL: -26888.097 / Time: 0h:1m:37s (0h:1m:48s left)
Optimizing NNI: done in 1.21705 secs using 99.26% CPU
Optimizing NNI: done in 1.33893 secs using 99.4% CPU
Optimizing NNI: done in 1.15283 secs using 99.22% CPU
Optimizing NNI: done in 1.39042 secs using 99.42% CPU
Optimizing NNI: done in 1.08643 secs using 99.44% CPU
Optimizing NNI: done in 1.24968 secs using 99.43% CPU
Optimizing NNI: done in 1.21773 secs using 99.01% CPU
Optimizing NNI: done in 0.912294 secs using 99.22% CPU
Optimizing NNI: done in 1.00132 secs using 99.39% CPU
Optimizing NNI: done in 1.16694 secs using 99.39% CPU
Iteration 80 / LogL: -26881.780 / Time: 0h:1m:49s (0h:1m:32s left)
Optimizing NNI: done in 1.19476 secs using 99.58% CPU
Optimizing NNI: done in 1.03375 secs using 99.32% CPU
Optimizing NNI: done in 1.15839 secs using 98.96% CPU
Optimizing NNI: done in 1.07625 secs using 99.72% CPU
Optimizing NNI: done in 1.11502 secs using 99.16% CPU
Optimizing NNI: done in 1.08863 secs using 99.24% CPU
Optimizing NNI: done in 1.19602 secs using 99.49% CPU
Optimizing NNI: done in 1.14366 secs using 99.21% CPU
Optimizing NNI: done in 1.19168 secs using 99.32% CPU
Optimizing NNI: done in 1.29161 secs using 98.68% CPU
Iteration 90 / LogL: -26882.475 / Time: 0h:2m:0s (0h:1m:17s left)
Optimizing NNI: done in 1.29435 secs using 99.3% CPU
Optimizing NNI: done in 1.0955 secs using 99.45% CPU
Optimizing NNI: done in 1.07828 secs using 99.25% CPU
Optimizing NNI: done in 1.04254 secs using 99.42% CPU
Optimizing NNI: done in 0.95489 secs using 99.16% CPU
Optimizing NNI: done in 1.17266 secs using 99.23% CPU
Optimizing NNI: done in 1.24362 secs using 99.43% CPU
Optimizing NNI: done in 1.47243 secs using 99.32% CPU
Optimizing NNI: done in 1.09849 secs using 99.45% CPU
Optimizing NNI: done in 0.969989 secs using 99.48% CPU
Iteration 100 / LogL: -26881.781 / Time: 0h:2m:12s (0h:1m:2s left)
Optimizing NNI: done in 0.989364 secs using 99.39% CPU
Optimizing NNI: done in 1.10388 secs using 99.27% CPU
Optimizing NNI: done in 1.02724 secs using 99.61% CPU
Optimizing NNI: done in 1.26504 secs using 99.44% CPU
Optimizing NNI: done in 1.17245 secs using 99.14% CPU
Optimizing NNI: done in 0.902772 secs using 99.22% CPU
Optimizing NNI: done in 1.14423 secs using 98.77% CPU
Optimizing NNI: done in 1.32422 secs using 99.39% CPU
Optimizing NNI: done in 1.10057 secs using 98.81% CPU
Optimizing NNI: done in 1.15696 secs using 99.48% CPU
Iteration 110 / LogL: -26881.785 / Time: 0h:2m:23s (0h:0m:48s left)
Optimizing NNI: done in 0.981418 secs using 99.28% CPU
Optimizing NNI: done in 1.03018 secs using 99.12% CPU
Optimizing NNI: done in 1.09021 secs using 99.72% CPU
Optimizing NNI: done in 1.25426 secs using 99.36% CPU
Optimizing NNI: done in 1.07143 secs using 99.53% CPU
Optimizing NNI: done in 1.17574 secs using 98.98% CPU
Optimizing NNI: done in 1.12301 secs using 99.28% CPU
Optimizing NNI: done in 1.21272 secs using 99.42% CPU
Optimizing NNI: done in 1.16473 secs using 99.48% CPU
Optimizing NNI: done in 0.990542 secs using 99.39% CPU
Iteration 120 / LogL: -26888.745 / Time: 0h:2m:34s (0h:0m:35s left)
Optimizing NNI: done in 0.864867 secs using 99.65% CPU
Optimizing NNI: done in 1.29934 secs using 99.23% CPU
Optimizing NNI: done in 1.12436 secs using 99.37% CPU
Optimizing NNI: done in 0.807311 secs using 99.38% CPU
Optimizing NNI: done in 1.08943 secs using 99.26% CPU
Optimizing NNI: done in 1.28479 secs using 98.98% CPU
Optimizing NNI: done in 1.20976 secs using 99.42% CPU
Optimizing NNI: done in 1.14173 secs using 99.12% CPU
Optimizing NNI: done in 1.19276 secs using 99.41% CPU
Optimizing NNI: done in 1.41101 secs using 99.07% CPU
Iteration 130 / LogL: -26947.847 / Time: 0h:2m:46s (0h:0m:21s left)
Optimizing NNI: done in 1.03081 secs using 99.22% CPU
Optimizing NNI: done in 1.11798 secs using 99.55% CPU
Optimizing NNI: done in 1.26271 secs using 99.52% CPU
Optimizing NNI: done in 1.43688 secs using 99.44% CPU
Optimizing NNI: done in 1.2078 secs using 99.75% CPU
Optimizing NNI: done in 0.937641 secs using 98.72% CPU
Optimizing NNI: done in 1.06494 secs using 99.53% CPU
Optimizing NNI: done in 0.951368 secs using 99.47% CPU
Optimizing NNI: done in 1.23642 secs using 98.78% CPU
Optimizing NNI: done in 0.908063 secs using 99.45% CPU
Iteration 140 / LogL: -26887.581 / Time: 0h:2m:57s (0h:0m:8s left)
Optimizing NNI: done in 0.852281 secs using 99.41% CPU
Optimizing NNI: done in 1.05275 secs using 98.95% CPU
Optimizing NNI: done in 1.10336 secs using 99.18% CPU
Optimizing NNI: done in 1.17269 secs using 99.23% CPU
Optimizing NNI: done in 1.19283 secs using 99.66% CPU
Optimizing NNI: done in 1.05691 secs using 99.52% CPU
Optimizing NNI: done in 0.860164 secs using 98.87% CPU
Optimizing NNI: done in 1.21563 secs using 99.26% CPU
TREE SEARCH COMPLETED AFTER 148 ITERATIONS / Time: 0h:3m:6s

--------------------------------------------------------------------
|                    FINALIZING TREE SEARCH                        |
--------------------------------------------------------------------
Performs final model parameters optimization
Estimate model parameters (epsilon = 0.010)
1. Initial log-likelihood: -26881.779
2. Current log-likelihood: -26881.718
3. Current log-likelihood: -26881.680
4. Current log-likelihood: -26881.654
5. Current log-likelihood: -26881.638
6. Current log-likelihood: -26881.627
Optimal log-likelihood: -26881.618
Rate parameters:  A-C: 1.05559  A-G: 3.05619  A-T: 1.04044  C-G: 0.68101  C-T: 4.13913  G-T: 1.00000
Base frequencies:  A: 0.214  C: 0.321  G: 0.304  T: 0.161
Proportion of invariable sites: 0.120
Site proportion and rates:  (0.370,0.224) (0.371,1.208) (0.128,3.040) (0.011,7.088)
Parameters optimization took 6 rounds (2.529 sec)
BEST SCORE FOUND : -26881.618
Total tree length: 6.266

Total number of iterations: 148
CPU time used for tree search: 183.102 sec (0h:3m:3s)
Wall-clock time used for tree search: 184.343 sec (0h:3m:4s)
Total CPU time used: 187.603 sec (0h:3m:7s)
Total wall-clock time used: 188.875 sec (0h:3m:8s)

Analysis results written to: 
  IQ-TREE report:                /home/aglucaci/AOC-REM2/results/mammalian_REM2/mammalian_REM2_codons.SA.fasta.iqtree
  Maximum-likelihood tree:       /home/aglucaci/AOC-REM2/results/mammalian_REM2/mammalian_REM2_codons.SA.fasta.treefile
  Likelihood distances:          /home/aglucaci/AOC-REM2/results/mammalian_REM2/mammalian_REM2_codons.SA.fasta.mldist
  Screen log file:               /home/aglucaci/AOC-REM2/results/mammalian_REM2/mammalian_REM2_codons.SA.fasta.log

ALISIM COMMAND
--------------
--alisim simulated_MSA -t /home/aglucaci/AOC-REM2/results/mammalian_REM2/mammalian_REM2_codons.SA.fasta.treefile -m "GTR{1.05559,3.05619,1.04044,0.681009,4.13913}+F{0.213851,0.320899,0.304318,0.160932}+I{0.11991}+R4{0.36964,0.224027,0.370914,1.20774,0.128425,3.04045,0.0111105,7.08813}" --length 1968

Date and Time: Fri Dec 30 03:57:36 2022
