IQ-TREE multicore version 2.2.0.3 COVID-edition for Linux 64-bit built May 11 2022
Developed by Bui Quang Minh, James Barbetti, Nguyen Lam Tung,
Olga Chernomor, Heiko Schmidt, Dominik Schrempf, Michael Woodhams, Ly Trong Nhan.

Host:    n6 (AVX2, FMA3, 251 GB RAM)
Command: iqtree -s /home/aglucaci/AOC-REM2/results/mammalian_REM2/mammalian_REM2.3.codon.fas -T AUTO
Seed:    390138 (Using SPRNG - Scalable Parallel Random Number Generator)
Time:    Sun Jan  1 16:30:54 2023
Kernel:  AVX+FMA - auto-detect threads (1 CPU cores detected)

Reading alignment file /home/aglucaci/AOC-REM2/results/mammalian_REM2/mammalian_REM2.3.codon.fas ... Fasta format detected
Reading fasta file: done in 0.0010074 secs using 79.31% CPU
Alignment most likely contains DNA/RNA sequences
Constructing alignment: done in 0.00044916 secs using 99.96% CPU
Alignment has 175 sequences with 291 columns, 164 distinct patterns
106 parsimony-informative, 48 singleton sites, 137 constant sites
                                                                                                                                   Gap/Ambiguity  Composition  p-value
Analyzing sequences: done in 5.09303e-05 secs using 100.1% CPU
   1  NM_022685_2_Rattus_norvegicus_RRAD_and_GEM_like_GTPase_2_Rem2_mRNA_1                                                                30.93%    passed     79.45%
   2  NM_080726_3_Mus_musculus_rad_and_gem_related_GTP_binding_protein_2_Rem2_mRNA_1                                                      30.93%    passed     63.14%
   3  NM_173527_3_Homo_sapiens_RRAD_and_GEM_like_GTPase_2_REM2_mRNA_1                                                                     30.93%    passed     97.51%
   4  XM_009427474_3_PREDICTED_Pan_troglodytes_RRAD_and_GEM_like_GTPase_2_REM2_transcript_variant_X1_mRNA_1                               30.93%    passed     97.51%
   5  XM_005623217_4_PREDICTED_Canis_lupus_familiaris_RRAD_and_GEM_like_GTPase_2_REM2_transcript_variant_X1_mRNA_1                        30.93%    passed     76.14%
   6  NM_001192708_1_Bos_taurus_RRAD_and_GEM_like_GTPase_2_REM2_mRNA_2                                                                    30.93%    passed     98.07%
   7  XM_001100692_4_PREDICTED_Macaca_mulatta_RRAD_and_GEM_like_GTPase_2_REM2_mRNA_1                                                      30.93%    passed     99.19%
   8  XM_007479801_2_PREDICTED_Monodelphis_domestica_RAS_RAD_and_GEM_like_GTP_binding_2_REM2_mRNA_1                                       30.93%    passed     66.78%
   9  XM_023622024_1_PREDICTED_Equus_caballus_RRAD_and_GEM_like_GTPase_2_REM2_transcript_variant_X1_mRNA_1                                30.93%    passed     99.84%
  10  XM_051822640_1_PREDICTED_Oryctolagus_cuniculus_RRAD_and_GEM_like_GTPase_2_LOC100344089_mRNA_1                                       30.93%    passed     77.66%
  11  XM_035260095_1_PREDICTED_Callithrix_jacchus_RRAD_and_GEM_like_GTPase_2_REM2_transcript_variant_X1_mRNA_1                            30.93%    passed     97.52%
  12  XM_002824566_3_PREDICTED_Pongo_abelii_RRAD_and_GEM_like_GTPase_2_REM2_mRNA_1                                                        30.93%    passed     98.79%
  13  XM_003260595_2_PREDICTED_Nomascus_leucogenys_RRAD_and_GEM_like_GTPase_2_REM2_mRNA_1                                                 30.93%    passed     96.57%
  14  XM_021099265_1_PREDICTED_Sus_scrofa_RRAD_and_GEM_like_GTPase_2_REM2_transcript_variant_X1_mRNA_1                                    30.93%    passed     97.32%
  15  XM_003420937_2_PREDICTED_Loxodonta_africana_RRAD_and_GEM_like_GTPase_2_REM2_transcript_variant_X1_mRNA_1                            30.93%    passed     99.83%
  16  XM_029077766_2_PREDICTED_Ornithorhynchus_anatinus_RRAD_and_GEM_like_GTPase_2_REM2_mRNA_1                                            30.93%    failed      4.04%
  17  XM_023567007_1_PREDICTED_Cavia_porcellus_RRAD_and_GEM_like_GTPase_2_Rem2_transcript_variant_X2_mRNA_1                               30.93%    passed     99.44%
  18  XM_027390645_2_PREDICTED_Cricetulus_griseus_RRAD_and_GEM_like_GTPase_2_Rem2_transcript_variant_X2_mRNA_1                            30.93%    passed     86.46%
  19  XM_031955028_1_PREDICTED_Sarcophilus_harrisii_RRAD_and_GEM_like_GTPase_2_REM2_mRNA_1                                                30.93%    passed     29.49%
  20  XM_003801909_3_PREDICTED_Otolemur_garnettii_RRAD_and_GEM_like_GTPase_2_REM2_mRNA_1                                                  30.93%    passed     96.50%
  21  XM_008960213_2_PREDICTED_Pan_paniscus_RRAD_and_GEM_like_GTPase_2_REM2_transcript_variant_X1_mRNA_1                                  30.93%    passed     97.51%
  22  XM_003901565_5_PREDICTED_Papio_anubis_RRAD_and_GEM_like_GTPase_2_REM2_mRNA_1                                                        30.93%    passed     98.98%
  23  XM_003924335_3_PREDICTED_Saimiri_boliviensis_boliviensis_RRAD_and_GEM_like_GTPase_2_REM2_mRNA_1                                     30.93%    passed     95.53%
  24  XM_003987456_6_PREDICTED_Felis_catus_RRAD_and_GEM_like_GTPase_2_REM2_mRNA_1                                                         30.93%    passed     94.76%
  25  XM_027971647_2_PREDICTED_Ovis_aries_RRAD_and_GEM_like_GTPase_2_REM2_transcript_variant_X1_mRNA_1                                    30.93%    passed     92.40%
  26  XM_019009447_1_PREDICTED_Gorilla_gorilla_gorilla_RRAD_and_GEM_like_GTPase_2_REM2_transcript_variant_X1_mRNA_1                       30.93%    passed     98.98%
  27  XM_004283191_4_PREDICTED_Orcinus_orca_RRAD_and_GEM_like_GTPase_2_LOC101284288_transcript_variant_X1_mRNA_1                          30.93%    passed     98.44%
  28  XM_023724898_1_PREDICTED_Trichechus_manatus_latirostris_RRAD_and_GEM_like_GTPase_2_LOC101345257_transcript_variant_X1_mRNA_1         7.22%    passed     57.58%
  29  XM_004402108_1_PREDICTED_Odobenus_rosmarus_divergens_RAS_RAD_and_GEM_like_GTP_binding_2_REM2_mRNA_1                                 30.93%    passed     88.38%
  30  XM_004421250_2_PREDICTED_Ceratotherium_simum_simum_RAS_RAD_and_GEM_like_GTP_binding_2_LOC101388298_transcript_variant_X1_mRNA_1     30.93%    passed     90.05%
  31  XM_004474567_2_PREDICTED_Dasypus_novemcinctus_RRAD_and_GEM_like_GTPase_2_REM2_mRNA_1                                                30.93%    passed     94.06%
  32  XM_004584677_1_PREDICTED_Ochotona_princeps_RRAD_and_GEM_like_GTPase_2_REM2_mRNA_1                                                   30.93%    passed     82.39%
  33  XM_004609481_1_PREDICTED_Sorex_araneus_RAS_RAD_and_GEM_like_GTP_binding_2_REM2_mRNA_1                                               30.93%    passed     88.73%
  34  XM_004646648_2_PREDICTED_Octodon_degus_RRAD_and_GEM_like_GTPase_2_Rem2_transcript_variant_X1_mRNA_1                                 30.93%    passed     99.84%
  35  XM_045154677_1_PREDICTED_Jaculus_jaculus_RRAD_and_GEM_like_GTPase_2_Rem2_mRNA_1                                                     30.93%    passed     88.48%
  36  XM_004694658_2_PREDICTED_Condylura_cristata_RAS_RAD_and_GEM_like_GTP_binding_2_REM2_mRNA_1                                          30.93%    passed     98.82%
  37  XM_045287665_1_PREDICTED_Echinops_telfairi_RRAD_and_GEM_like_GTPase_2_REM2_mRNA_1                                                   30.93%    passed     93.43%
  38  XM_004755362_3_PREDICTED_Mustela_putorius_furo_RRAD_and_GEM_like_GTPase_2_REM2_transcript_variant_X1_mRNA_1                         30.93%    passed     84.37%
  39  XM_004864195_2_PREDICTED_Heterocephalus_glaber_RRAD_and_GEM_like_GTPase_2_Rem2_mRNA_1                                               30.93%    passed     88.50%
  40  XM_005085570_4_PREDICTED_Mesocricetus_auratus_RRAD_and_GEM_like_GTPase_2_Rem2_mRNA_1                                                30.93%    passed     96.48%
  41  XM_005338787_4_PREDICTED_Ictidomys_tridecemlineatus_RRAD_and_GEM_like_GTPase_2_Rem2_mRNA_1                                          30.93%    passed     97.20%
  42  XM_026777673_1_PREDICTED_Microtus_ochrogaster_RRAD_and_GEM_like_GTPase_2_Rem2_mRNA_1                                                30.93%    passed     99.51%
  43  XM_005377113_2_PREDICTED_Chinchilla_lanigera_RAS_RAD_and_GEM_like_GTP_binding_2_Rem2_mRNA_1                                         30.93%    passed     97.21%
  44  XM_005560816_3_PREDICTED_Macaca_fascicularis_RRAD_and_GEM_like_GTPase_2_REM2_mRNA_1                                                 30.93%    passed     98.98%
  45  XM_018054571_1_PREDICTED_Capra_hircus_RRAD_and_GEM_like_GTPase_2_REM2_transcript_variant_X1_mRNA_1                                  30.93%    passed     95.86%
  46  XM_025296072_3_PREDICTED_Bubalus_bubalis_RRAD_and_GEM_like_GTPase_2_REM2_transcript_variant_X4_mRNA_1                               30.93%    passed     98.29%
  47  XM_006144596_3_PREDICTED_Tupaia_chinensis_RRAD_and_GEM_like_GTPase_2_REM2_mRNA_1                                                    30.93%    passed     93.67%
  48  XM_032481695_1_PREDICTED_Camelus_ferus_RRAD_and_GEM_like_GTPase_2_REM2_transcript_variant_X1_mRNA_1                                 30.93%    passed     97.21%
  49  XM_031678770_1_PREDICTED_Vicugna_pacos_RRAD_and_GEM_like_GTPase_2_REM2_mRNA_1                                                       30.93%    passed     97.57%
  50  XM_031036681_1_PREDICTED_Leptonychotes_weddellii_RRAD_and_GEM_like_GTPase_2_REM2_transcript_variant_X1_mRNA_1                       30.93%    passed     90.47%
  51  XM_006835452_1_PREDICTED_Chrysochloris_asiatica_RAS_RAD_and_GEM_like_GTP_binding_2_REM2_mRNA_1                                      30.93%    passed     99.15%
  52  XM_006883133_1_PREDICTED_Elephantulus_edwardii_RAS_RAD_and_GEM_like_GTP_binding_2_REM2_mRNA_1                                       30.93%    passed     98.39%
  53  XM_006913609_2_PREDICTED_Pteropus_alecto_RRAD_and_GEM_like_GTPase_2_REM2_mRNA_1                                                     30.93%    passed     97.20%
  54  XM_006988484_2_PREDICTED_Peromyscus_maniculatus_bairdii_RRAD_and_GEM_like_GTPase_2_Rem2_mRNA_1                                      30.93%    passed     91.28%
  55  XM_007098093_3_PREDICTED_Panthera_tigris_RRAD_and_GEM_like_GTPase_2_REM2_transcript_variant_X3_mRNA_1                               30.93%    passed     77.94%
  56  XM_007100477_2_PREDICTED_Physeter_catodon_RRAD_and_GEM_like_GTPase_2_REM2_transcript_variant_X1_mRNA_1                              30.93%    passed     99.03%
  57  XM_007180539_1_PREDICTED_Balaenoptera_acutorostrata_scammoni_RRAD_and_GEM_like_GTPase_2_REM2_mRNA_1                                 30.93%    passed     99.03%
  58  XM_007449526_1_PREDICTED_Lipotes_vexillifer_RAS_RAD_and_GEM_like_GTP_binding_2_REM2_mRNA_1                                          30.93%    passed     94.45%
  59  XM_007536758_2_PREDICTED_Erinaceus_europaeus_RAS_RAD_and_GEM_like_GTP_binding_2_REM2_mRNA_1                                         30.93%    passed     97.21%
  60  XM_007951171_2_PREDICTED_Orycteropus_afer_afer_RRAD_and_GEM_like_GTPase_2_REM2_mRNA_1                                               30.93%    passed     76.48%
  61  XM_037987559_1_PREDICTED_Chlorocebus_sabaeus_RRAD_and_GEM_like_GTPase_2_REM2_transcript_variant_X1_mRNA_1                           30.93%    passed     99.19%
  62  XM_008065271_2_PREDICTED_Carlito_syrichta_RRAD_and_GEM_like_GTPase_2_REM2_mRNA_1                                                    30.93%    passed     82.00%
  63  XM_008528968_1_PREDICTED_Equus_przewalskii_RAS_RAD_and_GEM_like_GTP_binding_2_REM2_transcript_variant_X1_mRNA_1                     43.30%    failed      0.49%
  64  XM_008566551_1_PREDICTED_Galeopterus_variegatus_RAS_RAD_and_GEM_like_GTP_binding_2_REM2_mRNA_1                                      30.93%    passed     87.92%
  65  XM_040620901_1_PREDICTED_Ursus_maritimus_RRAD_and_GEM_like_GTPase_2_REM2_mRNA_3                                                     30.93%    passed     89.43%
  66  XM_008839903_2_PREDICTED_Nannospalax_galili_RRAD_and_GEM_like_GTPase_2_Rem2_transcript_variant_X1_mRNA_1                            30.93%    passed     99.41%
  67  XM_010378358_2_PREDICTED_Rhinopithecus_roxellana_RRAD_and_GEM_like_GTPase_2_REM2_mRNA_1                                             30.93%    passed     99.73%
  68  XM_033765070_1_PREDICTED_Fukomys_damarensis_RRAD_and_GEM_like_GTPase_2_Rem2_mRNA_1                                                  30.93%    passed     99.60%
  69  XM_010831252_1_PREDICTED_Bison_bison_bison_RAS_RAD_and_GEM_like_GTP_binding_2_REM2_mRNA_1                                           30.93%    passed     98.07%
  70  XM_031452725_1_PREDICTED_Camelus_dromedarius_RRAD_and_GEM_like_GTPase_2_REM2_mRNA_1                                                 30.93%    passed     97.21%
  71  XM_011372778_2_PREDICTED_Pteropus_vampyrus_RRAD_and_GEM_like_GTPase_2_REM2_mRNA_1                                                   30.93%    passed     97.20%
  72  XM_011772352_2_PREDICTED_Macaca_nemestrina_RRAD_and_GEM_like_GTPase_2_REM2_mRNA_1                                                   30.93%    passed     98.98%
  73  XM_011930962_1_PREDICTED_Colobus_angolensis_palliatus_RAS_RAD_and_GEM_like_GTP_binding_2_REM2_mRNA_1                                51.55%    passed     10.19%
  74  XM_011990630_1_PREDICTED_Mandrillus_leucophaeus_RAS_RAD_and_GEM_like_GTP_binding_2_REM2_mRNA_1                                      30.93%    passed     98.98%
  75  XM_012088533_1_PREDICTED_Cercocebus_atys_RAS_RAD_and_GEM_like_GTP_binding_2_REM2_mRNA_1                                             30.93%    passed     98.98%
  76  XM_012466673_1_PREDICTED_Aotus_nancymaae_RRAD_and_GEM_like_GTPase_2_REM2_mRNA_1                                                     30.93%    passed     97.57%
  77  XM_012649447_1_PREDICTED_Propithecus_coquereli_RAS_RAD_and_GEM_like_GTP_binding_2_REM2_mRNA_1                                       30.93%    passed     97.89%
  78  XM_012752689_1_PREDICTED_Microcebus_murinus_RRAD_and_GEM_like_GTPase_2_REM2_transcript_variant_X1_mRNA_1                            30.93%    passed     81.78%
  79  XM_013025368_1_PREDICTED_Dipodomys_ordii_RAS_RAD_and_GEM_like_GTP_binding_2_Rem2_mRNA_1                                             30.93%    passed     42.62%
  80  XM_014856335_2_PREDICTED_Equus_asinus_RRAD_and_GEM_like_GTPase_2_REM2_transcript_variant_X1_mRNA_1                                  30.93%    passed     99.84%
  81  XM_015086639_2_PREDICTED_Acinonyx_jubatus_RRAD_and_GEM_like_GTPase_2_REM2_mRNA_1                                                    30.93%    passed     89.49%
  82  XM_015492848_2_PREDICTED_Marmota_marmota_marmota_RRAD_and_GEM_like_GTPase_2_Rem2_mRNA_1                                             30.93%    passed     97.20%
  83  XM_016120537_2_PREDICTED_Rousettus_aegyptiacus_RRAD_and_GEM_like_GTPase_2_REM2_mRNA_1                                               30.93%    passed     97.20%
  84  XM_016205757_1_PREDICTED_Miniopterus_natalensis_RAS_RAD_and_GEM_like_GTP_binding_2_REM2_mRNA_1                                      30.93%    passed     99.87%
  85  XM_017544499_2_PREDICTED_Cebus_imitator_RRAD_and_GEM_like_GTPase_2_REM2_transcript_variant_X1_mRNA_1                                30.93%    passed     99.24%
  86  XM_017665172_2_PREDICTED_Manis_javanica_RRAD_and_GEM_like_GTPase_2_REM2_transcript_variant_X1_mRNA_1                                30.93%    passed     95.29%
  87  XM_017864286_1_PREDICTED_Rhinopithecus_bieti_RRAD_and_GEM_like_GTPase_2_REM2_mRNA_1                                                 30.93%    passed     99.73%
  88  XM_019429463_1_PREDICTED_Panthera_pardus_RRAD_and_GEM_like_GTPase_2_REM2_mRNA_1                                                     30.93%    passed     86.91%
  89  XM_019663177_1_PREDICTED_Hipposideros_armiger_RRAD_and_GEM_like_GTPase_2_REM2_mRNA_1                                                30.93%    passed     97.72%
  90  XM_019968374_1_PREDICTED_Bos_indicus_RRAD_and_GEM_like_GTPase_2_REM2_mRNA_1                                                         30.93%    passed     98.07%
  91  XM_020162859_1_PREDICTED_Castor_canadensis_RRAD_and_GEM_like_GTPase_2_Rem2_mRNA_1                                                   30.93%    passed     99.19%
  92  XM_020909415_1_PREDICTED_Odocoileus_virginianus_texanus_RRAD_and_GEM_like_GTPase_2_REM2_transcript_variant_X1_mRNA_1                30.93%    passed     99.95%
  93  XM_021008842_1_PREDICTED_Phascolarctos_cinereus_RRAD_and_GEM_like_GTPase_2_REM2_transcript_variant_X1_mRNA_1                        30.93%    passed     48.25%
  94  XM_021182512_1_PREDICTED_Mus_caroli_RRAD_and_GEM_like_GTPase_2_Rem2_mRNA_1                                                          30.93%    passed     54.65%
  95  XM_021203619_1_PREDICTED_Mus_pahari_RRAD_and_GEM_like_GTPase_2_Rem2_mRNA_1                                                          30.93%    passed     64.62%
  96  XM_021639619_1_PREDICTED_Meriones_unguiculatus_RRAD_and_GEM_like_GTPase_2_Rem2_mRNA_1                                               30.93%    passed     98.89%
  97  XM_021695575_1_PREDICTED_Neomonachus_schauinslandi_RRAD_and_GEM_like_GTPase_2_REM2_mRNA_1                                           30.93%    passed     84.37%
  98  XM_022520471_1_PREDICTED_Enhydra_lutris_kenyoni_RRAD_and_GEM_like_GTPase_2_LOC111158448_mRNA_1                                      30.93%    passed     90.00%
  99  XM_022553601_2_PREDICTED_Delphinapterus_leucas_RRAD_and_GEM_like_GTPase_2_REM2_mRNA_1                                               30.93%    passed     97.37%
 100  XM_023230440_1_PREDICTED_Piliocolobus_tephrosceles_RRAD_and_GEM_like_GTPase_2_REM2_transcript_variant_X1_mRNA_1                     30.93%    passed     99.84%
 101  XM_024741692_1_PREDICTED_Neophocaena_asiaeorientalis_asiaeorientalis_RRAD_and_GEM_like_GTPase_2_REM2_transcript_variant_X1_mRNA_1   30.93%    passed     97.37%
 102  XM_025392475_1_PREDICTED_Theropithecus_gelada_RRAD_and_GEM_like_GTPase_2_REM2_mRNA_1                                                30.93%    passed     98.98%
 103  XM_025442827_3_PREDICTED_Canis_lupus_dingo_RRAD_and_GEM_like_GTPase_2_REM2_transcript_variant_X1_mRNA_1                             30.93%    passed     76.14%
 104  XM_025870359_1_PREDICTED_Callorhinus_ursinus_RRAD_and_GEM_like_GTPase_2_REM2_mRNA_1                                                 30.93%    passed     94.14%
 105  XM_025919283_1_PREDICTED_Puma_concolor_RRAD_and_GEM_like_GTPase_2_REM2_mRNA_1                                                       30.93%    passed     94.76%
 106  XM_026007504_1_PREDICTED_Vulpes_vulpes_RRAD_and_GEM_like_GTPase_2_REM2_transcript_variant_X1_mRNA_1                                 30.93%    passed     76.75%
 107  XM_026406123_1_PREDICTED_Urocitellus_parryii_RRAD_and_GEM_like_GTPase_2_Rem2_mRNA_1                                                 30.93%    passed     96.91%
 108  XM_027110778_1_PREDICTED_Lagenorhynchus_obliquidens_RRAD_and_GEM_like_GTPase_2_REM2_transcript_variant_X1_mRNA_1                    30.93%    passed     97.20%
 109  XM_027553330_1_PREDICTED_Bos_indicus_x_Bos_taurus_RRAD_and_GEM_like_GTPase_2_REM2_mRNA_1                                            30.93%    passed     98.07%
 110  XM_027571459_2_PREDICTED_Zalophus_californianus_RRAD_and_GEM_like_GTPase_2_REM2_mRNA_2                                              30.93%    passed     94.14%
 111  XM_027843188_1_PREDICTED_Vombatus_ursinus_RRAD_and_GEM_like_GTPase_2_REM2_transcript_variant_X2_mRNA_1                              30.93%    passed     36.18%
 112  XM_027920156_1_PREDICTED_Marmota_flaviventris_RRAD_and_GEM_like_GTPase_2_Rem2_transcript_variant_X1_mRNA_1                          30.93%    passed     97.20%
 113  XM_028507134_2_PREDICTED_Phyllostomus_discolor_RRAD_and_GEM_like_GTPase_2_REM2_mRNA_1                                               30.93%    passed     99.94%
 114  XM_028788542_1_PREDICTED_Grammomys_surdaster_RRAD_and_GEM_like_GTPase_2_Rem2_mRNA_1                                                 30.93%    passed     81.67%
 115  XM_028892240_2_PREDICTED_Peromyscus_leucopus_RRAD_and_GEM_like_GTPase_2_Rem2_mRNA_1                                                 30.93%    passed     88.87%
 116  XM_029237411_1_PREDICTED_Monodon_monoceros_RRAD_and_GEM_like_GTPase_2_REM2_mRNA_1                                                   30.93%    passed     95.98%
 117  XM_029952605_1_PREDICTED_Suricata_suricatta_RRAD_and_GEM_like_GTPase_2_REM2_mRNA_1                                                  30.93%    passed     93.36%
 118  XM_030318679_1_PREDICTED_Lynx_canadensis_RRAD_and_GEM_like_GTPase_2_REM2_mRNA_1                                                     30.93%    passed     89.87%
 119  XM_030854517_1_PREDICTED_Globicephala_melas_RRAD_and_GEM_like_GTPase_2_REM2_transcript_variant_X1_mRNA_1                            30.93%    passed     98.89%
 120  XM_031361298_1_PREDICTED_Mastomys_coucha_RRAD_and_GEM_like_GTPase_2_Rem2_mRNA_1                                                     30.93%    passed     80.98%
 121  XM_032179928_1_PREDICTED_Hylobates_moloch_RRAD_and_GEM_like_GTPase_2_REM2_mRNA_1                                                    30.93%    passed     98.77%
 122  XM_032265550_1_PREDICTED_Sapajus_apella_RRAD_and_GEM_like_GTPase_2_REM2_transcript_variant_X1_mRNA_1                                30.93%    passed     99.24%
 123  XM_032343807_1_PREDICTED_Mustela_erminea_RRAD_and_GEM_like_GTPase_2_REM2_transcript_variant_X1_mRNA_1                               30.93%    passed     90.47%
 124  XM_032404536_1_PREDICTED_Phoca_vitulina_RRAD_and_GEM_like_GTPase_2_REM2_mRNA_1                                                      30.93%    passed     90.31%
 125  XM_032622712_1_PREDICTED_Phocoena_sinus_RRAD_and_GEM_like_GTPase_2_REM2_mRNA_1                                                      30.93%    passed     97.37%
 126  XM_032856406_1_PREDICTED_Lontra_canadensis_RRAD_and_GEM_like_GTPase_2_REM2_transcript_variant_X1_mRNA_1                             30.93%    passed     97.51%
 127  XM_032918139_1_PREDICTED_Rattus_rattus_RRAD_and_GEM_like_GTPase_2_Rem2_mRNA_1                                                       30.93%    passed     72.85%
 128  XM_033107547_1_PREDICTED_Rhinolophus_ferrumequinum_RRAD_and_GEM_like_GTPase_2_LOC117023075_transcript_variant_X1_mRNA_1             30.93%    passed     98.42%
 129  XM_033188604_1_PREDICTED_Trachypithecus_francoisi_RRAD_and_GEM_like_GTPase_2_REM2_mRNA_1                                            30.93%    passed     99.73%
 130  XM_033851357_1_PREDICTED_Tursiops_truncatus_RRAD_and_GEM_like_GTPase_2_REM2_transcript_variant_X1_mRNA_1                            30.93%    passed     98.44%
 131  XM_034498612_1_PREDICTED_Arvicanthis_niloticus_RRAD_and_GEM_like_GTPase_2_Rem2_mRNA_1                                               30.93%    passed     78.17%
 132  XM_034994691_1_PREDICTED_Mirounga_leonina_RRAD_and_GEM_like_GTPase_2_REM2_mRNA_1                                                    30.93%    passed     84.52%
 133  XM_036114829_1_PREDICTED_Halichoerus_grypus_RRAD_and_GEM_like_GTPase_2_REM2_transcript_variant_X1_mRNA_1                            30.93%    passed     90.31%
 134  XM_036199393_1_PREDICTED_Onychomys_torridus_RRAD_and_GEM_like_GTPase_2_Rem2_mRNA_1                                                  30.93%    passed     84.19%
 135  XM_036355955_1_PREDICTED_Myotis_myotis_RRAD_and_GEM_like_GTPase_2_REM2_transcript_variant_X1_mRNA_1                                 30.93%    passed     96.84%
 136  XM_036737107_1_PREDICTED_Trichosurus_vulpecula_RRAD_and_GEM_like_GTPase_2_REM2_mRNA_1                                               30.93%    passed     36.13%
 137  XM_036842027_1_PREDICTED_Balaenoptera_musculus_RRAD_and_GEM_like_GTPase_2_REM2_mRNA_1                                               30.93%    passed     99.03%
 138  XM_036884595_1_PREDICTED_Manis_pentadactyla_RRAD_and_GEM_like_GTPase_2_REM2_transcript_variant_X1_mRNA_1                            30.93%    passed     87.29%
 139  XM_037037712_1_PREDICTED_Sturnira_hondurensis_RRAD_and_GEM_like_GTPase_2_REM2_mRNA_1                                                30.93%    passed     95.77%
 140  XM_037129407_1_PREDICTED_Artibeus_jamaicensis_RRAD_and_GEM_like_GTPase_2_REM2_mRNA_1                                                30.93%    passed     98.15%
 141  XM_037503036_1_PREDICTED_Talpa_occidentalis_RRAD_and_GEM_like_GTPase_2_REM2_mRNA_1                                                  30.93%    passed     99.87%
 142  XM_037835533_1_PREDICTED_Choloepus_didactylus_RRAD_and_GEM_like_GTPase_2_REM2_transcript_variant_X1_mRNA_1                          30.93%    passed     95.78%
 143  XM_038310306_1_PREDICTED_Arvicola_amphibius_RRAD_and_GEM_like_GTPase_2_Rem2_mRNA_1                                                  30.93%    passed     97.89%
 144  XM_038741379_1_PREDICTED_Tachyglossus_aculeatus_RRAD_and_GEM_like_GTPase_2_REM2_mRNA_1                                              30.93%    failed      3.28%
 145  XM_039245203_1_PREDICTED_Hyaena_hyaena_RRAD_and_GEM_like_GTPase_2_REM2_transcript_variant_X1_mRNA_1                                 30.93%    passed     73.98%
 146  XM_039851849_1_PREDICTED_Pteropus_giganteus_RRAD_and_GEM_like_GTPase_2_REM2_mRNA_1                                                  30.93%    passed     97.20%
 147  XM_040227220_1_PREDICTED_Oryx_dammah_RRAD_and_GEM_like_GTPase_2_REM2_transcript_variant_X1_mRNA_1                                   30.93%    passed     99.73%
 148  XM_040969296_1_PREDICTED_Ochotona_curzoniae_RRAD_and_GEM_like_GTPase_2_REM2_mRNA_1                                                  30.93%    passed     58.59%
 149  XM_041634112_1_PREDICTED_Microtus_oregoni_RRAD_and_GEM_like_GTPase_2_Rem2_mRNA_1                                                    30.93%    passed     99.15%
 150  XM_041758862_1_PREDICTED_Vulpes_lagopus_RRAD_and_GEM_like_GTPase_2_REM2_transcript_variant_X1_mRNA_1                                30.93%    passed     76.75%
 151  XM_042686425_1_PREDICTED_Dipodomys_spectabilis_RRAD_and_GEM_like_GTPase_2_Rem2_mRNA_1                                               30.93%    passed     42.62%
 152  XM_042942694_1_PREDICTED_Panthera_leo_RRAD_and_GEM_like_GTPase_2_REM2_transcript_variant_X1_mRNA_1                                  30.93%    passed     86.91%
 153  XM_043471209_1_PREDICTED_Cervus_canadensis_RRAD_and_GEM_like_GTPase_2_REM2_transcript_variant_X1_mRNA_1                             30.93%    passed     99.73%
 154  XM_043555763_1_PREDICTED_Prionailurus_bengalensis_RRAD_and_GEM_like_GTPase_2_REM2_mRNA_1                                            30.93%    passed     89.49%
 155  XM_043919551_1_PREDICTED_Cervus_elaphus_RRAD_and_GEM_like_GTPase_2_REM2_transcript_variant_X1_mRNA_1                                30.93%    passed     99.73%
 156  XM_043980377_1_PREDICTED_Dromiciops_gliroides_RRAD_and_GEM_like_GTPase_2_REM2_transcript_variant_X1_mRNA_1                          30.93%    passed     53.16%
 157  XM_044662280_1_PREDICTED_Gracilinanus_agilis_RRAD_and_GEM_like_GTPase_2_REM2_transcript_variant_X1_mRNA_1                           30.93%    passed     55.29%
 158  XM_045450372_1_PREDICTED_Leopardus_geoffroyi_RRAD_and_GEM_like_GTPase_2_REM2_mRNA_1                                                 30.93%    passed     97.52%
 159  XM_045525960_1_PREDICTED_Lemur_catta_RRAD_and_GEM_like_GTPase_2_REM2_transcript_variant_X1_mRNA_1                                   30.93%    passed     96.24%
 160  XM_045841219_1_PREDICTED_Phyllostomus_hastatus_RRAD_and_GEM_like_GTPase_2_REM2_mRNA_1                                               30.93%    passed     99.94%
 161  XM_045900528_1_PREDICTED_Mirounga_angustirostris_RRAD_and_GEM_like_GTPase_2_REM2_mRNA_1                                             30.93%    passed     78.23%
 162  XM_046008309_1_PREDICTED_Meles_meles_RRAD_and_GEM_like_GTPase_2_REM2_transcript_variant_X1_mRNA_1                                   30.93%    passed     99.01%
 163  XM_046465107_1_PREDICTED_Marmota_monax_RRAD_and_GEM_like_GTPase_2_Rem2_mRNA_1                                                       30.93%    passed     97.20%
 164  XM_046653592_1_PREDICTED_Equus_quagga_GTP_binding_protein_REM_2_LOC124235489_transcript_variant_X1_mRNA_1                           30.93%    passed     99.84%
 165  XM_048362803_1_PREDICTED_Perognathus_longimembris_pacificus_RRAD_and_GEM_like_GTPase_2_Rem2_mRNA_1                                  30.93%    passed     96.38%
 166  XM_048444987_1_PREDICTED_Myodes_glareolus_RRAD_and_GEM_like_GTPase_2_Rem2_mRNA_1                                                    30.93%    passed     98.93%
 167  XM_049613126_1_PREDICTED_Panthera_uncia_RRAD_and_GEM_like_GTPase_2_REM2_transcript_variant_X1_mRNA_1                                30.93%    passed     86.91%
 168  XM_049768637_1_PREDICTED_Suncus_etruscus_RRAD_and_GEM_like_GTPase_2_LOC126001377_mRNA_1                                             30.93%    passed     73.21%
 169  XM_049899603_1_PREDICTED_Elephas_maximus_indicus_RRAD_and_GEM_like_GTPase_2_LOC126084786_transcript_variant_X1_mRNA_1               30.93%    passed     99.55%
 170  XM_050126229_1_PREDICTED_Microtus_fortis_RRAD_and_GEM_like_GTPase_2_LOC126490927_mRNA_1                                             30.93%    passed     97.89%
 171  XM_050796554_1_PREDICTED_Macaca_thibetana_thibetana_RRAD_and_GEM_like_GTPase_2_LOC126958288_mRNA_1                                  30.93%    passed     98.98%
 172  XM_051143407_1_PREDICTED_Acomys_russatus_RRAD_and_GEM_like_GTPase_2_LOC127187235_mRNA_1                                             30.93%    passed     81.42%
 173  XM_051195738_1_PREDICTED_Phodopus_roborovskii_RRAD_and_GEM_like_GTPase_2_LOC127230422_mRNA_1                                        30.93%    passed     74.50%
 174  XM_051980438_1_PREDICTED_Antechinus_flavipes_RRAD_and_GEM_like_GTPase_2_LOC127551038_mRNA_1                                         30.93%    passed     35.27%
 175  XM_052190525_1_PREDICTED_Apodemus_sylvaticus_RRAD_and_GEM_like_GTPase_2_LOC127690950_mRNA_1                                         30.93%    passed     86.40%
WARNING: 1 sequences contain more than 50% gaps/ambiguity
****  TOTAL                                                                                                                               30.98%  3 sequences failed composition chi2 test (p-value<5%; df=3)
NOTE: XM_009427474_3_PREDICTED_Pan_troglodytes_RRAD_and_GEM_like_GTPase_2_REM2_transcript_variant_X1_mRNA_1 is identical to NM_173527_3_Homo_sapiens_RRAD_and_GEM_like_GTPase_2_REM2_mRNA_1 but kept for subsequent analysis
NOTE: XM_025442827_3_PREDICTED_Canis_lupus_dingo_RRAD_and_GEM_like_GTPase_2_REM2_transcript_variant_X1_mRNA_1 is identical to XM_005623217_4_PREDICTED_Canis_lupus_familiaris_RRAD_and_GEM_like_GTPase_2_REM2_transcript_variant_X1_mRNA_1 but kept for subsequent analysis
NOTE: XM_010831252_1_PREDICTED_Bison_bison_bison_RAS_RAD_and_GEM_like_GTP_binding_2_REM2_mRNA_1 is identical to NM_001192708_1_Bos_taurus_RRAD_and_GEM_like_GTPase_2_REM2_mRNA_2 but kept for subsequent analysis
NOTE: XM_014856335_2_PREDICTED_Equus_asinus_RRAD_and_GEM_like_GTPase_2_REM2_transcript_variant_X1_mRNA_1 is identical to XM_023622024_1_PREDICTED_Equus_caballus_RRAD_and_GEM_like_GTPase_2_REM2_transcript_variant_X1_mRNA_1 but kept for subsequent analysis
NOTE: XM_005560816_3_PREDICTED_Macaca_fascicularis_RRAD_and_GEM_like_GTPase_2_REM2_mRNA_1 is identical to XM_003901565_5_PREDICTED_Papio_anubis_RRAD_and_GEM_like_GTPase_2_REM2_mRNA_1 but kept for subsequent analysis
NOTE: XM_025919283_1_PREDICTED_Puma_concolor_RRAD_and_GEM_like_GTPase_2_REM2_mRNA_1 is identical to XM_003987456_6_PREDICTED_Felis_catus_RRAD_and_GEM_like_GTPase_2_REM2_mRNA_1 but kept for subsequent analysis
NOTE: XM_033851357_1_PREDICTED_Tursiops_truncatus_RRAD_and_GEM_like_GTPase_2_REM2_transcript_variant_X1_mRNA_1 is identical to XM_004283191_4_PREDICTED_Orcinus_orca_RRAD_and_GEM_like_GTPase_2_LOC101284288_transcript_variant_X1_mRNA_1 but kept for subsequent analysis
NOTE: XM_015492848_2_PREDICTED_Marmota_marmota_marmota_RRAD_and_GEM_like_GTPase_2_Rem2_mRNA_1 is identical to XM_005338787_4_PREDICTED_Ictidomys_tridecemlineatus_RRAD_and_GEM_like_GTPase_2_Rem2_mRNA_1 but kept for subsequent analysis
NOTE: XM_031452725_1_PREDICTED_Camelus_dromedarius_RRAD_and_GEM_like_GTPase_2_REM2_mRNA_1 is identical to XM_032481695_1_PREDICTED_Camelus_ferus_RRAD_and_GEM_like_GTPase_2_REM2_transcript_variant_X1_mRNA_1 but kept for subsequent analysis
NOTE: XM_011372778_2_PREDICTED_Pteropus_vampyrus_RRAD_and_GEM_like_GTPase_2_REM2_mRNA_1 is identical to XM_006913609_2_PREDICTED_Pteropus_alecto_RRAD_and_GEM_like_GTPase_2_REM2_mRNA_1 but kept for subsequent analysis
NOTE: XM_007180539_1_PREDICTED_Balaenoptera_acutorostrata_scammoni_RRAD_and_GEM_like_GTPase_2_REM2_mRNA_1 is identical to XM_007100477_2_PREDICTED_Physeter_catodon_RRAD_and_GEM_like_GTPase_2_REM2_transcript_variant_X1_mRNA_1 but kept for subsequent analysis
NOTE: XM_017864286_1_PREDICTED_Rhinopithecus_bieti_RRAD_and_GEM_like_GTPase_2_REM2_mRNA_1 is identical to XM_010378358_2_PREDICTED_Rhinopithecus_roxellana_RRAD_and_GEM_like_GTPase_2_REM2_mRNA_1 but kept for subsequent analysis
NOTE: XM_042686425_1_PREDICTED_Dipodomys_spectabilis_RRAD_and_GEM_like_GTPase_2_Rem2_mRNA_1 is identical to XM_013025368_1_PREDICTED_Dipodomys_ordii_RAS_RAD_and_GEM_like_GTP_binding_2_Rem2_mRNA_1 but kept for subsequent analysis
NOTE: XM_043555763_1_PREDICTED_Prionailurus_bengalensis_RRAD_and_GEM_like_GTPase_2_REM2_mRNA_1 is identical to XM_015086639_2_PREDICTED_Acinonyx_jubatus_RRAD_and_GEM_like_GTPase_2_REM2_mRNA_1 but kept for subsequent analysis
NOTE: XM_032265550_1_PREDICTED_Sapajus_apella_RRAD_and_GEM_like_GTPase_2_REM2_transcript_variant_X1_mRNA_1 is identical to XM_017544499_2_PREDICTED_Cebus_imitator_RRAD_and_GEM_like_GTPase_2_REM2_transcript_variant_X1_mRNA_1 but kept for subsequent analysis
NOTE: XM_042942694_1_PREDICTED_Panthera_leo_RRAD_and_GEM_like_GTPase_2_REM2_transcript_variant_X1_mRNA_1 is identical to XM_019429463_1_PREDICTED_Panthera_pardus_RRAD_and_GEM_like_GTPase_2_REM2_mRNA_1 but kept for subsequent analysis
NOTE: XM_024741692_1_PREDICTED_Neophocaena_asiaeorientalis_asiaeorientalis_RRAD_and_GEM_like_GTPase_2_REM2_transcript_variant_X1_mRNA_1 is identical to XM_022553601_2_PREDICTED_Delphinapterus_leucas_RRAD_and_GEM_like_GTPase_2_REM2_mRNA_1 but kept for subsequent analysis
NOTE: XM_027571459_2_PREDICTED_Zalophus_californianus_RRAD_and_GEM_like_GTPase_2_REM2_mRNA_2 is identical to XM_025870359_1_PREDICTED_Callorhinus_ursinus_RRAD_and_GEM_like_GTPase_2_REM2_mRNA_1 but kept for subsequent analysis
NOTE: XM_041758862_1_PREDICTED_Vulpes_lagopus_RRAD_and_GEM_like_GTPase_2_REM2_transcript_variant_X1_mRNA_1 is identical to XM_026007504_1_PREDICTED_Vulpes_vulpes_RRAD_and_GEM_like_GTPase_2_REM2_transcript_variant_X1_mRNA_1 but kept for subsequent analysis
NOTE: XM_045841219_1_PREDICTED_Phyllostomus_hastatus_RRAD_and_GEM_like_GTPase_2_REM2_mRNA_1 is identical to XM_028507134_2_PREDICTED_Phyllostomus_discolor_RRAD_and_GEM_like_GTPase_2_REM2_mRNA_1 but kept for subsequent analysis
NOTE: XM_036114829_1_PREDICTED_Halichoerus_grypus_RRAD_and_GEM_like_GTPase_2_REM2_transcript_variant_X1_mRNA_1 is identical to XM_032404536_1_PREDICTED_Phoca_vitulina_RRAD_and_GEM_like_GTPase_2_REM2_mRNA_1 but kept for subsequent analysis
NOTE: XM_043919551_1_PREDICTED_Cervus_elaphus_RRAD_and_GEM_like_GTPase_2_REM2_transcript_variant_X1_mRNA_1 is identical to XM_043471209_1_PREDICTED_Cervus_canadensis_RRAD_and_GEM_like_GTPase_2_REM2_transcript_variant_X1_mRNA_1 but kept for subsequent analysis
Checking for duplicate sequences: done in 0.00036926 secs using 99.66% CPU
Identifying sites to remove: done in 0.000460491 secs using 99.89% CPU
NOTE: 16 identical sequences (see below) will be ignored for subsequent analysis
NOTE: XM_008960213_2_PREDICTED_Pan_paniscus_RRAD_and_GEM_like_GTPase_2_REM2_transcript_variant_X1_mRNA_1 (identical to NM_173527_3_Homo_sapiens_RRAD_and_GEM_like_GTPase_2_REM2_mRNA_1) is ignored but added at the end
NOTE: XM_019968374_1_PREDICTED_Bos_indicus_RRAD_and_GEM_like_GTPase_2_REM2_mRNA_1 (identical to NM_001192708_1_Bos_taurus_RRAD_and_GEM_like_GTPase_2_REM2_mRNA_2) is ignored but added at the end
NOTE: XM_027553330_1_PREDICTED_Bos_indicus_x_Bos_taurus_RRAD_and_GEM_like_GTPase_2_REM2_mRNA_1 (identical to NM_001192708_1_Bos_taurus_RRAD_and_GEM_like_GTPase_2_REM2_mRNA_2) is ignored but added at the end
NOTE: XM_046653592_1_PREDICTED_Equus_quagga_GTP_binding_protein_REM_2_LOC124235489_transcript_variant_X1_mRNA_1 (identical to XM_023622024_1_PREDICTED_Equus_caballus_RRAD_and_GEM_like_GTPase_2_REM2_transcript_variant_X1_mRNA_1) is ignored but added at the end
NOTE: XM_011772352_2_PREDICTED_Macaca_nemestrina_RRAD_and_GEM_like_GTPase_2_REM2_mRNA_1 (identical to XM_003901565_5_PREDICTED_Papio_anubis_RRAD_and_GEM_like_GTPase_2_REM2_mRNA_1) is ignored but added at the end
NOTE: XM_011990630_1_PREDICTED_Mandrillus_leucophaeus_RAS_RAD_and_GEM_like_GTP_binding_2_REM2_mRNA_1 (identical to XM_003901565_5_PREDICTED_Papio_anubis_RRAD_and_GEM_like_GTPase_2_REM2_mRNA_1) is ignored but added at the end
NOTE: XM_012088533_1_PREDICTED_Cercocebus_atys_RAS_RAD_and_GEM_like_GTP_binding_2_REM2_mRNA_1 (identical to XM_003901565_5_PREDICTED_Papio_anubis_RRAD_and_GEM_like_GTPase_2_REM2_mRNA_1) is ignored but added at the end
NOTE: XM_025392475_1_PREDICTED_Theropithecus_gelada_RRAD_and_GEM_like_GTPase_2_REM2_mRNA_1 (identical to XM_003901565_5_PREDICTED_Papio_anubis_RRAD_and_GEM_like_GTPase_2_REM2_mRNA_1) is ignored but added at the end
NOTE: XM_050796554_1_PREDICTED_Macaca_thibetana_thibetana_RRAD_and_GEM_like_GTPase_2_LOC126958288_mRNA_1 (identical to XM_003901565_5_PREDICTED_Papio_anubis_RRAD_and_GEM_like_GTPase_2_REM2_mRNA_1) is ignored but added at the end
NOTE: XM_027920156_1_PREDICTED_Marmota_flaviventris_RRAD_and_GEM_like_GTPase_2_Rem2_transcript_variant_X1_mRNA_1 (identical to XM_005338787_4_PREDICTED_Ictidomys_tridecemlineatus_RRAD_and_GEM_like_GTPase_2_Rem2_mRNA_1) is ignored but added at the end
NOTE: XM_046465107_1_PREDICTED_Marmota_monax_RRAD_and_GEM_like_GTPase_2_Rem2_mRNA_1 (identical to XM_005338787_4_PREDICTED_Ictidomys_tridecemlineatus_RRAD_and_GEM_like_GTPase_2_Rem2_mRNA_1) is ignored but added at the end
NOTE: XM_039851849_1_PREDICTED_Pteropus_giganteus_RRAD_and_GEM_like_GTPase_2_REM2_mRNA_1 (identical to XM_006913609_2_PREDICTED_Pteropus_alecto_RRAD_and_GEM_like_GTPase_2_REM2_mRNA_1) is ignored but added at the end
NOTE: XM_036842027_1_PREDICTED_Balaenoptera_musculus_RRAD_and_GEM_like_GTPase_2_REM2_mRNA_1 (identical to XM_007100477_2_PREDICTED_Physeter_catodon_RRAD_and_GEM_like_GTPase_2_REM2_transcript_variant_X1_mRNA_1) is ignored but added at the end
NOTE: XM_033188604_1_PREDICTED_Trachypithecus_francoisi_RRAD_and_GEM_like_GTPase_2_REM2_mRNA_1 (identical to XM_010378358_2_PREDICTED_Rhinopithecus_roxellana_RRAD_and_GEM_like_GTPase_2_REM2_mRNA_1) is ignored but added at the end
NOTE: XM_049613126_1_PREDICTED_Panthera_uncia_RRAD_and_GEM_like_GTPase_2_REM2_transcript_variant_X1_mRNA_1 (identical to XM_019429463_1_PREDICTED_Panthera_pardus_RRAD_and_GEM_like_GTPase_2_REM2_mRNA_1) is ignored but added at the end
NOTE: XM_032622712_1_PREDICTED_Phocoena_sinus_RRAD_and_GEM_like_GTPase_2_REM2_mRNA_1 (identical to XM_022553601_2_PREDICTED_Delphinapterus_leucas_RRAD_and_GEM_like_GTPase_2_REM2_mRNA_1) is ignored but added at the end
Alignment was printed to /home/aglucaci/AOC-REM2/results/mammalian_REM2/mammalian_REM2.3.codon.fas.uniqueseq.phy

For your convenience alignment with unique sequences printed to /home/aglucaci/AOC-REM2/results/mammalian_REM2/mammalian_REM2.3.codon.fas.uniqueseq.phy


Create initial parsimony tree by phylogenetic likelihood library (PLL)... 0.011 seconds
Measuring multi-threading efficiency up to 1 CPU cores
Increase to 10 rounds for branch lengths
20 trees examined
Threads: 1 / Time: 1.045 sec / Speedup: 1.000 / Efficiency: 100% / LogL: -7835
Determining AUTO threadcount: done in 1.045 secs using 97.21% CPU
BEST NUMBER OF THREADS: 1

Perform fast likelihood tree search using GTR+I+G model...
Estimate model parameters (epsilon = 5.000)
Perform nearest neighbor interchange...
Optimizing NNI: done in 0.243511 secs using 96.7% CPU
Estimate model parameters (epsilon = 1.000)
1. Initial log-likelihood: -3997.197
Optimal log-likelihood: -3996.745
Rate parameters:  A-C: 1.38907  A-G: 3.96393  A-T: 1.16311  C-G: 0.56344  C-T: 4.28235  G-T: 1.00000
Base frequencies:  A: 0.197  C: 0.314  G: 0.287  T: 0.202
Proportion of invariable sites: 0.138
Gamma shape alpha: 0.561
Parameters optimization took 1 rounds (0.044 sec)
Time for fast ML tree search: 0.485 seconds

NOTE: ModelFinder requires 8 MB RAM!
ModelFinder will test up to 484 DNA models (sample size: 291) ...
 No. Model         -LnL         df  AIC          AICc         BIC
Measuring multi-threading efficiency up to 1 CPU cores
Increase to 10 rounds for branch lengths
44 trees examined
Threads: 1 / Time: 1.007 sec / Speedup: 1.000 / Efficiency: 100% / LogL: -9057
Determining AUTO threadcount: done in 1.00702 secs using 95.72% CPU
BEST NUMBER OF THREADS: 1

  1  GTR+F         4379.637     323 9405.275     218709.275   10591.758
Measuring multi-threading efficiency up to 1 CPU cores
Increase to 10 rounds for branch lengths
44 trees examined
Threads: 1 / Time: 1.013 sec / Speedup: 1.000 / Efficiency: 100% / LogL: -8720
Determining AUTO threadcount: done in 1.01325 secs using 97.04% CPU
BEST NUMBER OF THREADS: 1

  2  GTR+F+I       4269.159     324 9186.318     219786.318   10376.475
Measuring multi-threading efficiency up to 1 CPU cores
Increase to 10 rounds for branch lengths
21 trees examined
Threads: 1 / Time: 1.024 sec / Speedup: 1.000 / Efficiency: 100% / LogL: -7523
Determining AUTO threadcount: done in 1.02425 secs using 97.36% CPU
BEST NUMBER OF THREADS: 1

  3  GTR+F+G4      3998.725     324 8645.450     219245.450   9835.606
Measuring multi-threading efficiency up to 1 CPU cores
Increase to 10 rounds for branch lengths
19 trees examined
Threads: 1 / Time: 1.039 sec / Speedup: 1.000 / Efficiency: 100% / LogL: -7304
Determining AUTO threadcount: done in 1.03924 secs using 98.17% CPU
BEST NUMBER OF THREADS: 1

  4  GTR+F+I+G4    3997.250     325 8644.499     220544.499   9838.329
Measuring multi-threading efficiency up to 1 CPU cores
Increase to 10 rounds for branch lengths
30 trees examined
Threads: 1 / Time: 1.029 sec / Speedup: 1.000 / Efficiency: 100% / LogL: -7964
Determining AUTO threadcount: done in 1.02887 secs using 96.98% CPU
BEST NUMBER OF THREADS: 1

  5  GTR+F+R2      4015.890     325 8681.779     220581.779   9875.609
Measuring multi-threading efficiency up to 1 CPU cores
Increase to 10 rounds for branch lengths
26 trees examined
Threads: 1 / Time: 1.037 sec / Speedup: 1.000 / Efficiency: 100% / LogL: -7683
Determining AUTO threadcount: done in 1.03728 secs using 97.59% CPU
BEST NUMBER OF THREADS: 1

  6  GTR+F+R3      3980.089     327 8614.178     223126.178   9815.354
Measuring multi-threading efficiency up to 1 CPU cores
Increase to 10 rounds for branch lengths
20 trees examined
Threads: 1 / Time: 1.031 sec / Speedup: 1.000 / Efficiency: 100% / LogL: -7569
Determining AUTO threadcount: done in 1.03084 secs using 97.76% CPU
BEST NUMBER OF THREADS: 1

  7  GTR+F+R4      3975.925     329 8609.849     225749.849   9818.373
Measuring multi-threading efficiency up to 1 CPU cores
Increase to 10 rounds for branch lengths
29 trees examined
Threads: 1 / Time: 1.002 sec / Speedup: 1.000 / Efficiency: 100% / LogL: -7601
Determining AUTO threadcount: done in 1.00227 secs using 96.89% CPU
BEST NUMBER OF THREADS: 1

 14  GTR+F+I+I+R2  4001.073     326 8654.146     221858.146   9851.649
Measuring multi-threading efficiency up to 1 CPU cores
Increase to 10 rounds for branch lengths
24 trees examined
Threads: 1 / Time: 1.025 sec / Speedup: 1.000 / Efficiency: 100% / LogL: -7555
Determining AUTO threadcount: done in 1.02497 secs using 97.07% CPU
BEST NUMBER OF THREADS: 1

 15  GTR+F+I+I+R3  3985.707     328 8627.413     224451.413   9832.263
Measuring multi-threading efficiency up to 1 CPU cores
Increase to 10 rounds for branch lengths
20 trees examined
Threads: 1 / Time: 1.019 sec / Speedup: 1.000 / Efficiency: 100% / LogL: -7483
Determining AUTO threadcount: done in 1.01879 secs using 97.54% CPU
BEST NUMBER OF THREADS: 1

 16  GTR+F+I+I+R4  3980.582     330 8621.164     227081.164   9833.361
Measuring multi-threading efficiency up to 1 CPU cores
Increase to 10 rounds for branch lengths
24 trees examined
Threads: 1 / Time: 1.002 sec / Speedup: 1.000 / Efficiency: 100% / LogL: -7382
Determining AUTO threadcount: done in 1.00239 secs using 97.1% CPU
BEST NUMBER OF THREADS: 1

 28  SYM+R3        3979.551     324 8607.101     219207.101   9797.258
Measuring multi-threading efficiency up to 1 CPU cores
Increase to 10 rounds for branch lengths
21 trees examined
Threads: 1 / Time: 1.044 sec / Speedup: 1.000 / Efficiency: 100% / LogL: -7487
Determining AUTO threadcount: done in 1.04423 secs using 97.7% CPU
BEST NUMBER OF THREADS: 1

 29  SYM+R4        3979.090     326 8610.181     221814.181   9807.684
Measuring multi-threading efficiency up to 1 CPU cores
Increase to 10 rounds for branch lengths
24 trees examined
Threads: 1 / Time: 1.019 sec / Speedup: 1.000 / Efficiency: 100% / LogL: -7420
Determining AUTO threadcount: done in 1.01904 secs using 96.95% CPU
BEST NUMBER OF THREADS: 1

 50  TVM+F+R3      3976.164     326 8604.328     221808.328   9801.831
Measuring multi-threading efficiency up to 1 CPU cores
Increase to 10 rounds for branch lengths
20 trees examined
Threads: 1 / Time: 1.015 sec / Speedup: 1.000 / Efficiency: 100% / LogL: -7651
Determining AUTO threadcount: done in 1.01535 secs using 97.44% CPU
BEST NUMBER OF THREADS: 1

 51  TVM+F+R4      3975.923     328 8607.846     224431.846   9812.696
Measuring multi-threading efficiency up to 1 CPU cores
Increase to 10 rounds for branch lengths
25 trees examined
Threads: 1 / Time: 1.003 sec / Speedup: 1.000 / Efficiency: 100% / LogL: -7428
Determining AUTO threadcount: done in 1.00281 secs using 97.3% CPU
BEST NUMBER OF THREADS: 1

 72  TVMe+R3       3979.107     323 8604.213     217908.213   9790.696
Measuring multi-threading efficiency up to 1 CPU cores
Increase to 10 rounds for branch lengths
20 trees examined
Threads: 1 / Time: 1.009 sec / Speedup: 1.000 / Efficiency: 100% / LogL: -7542
Determining AUTO threadcount: done in 1.00956 secs using 97.52% CPU
BEST NUMBER OF THREADS: 1

 73  TVMe+R4       3976.237     325 8602.473     220502.473   9796.303
Measuring multi-threading efficiency up to 1 CPU cores
Increase to 10 rounds for branch lengths
25 trees examined
Threads: 1 / Time: 1.043 sec / Speedup: 1.000 / Efficiency: 100% / LogL: -7474
Determining AUTO threadcount: done in 1.04297 secs using 97.6% CPU
BEST NUMBER OF THREADS: 1

 94  TIM3+F+R3     3986.198     325 8622.395     220522.395   9816.225
Measuring multi-threading efficiency up to 1 CPU cores
Increase to 10 rounds for branch lengths
21 trees examined
Threads: 1 / Time: 1.052 sec / Speedup: 1.000 / Efficiency: 100% / LogL: -7527
Determining AUTO threadcount: done in 1.0518 secs using 97.52% CPU
BEST NUMBER OF THREADS: 1

 95  TIM3+F+R4     3981.221     327 8616.442     223128.442   9817.619
Measuring multi-threading efficiency up to 1 CPU cores
Increase to 10 rounds for branch lengths
25 trees examined
Threads: 1 / Time: 1.038 sec / Speedup: 1.000 / Efficiency: 100% / LogL: -7329
Determining AUTO threadcount: done in 1.03789 secs using 96.91% CPU
BEST NUMBER OF THREADS: 1

116  TIM3e+R3      3981.833     322 8607.666     216619.666   9790.476
Measuring multi-threading efficiency up to 1 CPU cores
Increase to 10 rounds for branch lengths
21 trees examined
Threads: 1 / Time: 1.039 sec / Speedup: 1.000 / Efficiency: 100% / LogL: -7554
Determining AUTO threadcount: done in 1.03862 secs using 97.97% CPU
BEST NUMBER OF THREADS: 1

117  TIM3e+R4      3979.617     324 8607.235     219207.235   9797.392
Measuring multi-threading efficiency up to 1 CPU cores
Increase to 10 rounds for branch lengths
24 trees examined
Threads: 1 / Time: 1.037 sec / Speedup: 1.000 / Efficiency: 100% / LogL: -7485
Determining AUTO threadcount: done in 1.03726 secs using 97.3% CPU
BEST NUMBER OF THREADS: 1

138  TIM2+F+R3     3977.992     325 8605.984     220505.984   9799.814
Measuring multi-threading efficiency up to 1 CPU cores
Increase to 10 rounds for branch lengths
20 trees examined
Threads: 1 / Time: 1.008 sec / Speedup: 1.000 / Efficiency: 100% / LogL: -7569
Determining AUTO threadcount: done in 1.00833 secs using 98.11% CPU
BEST NUMBER OF THREADS: 1

139  TIM2+F+R4     3972.858     327 8599.716     223111.716   9800.893
Measuring multi-threading efficiency up to 1 CPU cores
Increase to 10 rounds for branch lengths
24 trees examined
Threads: 1 / Time: 1.042 sec / Speedup: 1.000 / Efficiency: 100% / LogL: -7377
Determining AUTO threadcount: done in 1.04198 secs using 97.4% CPU
BEST NUMBER OF THREADS: 1

160  TIM2e+R3      3980.913     322 8605.825     216617.825   9788.635
Measuring multi-threading efficiency up to 1 CPU cores
Increase to 10 rounds for branch lengths
19 trees examined
Threads: 1 / Time: 1.005 sec / Speedup: 1.000 / Efficiency: 100% / LogL: -7581
Determining AUTO threadcount: done in 1.00526 secs using 97.51% CPU
BEST NUMBER OF THREADS: 1

161  TIM2e+R4      3978.133     324 8604.266     219204.266   9794.423
Measuring multi-threading efficiency up to 1 CPU cores
Increase to 10 rounds for branch lengths
23 trees examined
Threads: 1 / Time: 1.009 sec / Speedup: 1.000 / Efficiency: 100% / LogL: -7473
Determining AUTO threadcount: done in 1.00888 secs using 97.71% CPU
BEST NUMBER OF THREADS: 1

182  TIM+F+R3      3979.905     325 8609.809     220509.809   9803.639
Measuring multi-threading efficiency up to 1 CPU cores
Increase to 10 rounds for branch lengths
21 trees examined
Threads: 1 / Time: 1.050 sec / Speedup: 1.000 / Efficiency: 100% / LogL: -7580
Determining AUTO threadcount: done in 1.05047 secs using 97.81% CPU
BEST NUMBER OF THREADS: 1

183  TIM+F+R4      3975.266     327 8604.531     223116.531   9805.708
Measuring multi-threading efficiency up to 1 CPU cores
Increase to 10 rounds for branch lengths
25 trees examined
Threads: 1 / Time: 1.011 sec / Speedup: 1.000 / Efficiency: 100% / LogL: -7428
Determining AUTO threadcount: done in 1.01132 secs using 97.62% CPU
BEST NUMBER OF THREADS: 1

204  TIMe+R3       3979.616     322 8603.232     216615.232   9786.042
Measuring multi-threading efficiency up to 1 CPU cores
Increase to 10 rounds for branch lengths
20 trees examined
Threads: 1 / Time: 1.022 sec / Speedup: 1.000 / Efficiency: 100% / LogL: -7578
Determining AUTO threadcount: done in 1.02228 secs using 97.26% CPU
BEST NUMBER OF THREADS: 1

205  TIMe+R4       3977.591     324 8603.183     219203.183   9793.340
Measuring multi-threading efficiency up to 1 CPU cores
Increase to 10 rounds for branch lengths
23 trees examined
Threads: 1 / Time: 1.005 sec / Speedup: 1.000 / Efficiency: 100% / LogL: -7417
Determining AUTO threadcount: done in 1.00484 secs using 98.5% CPU
BEST NUMBER OF THREADS: 1

226  TPM3u+F+R3    3985.327     324 8618.655     219218.655   9808.811
Measuring multi-threading efficiency up to 1 CPU cores
Increase to 10 rounds for branch lengths
21 trees examined
Threads: 1 / Time: 1.033 sec / Speedup: 1.000 / Efficiency: 100% / LogL: -7582
Determining AUTO threadcount: done in 1.0333 secs using 97.19% CPU
BEST NUMBER OF THREADS: 1

227  TPM3u+F+R4    3981.465     326 8614.929     221818.929   9812.433
Measuring multi-threading efficiency up to 1 CPU cores
Increase to 10 rounds for branch lengths
23 trees examined
Threads: 1 / Time: 1.020 sec / Speedup: 1.000 / Efficiency: 100% / LogL: -7381
Determining AUTO threadcount: done in 1.01977 secs using 97.64% CPU
BEST NUMBER OF THREADS: 1

248  TPM3+R3       3981.643     321 8605.287     215329.287   9784.424
Measuring multi-threading efficiency up to 1 CPU cores
Increase to 10 rounds for branch lengths
20 trees examined
Threads: 1 / Time: 1.053 sec / Speedup: 1.000 / Efficiency: 100% / LogL: -7528
Determining AUTO threadcount: done in 1.05327 secs using 97.62% CPU
BEST NUMBER OF THREADS: 1

249  TPM3+R4       3979.605     323 8605.210     217909.210   9791.693
Measuring multi-threading efficiency up to 1 CPU cores
Increase to 10 rounds for branch lengths
23 trees examined
Threads: 1 / Time: 1.006 sec / Speedup: 1.000 / Efficiency: 100% / LogL: -7474
Determining AUTO threadcount: done in 1.0064 secs using 97.61% CPU
BEST NUMBER OF THREADS: 1

270  TPM2u+F+R3    3977.475     324 8602.949     219202.949   9793.106
Measuring multi-threading efficiency up to 1 CPU cores
Increase to 10 rounds for branch lengths
21 trees examined
Threads: 1 / Time: 1.052 sec / Speedup: 1.000 / Efficiency: 100% / LogL: -7611
Determining AUTO threadcount: done in 1.05237 secs using 97.53% CPU
BEST NUMBER OF THREADS: 1

271  TPM2u+F+R4    3972.980     326 8597.961     221801.961   9795.464
Measuring multi-threading efficiency up to 1 CPU cores
Increase to 10 rounds for branch lengths
25 trees examined
Threads: 1 / Time: 1.031 sec / Speedup: 1.000 / Efficiency: 100% / LogL: -7408
Determining AUTO threadcount: done in 1.03058 secs using 97.37% CPU
BEST NUMBER OF THREADS: 1

292  TPM2+R3       3980.648     321 8603.296     215327.296   9782.432
Measuring multi-threading efficiency up to 1 CPU cores
Increase to 10 rounds for branch lengths
20 trees examined
Threads: 1 / Time: 1.019 sec / Speedup: 1.000 / Efficiency: 100% / LogL: -7547
Determining AUTO threadcount: done in 1.01874 secs using 96.56% CPU
BEST NUMBER OF THREADS: 1

293  TPM2+R4       3978.122     323 8602.244     217906.244   9788.727
Measuring multi-threading efficiency up to 1 CPU cores
Increase to 10 rounds for branch lengths
23 trees examined
Threads: 1 / Time: 1.029 sec / Speedup: 1.000 / Efficiency: 100% / LogL: -7404
Determining AUTO threadcount: done in 1.02955 secs using 97.27% CPU
BEST NUMBER OF THREADS: 1

314  K3Pu+F+R3     3979.423     324 8606.846     219206.846   9797.003
Measuring multi-threading efficiency up to 1 CPU cores
Increase to 10 rounds for branch lengths
20 trees examined
Threads: 1 / Time: 1.018 sec / Speedup: 1.000 / Efficiency: 100% / LogL: -7610
Determining AUTO threadcount: done in 1.01769 secs using 98.03% CPU
BEST NUMBER OF THREADS: 1

315  K3Pu+F+R4     3975.467     326 8602.934     221806.934   9800.438
Measuring multi-threading efficiency up to 1 CPU cores
Increase to 10 rounds for branch lengths
25 trees examined
Threads: 1 / Time: 1.042 sec / Speedup: 1.000 / Efficiency: 100% / LogL: -7432
Determining AUTO threadcount: done in 1.04197 secs using 97.4% CPU
BEST NUMBER OF THREADS: 1

336  K3P+R3        3979.761     321 8601.521     215325.521   9780.658
Measuring multi-threading efficiency up to 1 CPU cores
Increase to 10 rounds for branch lengths
20 trees examined
Threads: 1 / Time: 1.005 sec / Speedup: 1.000 / Efficiency: 100% / LogL: -7615
Determining AUTO threadcount: done in 1.00459 secs using 96.55% CPU
BEST NUMBER OF THREADS: 1

337  K3P+R4        3977.590     323 8601.181     217905.181   9787.664
Measuring multi-threading efficiency up to 1 CPU cores
Increase to 10 rounds for branch lengths
24 trees examined
Threads: 1 / Time: 1.033 sec / Speedup: 1.000 / Efficiency: 100% / LogL: -7512
Determining AUTO threadcount: done in 1.03306 secs using 97.19% CPU
BEST NUMBER OF THREADS: 1

358  TN+F+R3       3985.552     324 8619.103     219219.103   9809.260
Measuring multi-threading efficiency up to 1 CPU cores
Increase to 10 rounds for branch lengths
21 trees examined
Threads: 1 / Time: 1.031 sec / Speedup: 1.000 / Efficiency: 100% / LogL: -7652
Determining AUTO threadcount: done in 1.03066 secs using 97.96% CPU
BEST NUMBER OF THREADS: 1

359  TN+F+R4       3981.628     326 8615.257     221819.257   9812.760
Measuring multi-threading efficiency up to 1 CPU cores
Increase to 10 rounds for branch lengths
25 trees examined
Threads: 1 / Time: 1.009 sec / Speedup: 1.000 / Efficiency: 100% / LogL: -7364
Determining AUTO threadcount: done in 1.00865 secs using 98.21% CPU
BEST NUMBER OF THREADS: 1

380  TNe+R3        3982.120     321 8606.239     215330.239   9785.376
Measuring multi-threading efficiency up to 1 CPU cores
Increase to 10 rounds for branch lengths
21 trees examined
Threads: 1 / Time: 1.025 sec / Speedup: 1.000 / Efficiency: 100% / LogL: -7576
Determining AUTO threadcount: done in 1.02475 secs using 97.95% CPU
BEST NUMBER OF THREADS: 1

381  TNe+R4        3980.026     323 8606.052     217910.052   9792.535
Measuring multi-threading efficiency up to 1 CPU cores
Increase to 10 rounds for branch lengths
24 trees examined
Threads: 1 / Time: 1.018 sec / Speedup: 1.000 / Efficiency: 100% / LogL: -7433
Determining AUTO threadcount: done in 1.01772 secs using 96.66% CPU
BEST NUMBER OF THREADS: 1

402  HKY+F+R3      3985.589     323 8617.178     217921.178   9803.662
Measuring multi-threading efficiency up to 1 CPU cores
Increase to 10 rounds for branch lengths
21 trees examined
Threads: 1 / Time: 1.022 sec / Speedup: 1.000 / Efficiency: 100% / LogL: -7645
Determining AUTO threadcount: done in 1.02242 secs using 97.16% CPU
BEST NUMBER OF THREADS: 1

403  HKY+F+R4      3981.841     325 8613.681     220513.681   9807.511
Measuring multi-threading efficiency up to 1 CPU cores
Increase to 10 rounds for branch lengths
24 trees examined
Threads: 1 / Time: 1.027 sec / Speedup: 1.000 / Efficiency: 100% / LogL: -7493
Determining AUTO threadcount: done in 1.02699 secs using 96.88% CPU
BEST NUMBER OF THREADS: 1

424  K2P+R3        3982.237     320 8604.475     214044.475   9779.938
Measuring multi-threading efficiency up to 1 CPU cores
Increase to 10 rounds for branch lengths
20 trees examined
Threads: 1 / Time: 1.029 sec / Speedup: 1.000 / Efficiency: 100% / LogL: -7599
Determining AUTO threadcount: done in 1.0291 secs using 98.05% CPU
BEST NUMBER OF THREADS: 1

425  K2P+R4        3980.070     322 8604.141     216616.141   9786.951
Measuring multi-threading efficiency up to 1 CPU cores
Increase to 10 rounds for branch lengths
24 trees examined
Threads: 1 / Time: 1.006 sec / Speedup: 1.000 / Efficiency: 100% / LogL: -7753
Determining AUTO threadcount: done in 1.00634 secs using 97.21% CPU
BEST NUMBER OF THREADS: 1

446  F81+F+R3      4135.616     322 8915.231     216927.231   10098.041
Measuring multi-threading efficiency up to 1 CPU cores
Increase to 10 rounds for branch lengths
20 trees examined
Threads: 1 / Time: 1.032 sec / Speedup: 1.000 / Efficiency: 100% / LogL: -7929
Determining AUTO threadcount: done in 1.03198 secs using 96.99% CPU
BEST NUMBER OF THREADS: 1

447  F81+F+R4      4133.210     324 8914.420     219514.420   10104.577
Measuring multi-threading efficiency up to 1 CPU cores
Increase to 10 rounds for branch lengths
24 trees examined
Threads: 1 / Time: 1.032 sec / Speedup: 1.000 / Efficiency: 100% / LogL: -7631
Determining AUTO threadcount: done in 1.03187 secs using 97.28% CPU
BEST NUMBER OF THREADS: 1

468  JC+R3         4114.183     319 8866.366     213026.366   10038.156
Measuring multi-threading efficiency up to 1 CPU cores
Increase to 10 rounds for branch lengths
19 trees examined
Threads: 1 / Time: 1.004 sec / Speedup: 1.000 / Efficiency: 100% / LogL: -7792
Determining AUTO threadcount: done in 1.00436 secs using 97.41% CPU
BEST NUMBER OF THREADS: 1

469  JC+R4         4112.867     321 8867.734     215591.734   10046.871
Akaike Information Criterion:           TPM2u+F+R4
Corrected Akaike Information Criterion: JC+R3
Bayesian Information Criterion:         K2P+R3
Best-fit model: K2P+R3 chosen according to BIC

All model information printed to /home/aglucaci/AOC-REM2/results/mammalian_REM2/mammalian_REM2.3.codon.fas.model.gz
CPU time for ModelFinder: 94.136 seconds (0h:1m:34s)
Wall-clock time for ModelFinder: 95.729 seconds (0h:1m:35s)

NOTE: 2 MB RAM (0 GB) is required!
Measuring multi-threading efficiency up to 1 CPU cores
Increase to 10 rounds for branch lengths
24 trees examined
Threads: 1 / Time: 1.014 sec / Speedup: 1.000 / Efficiency: 100% / LogL: -7923
Determining AUTO threadcount: done in 1.01453 secs using 97.83% CPU
BEST NUMBER OF THREADS: 1

Estimate model parameters (epsilon = 0.100)
1. Initial log-likelihood: -3982.237
Optimal log-likelihood: -3982.237
Rate parameters:  A-C: 1.00000  A-G: 3.83535  A-T: 1.00000  C-G: 1.00000  C-T: 3.83535  G-T: 1.00000
Base frequencies:  A: 0.250  C: 0.250  G: 0.250  T: 0.250
Site proportion and rates:  (0.637,0.124) (0.238,1.734) (0.125,4.070)
Parameters optimization took 1 rounds (0.020 sec)
Wrote distance file to... 
Computing ML distances based on estimated model parameters...
Calculating distance matrix: done in 0.0670838 secs using 98.49% CPU
Computing ML distances took 0.067202 sec (of wall-clock time) 0.066188 sec (of CPU time)
WARNING: Some pairwise ML distances are too long (saturated)
Setting up auxiliary I and S matrices: done in 0.0006941 secs using 97.25% CPU
Constructing RapidNJ tree: done in 0.0131963 secs using 91.08% CPU
Computing RapidNJ tree took 0.013916 sec (of wall-clock time) 0.012709 sec (of CPU time)
Log-likelihood of RapidNJ tree: -4032.343
--------------------------------------------------------------------
|             INITIALIZING CANDIDATE TREE SET                      |
--------------------------------------------------------------------
Generating 98 parsimony trees... 1.265 second
Computing log-likelihood of 98 initial trees ... 0.654 seconds
Current best score: -3982.237

Do NNI search on 20 best initial trees
Optimizing NNI: done in 0.0465797 secs using 95.67% CPU
Estimate model parameters (epsilon = 0.100)
BETTER TREE FOUND at iteration 1: -3981.688
Optimizing NNI: done in 0.131392 secs using 96.95% CPU
Estimate model parameters (epsilon = 0.100)
BETTER TREE FOUND at iteration 2: -3965.388
Optimizing NNI: done in 0.145654 secs using 97.94% CPU
Optimizing NNI: done in 0.120187 secs using 98.33% CPU
Optimizing NNI: done in 0.167589 secs using 96.42% CPU
Optimizing NNI: done in 0.108994 secs using 97.24% CPU
Optimizing NNI: done in 0.118879 secs using 95.79% CPU
Optimizing NNI: done in 0.167384 secs using 97.6% CPU
Optimizing NNI: done in 0.117652 secs using 96.6% CPU
Optimizing NNI: done in 0.181913 secs using 95.05% CPU
Iteration 10 / LogL: -3972.274 / Time: 0h:0m:4s
Optimizing NNI: done in 0.138613 secs using 94.94% CPU
Optimizing NNI: done in 0.162894 secs using 96.31% CPU
Optimizing NNI: done in 0.133326 secs using 98.49% CPU
Optimizing NNI: done in 0.124832 secs using 95.99% CPU
Optimizing NNI: done in 0.199839 secs using 96.49% CPU
Estimate model parameters (epsilon = 0.100)
BETTER TREE FOUND at iteration 15: -3965.158
Optimizing NNI: done in 0.139605 secs using 96.42% CPU
Optimizing NNI: done in 0.137436 secs using 94.9% CPU
Optimizing NNI: done in 0.148184 secs using 95.95% CPU
Optimizing NNI: done in 0.145914 secs using 97.94% CPU
Optimizing NNI: done in 0.194441 secs using 95.88% CPU
Iteration 20 / LogL: -3972.049 / Time: 0h:0m:6s
Finish initializing candidate tree set (20)
Current best tree score: -3965.158 / CPU time: 4.957
Number of iterations: 20
--------------------------------------------------------------------
|               OPTIMIZING CANDIDATE TREE SET                      |
--------------------------------------------------------------------
Optimizing NNI: done in 0.1826 secs using 96.16% CPU
Optimizing NNI: done in 0.197582 secs using 97.47% CPU
Optimizing NNI: done in 0.161767 secs using 97.52% CPU
Optimizing NNI: done in 0.145122 secs using 94.49% CPU
Optimizing NNI: done in 0.172281 secs using 94.77% CPU
Optimizing NNI: done in 0.14073 secs using 97.15% CPU
Optimizing NNI: done in 0.168885 secs using 95.26% CPU
Optimizing NNI: done in 0.130682 secs using 95.4% CPU
Optimizing NNI: done in 0.127812 secs using 95.3% CPU
Optimizing NNI: done in 0.138229 secs using 97.83% CPU
Iteration 30 / LogL: -3974.555 / Time: 0h:0m:7s (0h:0m:22s left)
Optimizing NNI: done in 0.166544 secs using 97.6% CPU
Optimizing NNI: done in 0.138647 secs using 94.95% CPU
Estimate model parameters (epsilon = 0.100)
BETTER TREE FOUND at iteration 32: -3964.124
Optimizing NNI: done in 0.169371 secs using 98.81% CPU
Optimizing NNI: done in 0.139209 secs using 94.97% CPU
Optimizing NNI: done in 0.172224 secs using 94.2% CPU
Optimizing NNI: done in 0.180908 secs using 97.23% CPU
Optimizing NNI: done in 0.135392 secs using 96.3% CPU
Optimizing NNI: done in 0.153459 secs using 97.39% CPU
Optimizing NNI: done in 0.18627 secs using 97.32% CPU
Optimizing NNI: done in 0.186603 secs using 95.7% CPU
Iteration 40 / LogL: -3964.498 / Time: 0h:0m:9s (0h:0m:22s left)
Optimizing NNI: done in 0.140547 secs using 95.02% CPU
Optimizing NNI: done in 0.202485 secs using 95.06% CPU
Optimizing NNI: done in 0.166802 secs using 94.6% CPU
Optimizing NNI: done in 0.145481 secs using 95.17% CPU
Optimizing NNI: done in 0.153628 secs using 97.4% CPU
Optimizing NNI: done in 0.157783 secs using 96.82% CPU
Optimizing NNI: done in 0.142166 secs using 96.48% CPU
Optimizing NNI: done in 0.153421 secs using 96.09% CPU
Optimizing NNI: done in 0.134466 secs using 94.8% CPU
Optimizing NNI: done in 0.160985 secs using 96.89% CPU
Iteration 50 / LogL: -3966.884 / Time: 0h:0m:11s (0h:0m:18s left)
Optimizing NNI: done in 0.148458 secs using 95.96% CPU
Optimizing NNI: done in 0.150833 secs using 96.02% CPU
Optimizing NNI: done in 0.169324 secs using 96.45% CPU
Optimizing NNI: done in 0.181725 secs using 93.51% CPU
Optimizing NNI: done in 0.162216 secs using 95.69% CPU
Optimizing NNI: done in 0.155511 secs using 95.49% CPU
Optimizing NNI: done in 0.149116 secs using 97.32% CPU
Optimizing NNI: done in 0.133536 secs using 97% CPU
Optimizing NNI: done in 0.147909 secs using 95.94% CPU
Optimizing NNI: done in 0.145639 secs using 95.87% CPU
Iteration 60 / LogL: -3964.129 / Time: 0h:0m:12s (0h:0m:15s left)
Optimizing NNI: done in 0.174457 secs using 97.7% CPU
Optimizing NNI: done in 0.167923 secs using 97.02% CPU
Optimizing NNI: done in 0.179606 secs using 96.1% CPU
Optimizing NNI: done in 0.171212 secs using 98.83% CPU
Optimizing NNI: done in 0.161717 secs using 98.14% CPU
Optimizing NNI: done in 0.175218 secs using 94.86% CPU
Optimizing NNI: done in 0.179057 secs using 97.76% CPU
Optimizing NNI: done in 0.18903 secs using 98.4% CPU
Optimizing NNI: done in 0.142835 secs using 98.6% CPU
Optimizing NNI: done in 0.148737 secs using 98.65% CPU
Iteration 70 / LogL: -3978.970 / Time: 0h:0m:14s (0h:0m:12s left)
Optimizing NNI: done in 0.136466 secs using 95.6% CPU
Optimizing NNI: done in 0.156696 secs using 94.25% CPU
Optimizing NNI: done in 0.1736 secs using 98.84% CPU
Optimizing NNI: done in 0.145631 secs using 94.51% CPU
Optimizing NNI: done in 0.138907 secs using 96.4% CPU
Optimizing NNI: done in 0.177628 secs using 95.49% CPU
Optimizing NNI: done in 0.15591 secs using 98.07% CPU
Optimizing NNI: done in 0.159525 secs using 96.24% CPU
Optimizing NNI: done in 0.158183 secs using 93.67% CPU
Optimizing NNI: done in 0.178122 secs using 98.31% CPU
Iteration 80 / LogL: -3964.264 / Time: 0h:0m:16s (0h:0m:10s left)
Optimizing NNI: done in 0.132581 secs using 96.22% CPU
Optimizing NNI: done in 0.160462 secs using 97.5% CPU
Optimizing NNI: done in 0.136067 secs using 97.06% CPU
Optimizing NNI: done in 0.146393 secs using 99.31% CPU
Optimizing NNI: done in 0.133858 secs using 97.75% CPU
Optimizing NNI: done in 0.20205 secs using 95.05% CPU
Optimizing NNI: done in 0.158807 secs using 98.11% CPU
Optimizing NNI: done in 0.179472 secs using 96.65% CPU
Optimizing NNI: done in 0.176231 secs using 97.16% CPU
Optimizing NNI: done in 0.147727 secs using 96.62% CPU
Iteration 90 / LogL: -3971.075 / Time: 0h:0m:17s (0h:0m:8s left)
Optimizing NNI: done in 0.138181 secs using 94.93% CPU
Optimizing NNI: done in 0.164202 secs using 95.12% CPU
Optimizing NNI: done in 0.139169 secs using 97.83% CPU
Optimizing NNI: done in 0.124099 secs using 95.17% CPU
Optimizing NNI: done in 0.151125 secs using 96.19% CPU
Optimizing NNI: done in 0.152842 secs using 94.76% CPU
Optimizing NNI: done in 0.143721 secs using 97.91% CPU
Optimizing NNI: done in 0.167586 secs using 96.42% CPU
Optimizing NNI: done in 0.142295 secs using 96.49% CPU
Optimizing NNI: done in 0.190634 secs using 95.8% CPU
Iteration 100 / LogL: -3967.166 / Time: 0h:0m:19s (0h:0m:6s left)
Optimizing NNI: done in 0.138603 secs using 97.83% CPU
Optimizing NNI: done in 0.131138 secs using 98.48% CPU
Optimizing NNI: done in 0.169901 secs using 98.82% CPU
Optimizing NNI: done in 0.131327 secs using 96.19% CPU
Optimizing NNI: done in 0.15216 secs using 94.08% CPU
Optimizing NNI: done in 0.157596 secs using 96.82% CPU
Optimizing NNI: done in 0.16789 secs using 98.8% CPU
Optimizing NNI: done in 0.131925 secs using 97.72% CPU
Optimizing NNI: done in 0.179798 secs using 97.77% CPU
Optimizing NNI: done in 0.164678 secs using 95.14% CPU
Iteration 110 / LogL: -3966.471 / Time: 0h:0m:20s (0h:0m:4s left)
Optimizing NNI: done in 0.161676 secs using 96.91% CPU
Optimizing NNI: done in 0.15009 secs using 95.33% CPU
Optimizing NNI: done in 0.154703 secs using 98.06% CPU
Optimizing NNI: done in 0.156462 secs using 95.52% CPU
Optimizing NNI: done in 0.163149 secs using 93.86% CPU
Optimizing NNI: done in 0.133353 secs using 94% CPU
Optimizing NNI: done in 0.174589 secs using 96.56% CPU
Optimizing NNI: done in 0.153308 secs using 97.39% CPU
Optimizing NNI: done in 0.14112 secs using 98.58% CPU
Optimizing NNI: done in 0.129787 secs using 97.69% CPU
Iteration 120 / LogL: -3965.072 / Time: 0h:0m:22s (0h:0m:2s left)
Optimizing NNI: done in 0.140722 secs using 96.44% CPU
Optimizing NNI: done in 0.15719 secs using 97.45% CPU
Optimizing NNI: done in 0.213722 secs using 97.19% CPU
Optimizing NNI: done in 0.154441 secs using 96.76% CPU
Optimizing NNI: done in 0.135674 secs using 96.31% CPU
Optimizing NNI: done in 0.139362 secs using 94.25% CPU
Optimizing NNI: done in 0.171001 secs using 97.05% CPU
Optimizing NNI: done in 0.133517 secs using 96.26% CPU
Optimizing NNI: done in 0.153198 secs using 98.04% CPU
Optimizing NNI: done in 0.157919 secs using 96.83% CPU
Iteration 130 / LogL: -3966.816 / Time: 0h:0m:23s (0h:0m:0s left)
Optimizing NNI: done in 0.136219 secs using 94.12% CPU
Optimizing NNI: done in 0.134916 secs using 97.03% CPU
Optimizing NNI: done in 0.154693 secs using 95.47% CPU
TREE SEARCH COMPLETED AFTER 133 ITERATIONS / Time: 0h:0m:24s

--------------------------------------------------------------------
|                    FINALIZING TREE SEARCH                        |
--------------------------------------------------------------------
Performs final model parameters optimization
Estimate model parameters (epsilon = 0.010)
1. Initial log-likelihood: -3964.124
Optimal log-likelihood: -3964.124
Rate parameters:  A-C: 1.00000  A-G: 3.85076  A-T: 1.00000  C-G: 1.00000  C-T: 3.85076  G-T: 1.00000
Base frequencies:  A: 0.250  C: 0.250  G: 0.250  T: 0.250
Site proportion and rates:  (0.634,0.122) (0.248,1.730) (0.117,4.209)
Parameters optimization took 1 rounds (0.041 sec)
BEST SCORE FOUND : -3964.124
Total tree length: 14.947

Total number of iterations: 133
CPU time used for tree search: 22.471 sec (0h:0m:22s)
Wall-clock time used for tree search: 23.219 sec (0h:0m:23s)
Total CPU time used: 23.651 sec (0h:0m:23s)
Total wall-clock time used: 24.443 sec (0h:0m:24s)

Analysis results written to: 
  IQ-TREE report:                /home/aglucaci/AOC-REM2/results/mammalian_REM2/mammalian_REM2.3.codon.fas.iqtree
  Maximum-likelihood tree:       /home/aglucaci/AOC-REM2/results/mammalian_REM2/mammalian_REM2.3.codon.fas.treefile
  Likelihood distances:          /home/aglucaci/AOC-REM2/results/mammalian_REM2/mammalian_REM2.3.codon.fas.mldist
  Screen log file:               /home/aglucaci/AOC-REM2/results/mammalian_REM2/mammalian_REM2.3.codon.fas.log

ALISIM COMMAND
--------------
--alisim simulated_MSA -t /home/aglucaci/AOC-REM2/results/mammalian_REM2/mammalian_REM2.3.codon.fas.treefile -m "K2P{3.85076}+FQ+R3{0.634394,0.121754,0.248476,1.72977,0.117131,4.20859}" --length 291

Date and Time: Sun Jan  1 16:32:54 2023
