IQ-TREE multicore version 2.2.0.3 COVID-edition for Linux 64-bit built May 11 2022
Developed by Bui Quang Minh, James Barbetti, Nguyen Lam Tung,
Olga Chernomor, Heiko Schmidt, Dominik Schrempf, Michael Woodhams, Ly Trong Nhan.

Host:    n6 (AVX2, FMA3, 251 GB RAM)
Command: iqtree -s /home/aglucaci/AOC-REM2/results/mammalian_REM2/mammalian_REM2.2.codon.fas -T AUTO
Seed:    292940 (Using SPRNG - Scalable Parallel Random Number Generator)
Time:    Sun Jan  1 16:30:25 2023
Kernel:  AVX+FMA - auto-detect threads (1 CPU cores detected)

Reading alignment file /home/aglucaci/AOC-REM2/results/mammalian_REM2/mammalian_REM2.2.codon.fas ... Fasta format detected
Reading fasta file: done in 0.00183121 secs using 83.01% CPU
Alignment most likely contains DNA/RNA sequences
Constructing alignment: done in 0.00091358 secs using 99.94% CPU
Alignment has 175 sequences with 621 columns, 306 distinct patterns
284 parsimony-informative, 41 singleton sites, 296 constant sites
                                                                                                                                   Gap/Ambiguity  Composition  p-value
Analyzing sequences: done in 9.12882e-05 secs using 99.68% CPU
   1  NM_022685_2_Rattus_norvegicus_RRAD_and_GEM_like_GTPase_2_Rem2_mRNA_1                                                                36.71%    passed     64.12%
   2  NM_080726_3_Mus_musculus_rad_and_gem_related_GTP_binding_protein_2_Rem2_mRNA_1                                                      36.71%    passed     92.74%
   3  NM_173527_3_Homo_sapiens_RRAD_and_GEM_like_GTPase_2_REM2_mRNA_1                                                                     37.20%    passed     99.55%
   4  XM_009427474_3_PREDICTED_Pan_troglodytes_RRAD_and_GEM_like_GTPase_2_REM2_transcript_variant_X1_mRNA_1                               36.71%    passed     98.21%
   5  XM_005623217_4_PREDICTED_Canis_lupus_familiaris_RRAD_and_GEM_like_GTPase_2_REM2_transcript_variant_X1_mRNA_1                        36.71%    passed     97.85%
   6  NM_001192708_1_Bos_taurus_RRAD_and_GEM_like_GTPase_2_REM2_mRNA_2                                                                    37.20%    passed     87.59%
   7  XM_001100692_4_PREDICTED_Macaca_mulatta_RRAD_and_GEM_like_GTPase_2_REM2_mRNA_1                                                      37.20%    passed     88.81%
   8  XM_007479801_2_PREDICTED_Monodelphis_domestica_RAS_RAD_and_GEM_like_GTP_binding_2_REM2_mRNA_1                                       37.20%    passed     29.94%
   9  XM_023622024_1_PREDICTED_Equus_caballus_RRAD_and_GEM_like_GTPase_2_REM2_transcript_variant_X1_mRNA_1                                37.20%    passed     99.41%
  10  XM_051822640_1_PREDICTED_Oryctolagus_cuniculus_RRAD_and_GEM_like_GTPase_2_LOC100344089_mRNA_1                                       37.20%    passed     63.50%
  11  XM_035260095_1_PREDICTED_Callithrix_jacchus_RRAD_and_GEM_like_GTPase_2_REM2_transcript_variant_X1_mRNA_1                            37.20%    passed     51.95%
  12  XM_002824566_3_PREDICTED_Pongo_abelii_RRAD_and_GEM_like_GTPase_2_REM2_mRNA_1                                                        37.20%    passed     97.63%
  13  XM_003260595_2_PREDICTED_Nomascus_leucogenys_RRAD_and_GEM_like_GTPase_2_REM2_mRNA_1                                                 37.20%    passed     98.73%
  14  XM_021099265_1_PREDICTED_Sus_scrofa_RRAD_and_GEM_like_GTPase_2_REM2_transcript_variant_X1_mRNA_1                                    37.20%    passed     94.49%
  15  XM_003420937_2_PREDICTED_Loxodonta_africana_RRAD_and_GEM_like_GTPase_2_REM2_transcript_variant_X1_mRNA_1                            37.20%    passed     87.98%
  16  XM_029077766_2_PREDICTED_Ornithorhynchus_anatinus_RRAD_and_GEM_like_GTPase_2_REM2_mRNA_1                                            36.23%    failed      0.00%
  17  XM_023567007_1_PREDICTED_Cavia_porcellus_RRAD_and_GEM_like_GTPase_2_Rem2_transcript_variant_X2_mRNA_1                               38.16%    passed     35.79%
  18  XM_027390645_2_PREDICTED_Cricetulus_griseus_RRAD_and_GEM_like_GTPase_2_Rem2_transcript_variant_X2_mRNA_1                            36.71%    passed     83.38%
  19  XM_031955028_1_PREDICTED_Sarcophilus_harrisii_RRAD_and_GEM_like_GTPase_2_REM2_mRNA_1                                                37.20%    passed     19.37%
  20  XM_003801909_3_PREDICTED_Otolemur_garnettii_RRAD_and_GEM_like_GTPase_2_REM2_mRNA_1                                                  37.20%    passed     89.37%
  21  XM_008960213_2_PREDICTED_Pan_paniscus_RRAD_and_GEM_like_GTPase_2_REM2_transcript_variant_X1_mRNA_1                                  36.71%    passed     95.88%
  22  XM_003901565_5_PREDICTED_Papio_anubis_RRAD_and_GEM_like_GTPase_2_REM2_mRNA_1                                                        37.20%    passed     91.89%
  23  XM_003924335_3_PREDICTED_Saimiri_boliviensis_boliviensis_RRAD_and_GEM_like_GTPase_2_REM2_mRNA_1                                     37.20%    passed     92.19%
  24  XM_003987456_6_PREDICTED_Felis_catus_RRAD_and_GEM_like_GTPase_2_REM2_mRNA_1                                                         37.20%    passed     99.31%
  25  XM_027971647_2_PREDICTED_Ovis_aries_RRAD_and_GEM_like_GTPase_2_REM2_transcript_variant_X1_mRNA_1                                    36.71%    passed     71.98%
  26  XM_019009447_1_PREDICTED_Gorilla_gorilla_gorilla_RRAD_and_GEM_like_GTPase_2_REM2_transcript_variant_X1_mRNA_1                       37.20%    passed     99.82%
  27  XM_004283191_4_PREDICTED_Orcinus_orca_RRAD_and_GEM_like_GTPase_2_LOC101284288_transcript_variant_X1_mRNA_1                          37.20%    passed     83.23%
  28  XM_023724898_1_PREDICTED_Trichechus_manatus_latirostris_RRAD_and_GEM_like_GTPase_2_LOC101345257_transcript_variant_X1_mRNA_1        37.20%    passed     73.68%
  29  XM_004402108_1_PREDICTED_Odobenus_rosmarus_divergens_RAS_RAD_and_GEM_like_GTP_binding_2_REM2_mRNA_1                                 37.20%    passed     82.14%
  30  XM_004421250_2_PREDICTED_Ceratotherium_simum_simum_RAS_RAD_and_GEM_like_GTP_binding_2_LOC101388298_transcript_variant_X1_mRNA_1     37.20%    passed     86.45%
  31  XM_004474567_2_PREDICTED_Dasypus_novemcinctus_RRAD_and_GEM_like_GTPase_2_REM2_mRNA_1                                                37.20%    passed     93.48%
  32  XM_004584677_1_PREDICTED_Ochotona_princeps_RRAD_and_GEM_like_GTPase_2_REM2_mRNA_1                                                   37.20%    passed     34.16%
  33  XM_004609481_1_PREDICTED_Sorex_araneus_RAS_RAD_and_GEM_like_GTP_binding_2_REM2_mRNA_1                                               38.65%    passed      7.11%
  34  XM_004646648_2_PREDICTED_Octodon_degus_RRAD_and_GEM_like_GTPase_2_Rem2_transcript_variant_X1_mRNA_1                                 37.20%    passed     63.53%
  35  XM_045154677_1_PREDICTED_Jaculus_jaculus_RRAD_and_GEM_like_GTPase_2_Rem2_mRNA_1                                                     37.20%    passed     14.54%
  36  XM_004694658_2_PREDICTED_Condylura_cristata_RAS_RAD_and_GEM_like_GTP_binding_2_REM2_mRNA_1                                          37.20%    passed     93.69%
  37  XM_045287665_1_PREDICTED_Echinops_telfairi_RRAD_and_GEM_like_GTPase_2_REM2_mRNA_1                                                   38.16%    passed     79.68%
  38  XM_004755362_3_PREDICTED_Mustela_putorius_furo_RRAD_and_GEM_like_GTPase_2_REM2_transcript_variant_X1_mRNA_1                         37.20%    passed     88.50%
  39  XM_004864195_2_PREDICTED_Heterocephalus_glaber_RRAD_and_GEM_like_GTPase_2_Rem2_mRNA_1                                               37.20%    passed     80.28%
  40  XM_005085570_4_PREDICTED_Mesocricetus_auratus_RRAD_and_GEM_like_GTPase_2_Rem2_mRNA_1                                                36.71%    passed     95.57%
  41  XM_005338787_4_PREDICTED_Ictidomys_tridecemlineatus_RRAD_and_GEM_like_GTPase_2_Rem2_mRNA_1                                          37.20%    passed     43.17%
  42  XM_026777673_1_PREDICTED_Microtus_ochrogaster_RRAD_and_GEM_like_GTPase_2_Rem2_mRNA_1                                                36.71%    passed     87.47%
  43  XM_005377113_2_PREDICTED_Chinchilla_lanigera_RAS_RAD_and_GEM_like_GTP_binding_2_Rem2_mRNA_1                                         37.20%    passed     93.63%
  44  XM_005560816_3_PREDICTED_Macaca_fascicularis_RRAD_and_GEM_like_GTPase_2_REM2_mRNA_1                                                 37.20%    passed     93.81%
  45  XM_018054571_1_PREDICTED_Capra_hircus_RRAD_and_GEM_like_GTPase_2_REM2_transcript_variant_X1_mRNA_1                                   2.42%    passed     60.09%
  46  XM_025296072_3_PREDICTED_Bubalus_bubalis_RRAD_and_GEM_like_GTPase_2_REM2_transcript_variant_X4_mRNA_1                               51.69%    passed     94.89%
  47  XM_006144596_3_PREDICTED_Tupaia_chinensis_RRAD_and_GEM_like_GTPase_2_REM2_mRNA_1                                                    37.20%    passed     96.39%
  48  XM_032481695_1_PREDICTED_Camelus_ferus_RRAD_and_GEM_like_GTPase_2_REM2_transcript_variant_X1_mRNA_1                                 37.20%    passed     89.22%
  49  XM_031678770_1_PREDICTED_Vicugna_pacos_RRAD_and_GEM_like_GTPase_2_REM2_mRNA_1                                                       37.20%    passed     89.57%
  50  XM_031036681_1_PREDICTED_Leptonychotes_weddellii_RRAD_and_GEM_like_GTPase_2_REM2_transcript_variant_X1_mRNA_1                        1.45%    passed     84.65%
  51  XM_006835452_1_PREDICTED_Chrysochloris_asiatica_RAS_RAD_and_GEM_like_GTP_binding_2_REM2_mRNA_1                                      37.20%    passed     45.53%
  52  XM_006883133_1_PREDICTED_Elephantulus_edwardii_RAS_RAD_and_GEM_like_GTP_binding_2_REM2_mRNA_1                                       37.68%    passed     56.25%
  53  XM_006913609_2_PREDICTED_Pteropus_alecto_RRAD_and_GEM_like_GTPase_2_REM2_mRNA_1                                                     37.20%    passed     88.22%
  54  XM_006988484_2_PREDICTED_Peromyscus_maniculatus_bairdii_RRAD_and_GEM_like_GTPase_2_Rem2_mRNA_1                                      36.71%    passed     84.37%
  55  XM_007098093_3_PREDICTED_Panthera_tigris_RRAD_and_GEM_like_GTPase_2_REM2_transcript_variant_X3_mRNA_1                               37.20%    passed     98.40%
  56  XM_007100477_2_PREDICTED_Physeter_catodon_RRAD_and_GEM_like_GTPase_2_REM2_transcript_variant_X1_mRNA_1                              37.20%    passed     61.29%
  57  XM_007180539_1_PREDICTED_Balaenoptera_acutorostrata_scammoni_RRAD_and_GEM_like_GTPase_2_REM2_mRNA_1                                 37.20%    passed     71.54%
  58  XM_007449526_1_PREDICTED_Lipotes_vexillifer_RAS_RAD_and_GEM_like_GTP_binding_2_REM2_mRNA_1                                          37.20%    passed     79.41%
  59  XM_007536758_2_PREDICTED_Erinaceus_europaeus_RAS_RAD_and_GEM_like_GTP_binding_2_REM2_mRNA_1                                         39.13%    passed     54.70%
  60  XM_007951171_2_PREDICTED_Orycteropus_afer_afer_RRAD_and_GEM_like_GTPase_2_REM2_mRNA_1                                               37.20%    passed     59.26%
  61  XM_037987559_1_PREDICTED_Chlorocebus_sabaeus_RRAD_and_GEM_like_GTPase_2_REM2_transcript_variant_X1_mRNA_1                           37.20%    passed     94.75%
  62  XM_008065271_2_PREDICTED_Carlito_syrichta_RRAD_and_GEM_like_GTPase_2_REM2_mRNA_1                                                    37.20%    passed     93.43%
  63  XM_008528968_1_PREDICTED_Equus_przewalskii_RAS_RAD_and_GEM_like_GTP_binding_2_REM2_transcript_variant_X1_mRNA_1                     37.20%    passed     99.41%
  64  XM_008566551_1_PREDICTED_Galeopterus_variegatus_RAS_RAD_and_GEM_like_GTP_binding_2_REM2_mRNA_1                                      37.20%    passed     99.88%
  65  XM_040620901_1_PREDICTED_Ursus_maritimus_RRAD_and_GEM_like_GTPase_2_REM2_mRNA_3                                                     37.20%    passed     78.11%
  66  XM_008839903_2_PREDICTED_Nannospalax_galili_RRAD_and_GEM_like_GTPase_2_Rem2_transcript_variant_X1_mRNA_1                            36.71%    passed     81.98%
  67  XM_010378358_2_PREDICTED_Rhinopithecus_roxellana_RRAD_and_GEM_like_GTPase_2_REM2_mRNA_1                                             37.20%    passed     96.90%
  68  XM_033765070_1_PREDICTED_Fukomys_damarensis_RRAD_and_GEM_like_GTPase_2_Rem2_mRNA_1                                                  37.20%    passed     78.92%
  69  XM_010831252_1_PREDICTED_Bison_bison_bison_RAS_RAD_and_GEM_like_GTP_binding_2_REM2_mRNA_1                                           37.20%    passed     89.32%
  70  XM_031452725_1_PREDICTED_Camelus_dromedarius_RRAD_and_GEM_like_GTPase_2_REM2_mRNA_1                                                 37.20%    passed     90.48%
  71  XM_011372778_2_PREDICTED_Pteropus_vampyrus_RRAD_and_GEM_like_GTPase_2_REM2_mRNA_1                                                   37.20%    passed     98.08%
  72  XM_011772352_2_PREDICTED_Macaca_nemestrina_RRAD_and_GEM_like_GTPase_2_REM2_mRNA_1                                                   37.20%    passed     93.81%
  73  XM_011930962_1_PREDICTED_Colobus_angolensis_palliatus_RAS_RAD_and_GEM_like_GTP_binding_2_REM2_mRNA_1                                37.20%    passed     99.19%
  74  XM_011990630_1_PREDICTED_Mandrillus_leucophaeus_RAS_RAD_and_GEM_like_GTP_binding_2_REM2_mRNA_1                                      37.20%    passed     93.81%
  75  XM_012088533_1_PREDICTED_Cercocebus_atys_RAS_RAD_and_GEM_like_GTP_binding_2_REM2_mRNA_1                                             37.20%    passed     90.00%
  76  XM_012466673_1_PREDICTED_Aotus_nancymaae_RRAD_and_GEM_like_GTPase_2_REM2_mRNA_1                                                     37.20%    passed     92.17%
  77  XM_012649447_1_PREDICTED_Propithecus_coquereli_RAS_RAD_and_GEM_like_GTP_binding_2_REM2_mRNA_1                                       37.20%    passed     85.36%
  78  XM_012752689_1_PREDICTED_Microcebus_murinus_RRAD_and_GEM_like_GTPase_2_REM2_transcript_variant_X1_mRNA_1                            37.20%    passed     97.01%
  79  XM_013025368_1_PREDICTED_Dipodomys_ordii_RAS_RAD_and_GEM_like_GTP_binding_2_Rem2_mRNA_1                                             37.20%    passed     95.57%
  80  XM_014856335_2_PREDICTED_Equus_asinus_RRAD_and_GEM_like_GTPase_2_REM2_transcript_variant_X1_mRNA_1                                  37.20%    passed     97.32%
  81  XM_015086639_2_PREDICTED_Acinonyx_jubatus_RRAD_and_GEM_like_GTPase_2_REM2_mRNA_1                                                    37.20%    passed     98.39%
  82  XM_015492848_2_PREDICTED_Marmota_marmota_marmota_RRAD_and_GEM_like_GTPase_2_Rem2_mRNA_1                                             37.20%    passed     56.23%
  83  XM_016120537_2_PREDICTED_Rousettus_aegyptiacus_RRAD_and_GEM_like_GTPase_2_REM2_mRNA_1                                               37.20%    passed     94.50%
  84  XM_016205757_1_PREDICTED_Miniopterus_natalensis_RAS_RAD_and_GEM_like_GTP_binding_2_REM2_mRNA_1                                      37.20%    passed     99.19%
  85  XM_017544499_2_PREDICTED_Cebus_imitator_RRAD_and_GEM_like_GTPase_2_REM2_transcript_variant_X1_mRNA_1                                37.20%    passed     91.69%
  86  XM_017665172_2_PREDICTED_Manis_javanica_RRAD_and_GEM_like_GTPase_2_REM2_transcript_variant_X1_mRNA_1                                37.68%    passed     81.22%
  87  XM_017864286_1_PREDICTED_Rhinopithecus_bieti_RRAD_and_GEM_like_GTPase_2_REM2_mRNA_1                                                 37.20%    passed     98.63%
  88  XM_019429463_1_PREDICTED_Panthera_pardus_RRAD_and_GEM_like_GTPase_2_REM2_mRNA_1                                                     37.20%    passed     99.31%
  89  XM_019663177_1_PREDICTED_Hipposideros_armiger_RRAD_and_GEM_like_GTPase_2_REM2_mRNA_1                                                37.20%    passed     98.66%
  90  XM_019968374_1_PREDICTED_Bos_indicus_RRAD_and_GEM_like_GTPase_2_REM2_mRNA_1                                                         37.68%    passed     88.10%
  91  XM_020162859_1_PREDICTED_Castor_canadensis_RRAD_and_GEM_like_GTPase_2_Rem2_mRNA_1                                                   37.20%    passed     89.50%
  92  XM_020909415_1_PREDICTED_Odocoileus_virginianus_texanus_RRAD_and_GEM_like_GTPase_2_REM2_transcript_variant_X1_mRNA_1                 2.42%    passed     54.74%
  93  XM_021008842_1_PREDICTED_Phascolarctos_cinereus_RRAD_and_GEM_like_GTPase_2_REM2_transcript_variant_X1_mRNA_1                        37.20%    passed     71.09%
  94  XM_021182512_1_PREDICTED_Mus_caroli_RRAD_and_GEM_like_GTPase_2_Rem2_mRNA_1                                                          36.71%    passed     67.17%
  95  XM_021203619_1_PREDICTED_Mus_pahari_RRAD_and_GEM_like_GTPase_2_Rem2_mRNA_1                                                          36.71%    passed     66.98%
  96  XM_021639619_1_PREDICTED_Meriones_unguiculatus_RRAD_and_GEM_like_GTPase_2_Rem2_mRNA_1                                               36.71%    passed     75.56%
  97  XM_021695575_1_PREDICTED_Neomonachus_schauinslandi_RRAD_and_GEM_like_GTPase_2_REM2_mRNA_1                                           37.20%    passed     94.04%
  98  XM_022520471_1_PREDICTED_Enhydra_lutris_kenyoni_RRAD_and_GEM_like_GTPase_2_LOC111158448_mRNA_1                                      37.20%    passed     92.69%
  99  XM_022553601_2_PREDICTED_Delphinapterus_leucas_RRAD_and_GEM_like_GTPase_2_REM2_mRNA_1                                               37.20%    passed     87.59%
 100  XM_023230440_1_PREDICTED_Piliocolobus_tephrosceles_RRAD_and_GEM_like_GTPase_2_REM2_transcript_variant_X1_mRNA_1                     37.20%    passed     97.71%
 101  XM_024741692_1_PREDICTED_Neophocaena_asiaeorientalis_asiaeorientalis_RRAD_and_GEM_like_GTPase_2_REM2_transcript_variant_X1_mRNA_1   37.20%    passed     88.32%
 102  XM_025392475_1_PREDICTED_Theropithecus_gelada_RRAD_and_GEM_like_GTPase_2_REM2_mRNA_1                                                37.20%    passed     93.81%
 103  XM_025442827_3_PREDICTED_Canis_lupus_dingo_RRAD_and_GEM_like_GTPase_2_REM2_transcript_variant_X1_mRNA_1                             36.71%    passed     97.85%
 104  XM_025870359_1_PREDICTED_Callorhinus_ursinus_RRAD_and_GEM_like_GTPase_2_REM2_mRNA_1                                                 37.20%    passed     86.01%
 105  XM_025919283_1_PREDICTED_Puma_concolor_RRAD_and_GEM_like_GTPase_2_REM2_mRNA_1                                                       37.20%    passed     97.82%
 106  XM_026007504_1_PREDICTED_Vulpes_vulpes_RRAD_and_GEM_like_GTPase_2_REM2_transcript_variant_X1_mRNA_1                                 36.71%    passed     93.66%
 107  XM_026406123_1_PREDICTED_Urocitellus_parryii_RRAD_and_GEM_like_GTPase_2_Rem2_mRNA_1                                                 37.20%    passed     36.79%
 108  XM_027110778_1_PREDICTED_Lagenorhynchus_obliquidens_RRAD_and_GEM_like_GTPase_2_REM2_transcript_variant_X1_mRNA_1                    37.20%    passed     83.23%
 109  XM_027553330_1_PREDICTED_Bos_indicus_x_Bos_taurus_RRAD_and_GEM_like_GTPase_2_REM2_mRNA_1                                            37.20%    passed     92.16%
 110  XM_027571459_2_PREDICTED_Zalophus_californianus_RRAD_and_GEM_like_GTPase_2_REM2_mRNA_2                                              37.20%    passed     83.38%
 111  XM_027843188_1_PREDICTED_Vombatus_ursinus_RRAD_and_GEM_like_GTPase_2_REM2_transcript_variant_X2_mRNA_1                              37.20%    passed     67.30%
 112  XM_027920156_1_PREDICTED_Marmota_flaviventris_RRAD_and_GEM_like_GTPase_2_Rem2_transcript_variant_X1_mRNA_1                          37.20%    passed     50.79%
 113  XM_028507134_2_PREDICTED_Phyllostomus_discolor_RRAD_and_GEM_like_GTPase_2_REM2_mRNA_1                                               37.20%    passed     85.87%
 114  XM_028788542_1_PREDICTED_Grammomys_surdaster_RRAD_and_GEM_like_GTPase_2_Rem2_mRNA_1                                                 36.71%    passed     90.98%
 115  XM_028892240_2_PREDICTED_Peromyscus_leucopus_RRAD_and_GEM_like_GTPase_2_Rem2_mRNA_1                                                 36.71%    passed     91.02%
 116  XM_029237411_1_PREDICTED_Monodon_monoceros_RRAD_and_GEM_like_GTPase_2_REM2_mRNA_1                                                   37.20%    passed     81.66%
 117  XM_029952605_1_PREDICTED_Suricata_suricatta_RRAD_and_GEM_like_GTPase_2_REM2_mRNA_1                                                  37.20%    passed     95.37%
 118  XM_030318679_1_PREDICTED_Lynx_canadensis_RRAD_and_GEM_like_GTPase_2_REM2_mRNA_1                                                     37.20%    passed     99.31%
 119  XM_030854517_1_PREDICTED_Globicephala_melas_RRAD_and_GEM_like_GTPase_2_REM2_transcript_variant_X1_mRNA_1                            37.20%    passed     83.23%
 120  XM_031361298_1_PREDICTED_Mastomys_coucha_RRAD_and_GEM_like_GTPase_2_Rem2_mRNA_1                                                     36.71%    passed     54.67%
 121  XM_032179928_1_PREDICTED_Hylobates_moloch_RRAD_and_GEM_like_GTPase_2_REM2_mRNA_1                                                    37.20%    passed     97.71%
 122  XM_032265550_1_PREDICTED_Sapajus_apella_RRAD_and_GEM_like_GTPase_2_REM2_transcript_variant_X1_mRNA_1                                37.20%    passed     91.69%
 123  XM_032343807_1_PREDICTED_Mustela_erminea_RRAD_and_GEM_like_GTPase_2_REM2_transcript_variant_X1_mRNA_1                               37.20%    passed     86.01%
 124  XM_032404536_1_PREDICTED_Phoca_vitulina_RRAD_and_GEM_like_GTPase_2_REM2_mRNA_1                                                      37.20%    passed     92.16%
 125  XM_032622712_1_PREDICTED_Phocoena_sinus_RRAD_and_GEM_like_GTPase_2_REM2_mRNA_1                                                      37.20%    passed     89.32%
 126  XM_032856406_1_PREDICTED_Lontra_canadensis_RRAD_and_GEM_like_GTPase_2_REM2_transcript_variant_X1_mRNA_1                             37.20%    passed     88.50%
 127  XM_032918139_1_PREDICTED_Rattus_rattus_RRAD_and_GEM_like_GTPase_2_Rem2_mRNA_1                                                       36.71%    passed     61.99%
 128  XM_033107547_1_PREDICTED_Rhinolophus_ferrumequinum_RRAD_and_GEM_like_GTPase_2_LOC117023075_transcript_variant_X1_mRNA_1             37.20%    passed     99.95%
 129  XM_033188604_1_PREDICTED_Trachypithecus_francoisi_RRAD_and_GEM_like_GTPase_2_REM2_mRNA_1                                            37.20%    passed     98.63%
 130  XM_033851357_1_PREDICTED_Tursiops_truncatus_RRAD_and_GEM_like_GTPase_2_REM2_transcript_variant_X1_mRNA_1                            37.20%    passed     83.23%
 131  XM_034498612_1_PREDICTED_Arvicanthis_niloticus_RRAD_and_GEM_like_GTPase_2_Rem2_mRNA_1                                               36.71%    passed     88.68%
 132  XM_034994691_1_PREDICTED_Mirounga_leonina_RRAD_and_GEM_like_GTPase_2_REM2_mRNA_1                                                    37.20%    passed     97.00%
 133  XM_036114829_1_PREDICTED_Halichoerus_grypus_RRAD_and_GEM_like_GTPase_2_REM2_transcript_variant_X1_mRNA_1                             1.45%    passed     90.25%
 134  XM_036199393_1_PREDICTED_Onychomys_torridus_RRAD_and_GEM_like_GTPase_2_Rem2_mRNA_1                                                  36.71%    passed     60.16%
 135  XM_036355955_1_PREDICTED_Myotis_myotis_RRAD_and_GEM_like_GTPase_2_REM2_transcript_variant_X1_mRNA_1                                 37.20%    passed     94.56%
 136  XM_036737107_1_PREDICTED_Trichosurus_vulpecula_RRAD_and_GEM_like_GTPase_2_REM2_mRNA_1                                               37.20%    passed     57.61%
 137  XM_036842027_1_PREDICTED_Balaenoptera_musculus_RRAD_and_GEM_like_GTPase_2_REM2_mRNA_1                                               37.20%    passed     74.55%
 138  XM_036884595_1_PREDICTED_Manis_pentadactyla_RRAD_and_GEM_like_GTPase_2_REM2_transcript_variant_X1_mRNA_1                            37.68%    passed     83.79%
 139  XM_037037712_1_PREDICTED_Sturnira_hondurensis_RRAD_and_GEM_like_GTPase_2_REM2_mRNA_1                                                37.20%    passed     95.75%
 140  XM_037129407_1_PREDICTED_Artibeus_jamaicensis_RRAD_and_GEM_like_GTPase_2_REM2_mRNA_1                                                37.20%    passed     93.13%
 141  XM_037503036_1_PREDICTED_Talpa_occidentalis_RRAD_and_GEM_like_GTPase_2_REM2_mRNA_1                                                  37.20%    passed     97.36%
 142  XM_037835533_1_PREDICTED_Choloepus_didactylus_RRAD_and_GEM_like_GTPase_2_REM2_transcript_variant_X1_mRNA_1                          37.20%    passed     61.85%
 143  XM_038310306_1_PREDICTED_Arvicola_amphibius_RRAD_and_GEM_like_GTPase_2_Rem2_mRNA_1                                                  36.71%    passed     82.68%
 144  XM_038741379_1_PREDICTED_Tachyglossus_aculeatus_RRAD_and_GEM_like_GTPase_2_REM2_mRNA_1                                              36.23%    failed      0.00%
 145  XM_039245203_1_PREDICTED_Hyaena_hyaena_RRAD_and_GEM_like_GTPase_2_REM2_transcript_variant_X1_mRNA_1                                 37.20%    passed     92.82%
 146  XM_039851849_1_PREDICTED_Pteropus_giganteus_RRAD_and_GEM_like_GTPase_2_REM2_mRNA_1                                                  37.20%    passed     94.47%
 147  XM_040227220_1_PREDICTED_Oryx_dammah_RRAD_and_GEM_like_GTPase_2_REM2_transcript_variant_X1_mRNA_1                                   36.71%    passed     71.98%
 148  XM_040969296_1_PREDICTED_Ochotona_curzoniae_RRAD_and_GEM_like_GTPase_2_REM2_mRNA_1                                                  37.20%    passed     43.76%
 149  XM_041634112_1_PREDICTED_Microtus_oregoni_RRAD_and_GEM_like_GTPase_2_Rem2_mRNA_1                                                    36.71%    passed     91.02%
 150  XM_041758862_1_PREDICTED_Vulpes_lagopus_RRAD_and_GEM_like_GTPase_2_REM2_transcript_variant_X1_mRNA_1                                36.71%    passed     92.72%
 151  XM_042686425_1_PREDICTED_Dipodomys_spectabilis_RRAD_and_GEM_like_GTPase_2_Rem2_mRNA_1                                               37.20%    passed     97.67%
 152  XM_042942694_1_PREDICTED_Panthera_leo_RRAD_and_GEM_like_GTPase_2_REM2_transcript_variant_X1_mRNA_1                                  51.21%    passed     80.50%
 153  XM_043471209_1_PREDICTED_Cervus_canadensis_RRAD_and_GEM_like_GTPase_2_REM2_transcript_variant_X1_mRNA_1                             37.20%    passed     95.29%
 154  XM_043555763_1_PREDICTED_Prionailurus_bengalensis_RRAD_and_GEM_like_GTPase_2_REM2_mRNA_1                                            37.20%    passed     99.31%
 155  XM_043919551_1_PREDICTED_Cervus_elaphus_RRAD_and_GEM_like_GTPase_2_REM2_transcript_variant_X1_mRNA_1                                37.20%    passed     95.06%
 156  XM_043980377_1_PREDICTED_Dromiciops_gliroides_RRAD_and_GEM_like_GTPase_2_REM2_transcript_variant_X1_mRNA_1                          37.20%    passed     83.22%
 157  XM_044662280_1_PREDICTED_Gracilinanus_agilis_RRAD_and_GEM_like_GTPase_2_REM2_transcript_variant_X1_mRNA_1                           37.20%    passed     37.09%
 158  XM_045450372_1_PREDICTED_Leopardus_geoffroyi_RRAD_and_GEM_like_GTPase_2_REM2_mRNA_1                                                 37.20%    passed     99.06%
 159  XM_045525960_1_PREDICTED_Lemur_catta_RRAD_and_GEM_like_GTPase_2_REM2_transcript_variant_X1_mRNA_1                                   37.20%    passed     93.50%
 160  XM_045841219_1_PREDICTED_Phyllostomus_hastatus_RRAD_and_GEM_like_GTPase_2_REM2_mRNA_1                                               37.20%    passed     85.87%
 161  XM_045900528_1_PREDICTED_Mirounga_angustirostris_RRAD_and_GEM_like_GTPase_2_REM2_mRNA_1                                             37.20%    passed     97.00%
 162  XM_046008309_1_PREDICTED_Meles_meles_RRAD_and_GEM_like_GTPase_2_REM2_transcript_variant_X1_mRNA_1                                   37.20%    passed     92.16%
 163  XM_046465107_1_PREDICTED_Marmota_monax_RRAD_and_GEM_like_GTPase_2_Rem2_mRNA_1                                                       37.20%    passed     42.36%
 164  XM_046653592_1_PREDICTED_Equus_quagga_GTP_binding_protein_REM_2_LOC124235489_transcript_variant_X1_mRNA_1                           37.20%    passed     99.11%
 165  XM_048362803_1_PREDICTED_Perognathus_longimembris_pacificus_RRAD_and_GEM_like_GTPase_2_Rem2_mRNA_1                                  37.20%    passed     91.86%
 166  XM_048444987_1_PREDICTED_Myodes_glareolus_RRAD_and_GEM_like_GTPase_2_Rem2_mRNA_1                                                    36.71%    passed     87.10%
 167  XM_049613126_1_PREDICTED_Panthera_uncia_RRAD_and_GEM_like_GTPase_2_REM2_transcript_variant_X1_mRNA_1                                36.71%    passed     96.11%
 168  XM_049768637_1_PREDICTED_Suncus_etruscus_RRAD_and_GEM_like_GTPase_2_LOC126001377_mRNA_1                                             37.20%    passed     71.21%
 169  XM_049899603_1_PREDICTED_Elephas_maximus_indicus_RRAD_and_GEM_like_GTPase_2_LOC126084786_transcript_variant_X1_mRNA_1               37.20%    passed     87.98%
 170  XM_050126229_1_PREDICTED_Microtus_fortis_RRAD_and_GEM_like_GTPase_2_LOC126490927_mRNA_1                                             36.71%    passed     88.39%
 171  XM_050796554_1_PREDICTED_Macaca_thibetana_thibetana_RRAD_and_GEM_like_GTPase_2_LOC126958288_mRNA_1                                  37.20%    passed     87.28%
 172  XM_051143407_1_PREDICTED_Acomys_russatus_RRAD_and_GEM_like_GTPase_2_LOC127187235_mRNA_1                                             36.71%    passed     87.20%
 173  XM_051195738_1_PREDICTED_Phodopus_roborovskii_RRAD_and_GEM_like_GTPase_2_LOC127230422_mRNA_1                                        36.71%    passed     77.43%
 174  XM_051980438_1_PREDICTED_Antechinus_flavipes_RRAD_and_GEM_like_GTPase_2_LOC127551038_mRNA_1                                         37.20%    passed     45.19%
 175  XM_052190525_1_PREDICTED_Apodemus_sylvaticus_RRAD_and_GEM_like_GTPase_2_LOC127690950_mRNA_1                                         36.71%    passed     81.69%
WARNING: 2 sequences contain more than 50% gaps/ambiguity
****  TOTAL                                                                                                                               36.50%  2 sequences failed composition chi2 test (p-value<5%; df=3)
NOTE: XM_025442827_3_PREDICTED_Canis_lupus_dingo_RRAD_and_GEM_like_GTPase_2_REM2_transcript_variant_X1_mRNA_1 is identical to XM_005623217_4_PREDICTED_Canis_lupus_familiaris_RRAD_and_GEM_like_GTPase_2_REM2_transcript_variant_X1_mRNA_1 but kept for subsequent analysis
NOTE: XM_008528968_1_PREDICTED_Equus_przewalskii_RAS_RAD_and_GEM_like_GTP_binding_2_REM2_transcript_variant_X1_mRNA_1 is identical to XM_023622024_1_PREDICTED_Equus_caballus_RRAD_and_GEM_like_GTPase_2_REM2_transcript_variant_X1_mRNA_1 but kept for subsequent analysis
NOTE: XM_049899603_1_PREDICTED_Elephas_maximus_indicus_RRAD_and_GEM_like_GTPase_2_LOC126084786_transcript_variant_X1_mRNA_1 is identical to XM_003420937_2_PREDICTED_Loxodonta_africana_RRAD_and_GEM_like_GTPase_2_REM2_transcript_variant_X1_mRNA_1 but kept for subsequent analysis
NOTE: XM_027110778_1_PREDICTED_Lagenorhynchus_obliquidens_RRAD_and_GEM_like_GTPase_2_REM2_transcript_variant_X1_mRNA_1 is identical to XM_004283191_4_PREDICTED_Orcinus_orca_RRAD_and_GEM_like_GTPase_2_LOC101284288_transcript_variant_X1_mRNA_1 but kept for subsequent analysis
NOTE: XM_011772352_2_PREDICTED_Macaca_nemestrina_RRAD_and_GEM_like_GTPase_2_REM2_mRNA_1 is identical to XM_005560816_3_PREDICTED_Macaca_fascicularis_RRAD_and_GEM_like_GTPase_2_REM2_mRNA_1 but kept for subsequent analysis
NOTE: XM_033188604_1_PREDICTED_Trachypithecus_francoisi_RRAD_and_GEM_like_GTPase_2_REM2_mRNA_1 is identical to XM_017864286_1_PREDICTED_Rhinopithecus_bieti_RRAD_and_GEM_like_GTPase_2_REM2_mRNA_1 but kept for subsequent analysis
NOTE: XM_043555763_1_PREDICTED_Prionailurus_bengalensis_RRAD_and_GEM_like_GTPase_2_REM2_mRNA_1 is identical to XM_030318679_1_PREDICTED_Lynx_canadensis_RRAD_and_GEM_like_GTPase_2_REM2_mRNA_1 but kept for subsequent analysis
NOTE: XM_045900528_1_PREDICTED_Mirounga_angustirostris_RRAD_and_GEM_like_GTPase_2_REM2_mRNA_1 is identical to XM_034994691_1_PREDICTED_Mirounga_leonina_RRAD_and_GEM_like_GTPase_2_REM2_mRNA_1 but kept for subsequent analysis
Checking for duplicate sequences: done in 0.000390301 secs using 66.62% CPU
Identifying sites to remove: done in 0.000946141 secs using 93.96% CPU
NOTE: 4 identical sequences (see below) will be ignored for subsequent analysis
NOTE: XM_030854517_1_PREDICTED_Globicephala_melas_RRAD_and_GEM_like_GTPase_2_REM2_transcript_variant_X1_mRNA_1 (identical to XM_004283191_4_PREDICTED_Orcinus_orca_RRAD_and_GEM_like_GTPase_2_LOC101284288_transcript_variant_X1_mRNA_1) is ignored but added at the end
NOTE: XM_033851357_1_PREDICTED_Tursiops_truncatus_RRAD_and_GEM_like_GTPase_2_REM2_transcript_variant_X1_mRNA_1 (identical to XM_004283191_4_PREDICTED_Orcinus_orca_RRAD_and_GEM_like_GTPase_2_LOC101284288_transcript_variant_X1_mRNA_1) is ignored but added at the end
NOTE: XM_011990630_1_PREDICTED_Mandrillus_leucophaeus_RAS_RAD_and_GEM_like_GTP_binding_2_REM2_mRNA_1 (identical to XM_005560816_3_PREDICTED_Macaca_fascicularis_RRAD_and_GEM_like_GTPase_2_REM2_mRNA_1) is ignored but added at the end
NOTE: XM_025392475_1_PREDICTED_Theropithecus_gelada_RRAD_and_GEM_like_GTPase_2_REM2_mRNA_1 (identical to XM_005560816_3_PREDICTED_Macaca_fascicularis_RRAD_and_GEM_like_GTPase_2_REM2_mRNA_1) is ignored but added at the end
Alignment was printed to /home/aglucaci/AOC-REM2/results/mammalian_REM2/mammalian_REM2.2.codon.fas.uniqueseq.phy

For your convenience alignment with unique sequences printed to /home/aglucaci/AOC-REM2/results/mammalian_REM2/mammalian_REM2.2.codon.fas.uniqueseq.phy


Create initial parsimony tree by phylogenetic likelihood library (PLL)... 0.016 seconds
Measuring multi-threading efficiency up to 1 CPU cores
Increase to 10 rounds for branch lengths
11 trees examined
Threads: 1 / Time: 1.023 sec / Speedup: 1.000 / Efficiency: 100% / LogL: -18822
Determining AUTO threadcount: done in 1.02324 secs using 98.73% CPU
BEST NUMBER OF THREADS: 1

Perform fast likelihood tree search using GTR+I+G model...
Estimate model parameters (epsilon = 5.000)
Perform nearest neighbor interchange...
Optimizing NNI: done in 0.328735 secs using 98.17% CPU
Estimate model parameters (epsilon = 1.000)
1. Initial log-likelihood: -9246.219
Optimal log-likelihood: -9245.580
Rate parameters:  A-C: 1.61139  A-G: 5.09902  A-T: 1.10715  C-G: 0.93113  C-T: 7.58312  G-T: 1.00000
Base frequencies:  A: 0.236  C: 0.269  G: 0.311  T: 0.184
Proportion of invariable sites: 0.262
Gamma shape alpha: 1.348
Parameters optimization took 1 rounds (0.076 sec)
Time for fast ML tree search: 0.779 seconds

NOTE: ModelFinder requires 17 MB RAM!
ModelFinder will test up to 484 DNA models (sample size: 621) ...
 No. Model         -LnL         df  AIC          AICc         BIC
Measuring multi-threading efficiency up to 1 CPU cores
Increase to 10 rounds for branch lengths
26 trees examined
Threads: 1 / Time: 1.012 sec / Speedup: 1.000 / Efficiency: 100% / LogL: -21130
Determining AUTO threadcount: done in 1.01247 secs using 97.23% CPU
BEST NUMBER OF THREADS: 1

  1  GTR+F         9910.753     347 20515.506    21400.165    22053.177
Measuring multi-threading efficiency up to 1 CPU cores
Increase to 10 rounds for branch lengths
25 trees examined
Threads: 1 / Time: 1.023 sec / Speedup: 1.000 / Efficiency: 100% / LogL: -19345
Determining AUTO threadcount: done in 1.02286 secs using 96.48% CPU
BEST NUMBER OF THREADS: 1

  2  GTR+F+I       9431.469     348 19558.938    20451.968    21101.042
Measuring multi-threading efficiency up to 1 CPU cores
Increase to 10 rounds for branch lengths
12 trees examined
Threads: 1 / Time: 1.044 sec / Speedup: 1.000 / Efficiency: 100% / LogL: -17901
Determining AUTO threadcount: done in 1.04429 secs using 98.46% CPU
BEST NUMBER OF THREADS: 1

  3  GTR+F+G4      9276.661     348 19249.323    20142.352    20791.426
Measuring multi-threading efficiency up to 1 CPU cores
Increase to 10 rounds for branch lengths
12 trees examined
Threads: 1 / Time: 1.084 sec / Speedup: 1.000 / Efficiency: 100% / LogL: -17533
Determining AUTO threadcount: done in 1.08391 secs using 98.06% CPU
BEST NUMBER OF THREADS: 1

  4  GTR+F+I+G4    9245.483     349 19188.965    20090.441    20735.500
Measuring multi-threading efficiency up to 1 CPU cores
Increase to 10 rounds for branch lengths
18 trees examined
Threads: 1 / Time: 1.045 sec / Speedup: 1.000 / Efficiency: 100% / LogL: -18771
Determining AUTO threadcount: done in 1.0449 secs using 98.37% CPU
BEST NUMBER OF THREADS: 1

  5  GTR+F+R2      9343.054     349 19384.108    20285.584    20930.642
Measuring multi-threading efficiency up to 1 CPU cores
Increase to 10 rounds for branch lengths
14 trees examined
Threads: 1 / Time: 1.009 sec / Speedup: 1.000 / Efficiency: 100% / LogL: -18319
Determining AUTO threadcount: done in 1.00947 secs using 97.92% CPU
BEST NUMBER OF THREADS: 1

  6  GTR+F+R3      9249.235     351 19200.470    20119.072    20755.867
Measuring multi-threading efficiency up to 1 CPU cores
Increase to 10 rounds for branch lengths
12 trees examined
Threads: 1 / Time: 1.041 sec / Speedup: 1.000 / Efficiency: 100% / LogL: -17554
Determining AUTO threadcount: done in 1.04101 secs using 98.84% CPU
BEST NUMBER OF THREADS: 1

  7  GTR+F+R4      9237.014     353 19180.027    20116.072    20744.287
Measuring multi-threading efficiency up to 1 CPU cores
Increase to 10 rounds for branch lengths
10 trees examined
Threads: 1 / Time: 1.040 sec / Speedup: 1.000 / Efficiency: 100% / LogL: -18000
Determining AUTO threadcount: done in 1.04031 secs using 98.94% CPU
BEST NUMBER OF THREADS: 1

  8  GTR+F+R5      9234.292     355 19178.584    20132.396    20751.707
Measuring multi-threading efficiency up to 1 CPU cores
Increase to 10 rounds for branch lengths
17 trees examined
Threads: 1 / Time: 1.048 sec / Speedup: 1.000 / Efficiency: 100% / LogL: -18093
Determining AUTO threadcount: done in 1.04826 secs using 97.9% CPU
BEST NUMBER OF THREADS: 1

 14  GTR+F+I+I+R2  9271.715     350 19243.430    20153.430    20794.396
Measuring multi-threading efficiency up to 1 CPU cores
Increase to 10 rounds for branch lengths
14 trees examined
Threads: 1 / Time: 1.070 sec / Speedup: 1.000 / Efficiency: 100% / LogL: -17649
Determining AUTO threadcount: done in 1.07034 secs using 97.85% CPU
BEST NUMBER OF THREADS: 1

 15  GTR+F+I+I+R3  9235.246     352 19174.492    20101.775    20734.320
Measuring multi-threading efficiency up to 1 CPU cores
Increase to 10 rounds for branch lengths
11 trees examined
Threads: 1 / Time: 1.010 sec / Speedup: 1.000 / Efficiency: 100% / LogL: -17460
Determining AUTO threadcount: done in 1.01046 secs using 98.31% CPU
BEST NUMBER OF THREADS: 1

 16  GTR+F+I+I+R4  9232.449     354 19172.899    20117.786    20741.590
Measuring multi-threading efficiency up to 1 CPU cores
Increase to 10 rounds for branch lengths
12 trees examined
Threads: 1 / Time: 1.094 sec / Speedup: 1.000 / Efficiency: 100% / LogL: -17369
Determining AUTO threadcount: done in 1.09407 secs using 98.71% CPU
BEST NUMBER OF THREADS: 1

 26  SYM+I+G4      9256.289     346 19204.579    20080.944    20737.819
Measuring multi-threading efficiency up to 1 CPU cores
Increase to 10 rounds for branch lengths
12 trees examined
Threads: 1 / Time: 1.070 sec / Speedup: 1.000 / Efficiency: 100% / LogL: -17983
Determining AUTO threadcount: done in 1.07008 secs using 97.63% CPU
BEST NUMBER OF THREADS: 1

 29  SYM+R4        9247.785     350 19195.570    20105.570    20746.536
Measuring multi-threading efficiency up to 1 CPU cores
Increase to 10 rounds for branch lengths
14 trees examined
Threads: 1 / Time: 1.051 sec / Speedup: 1.000 / Efficiency: 100% / LogL: -17468
Determining AUTO threadcount: done in 1.05096 secs using 98.28% CPU
BEST NUMBER OF THREADS: 1

 37  SYM+I+I+R3    9245.727     349 19189.454    20090.930    20735.988
Measuring multi-threading efficiency up to 1 CPU cores
Increase to 10 rounds for branch lengths
11 trees examined
Threads: 1 / Time: 1.031 sec / Speedup: 1.000 / Efficiency: 100% / LogL: -17559
Determining AUTO threadcount: done in 1.03108 secs using 98.64% CPU
BEST NUMBER OF THREADS: 1

 38  SYM+I+I+R4    9243.789     351 19189.577    20108.179    20744.974
Measuring multi-threading efficiency up to 1 CPU cores
Increase to 10 rounds for branch lengths
11 trees examined
Threads: 1 / Time: 1.025 sec / Speedup: 1.000 / Efficiency: 100% / LogL: -17386
Determining AUTO threadcount: done in 1.02502 secs using 97.95% CPU
BEST NUMBER OF THREADS: 1

 48  TVM+F+I+G4    9255.178     348 19206.356    20099.385    20748.459
Measuring multi-threading efficiency up to 1 CPU cores
Increase to 10 rounds for branch lengths
11 trees examined
Threads: 1 / Time: 1.007 sec / Speedup: 1.000 / Efficiency: 100% / LogL: -18033
Determining AUTO threadcount: done in 1.0075 secs using 98.9% CPU
BEST NUMBER OF THREADS: 1

 51  TVM+F+R4      9248.852     352 19201.705    20128.988    20761.533
Measuring multi-threading efficiency up to 1 CPU cores
Increase to 10 rounds for branch lengths
14 trees examined
Threads: 1 / Time: 1.046 sec / Speedup: 1.000 / Efficiency: 100% / LogL: -17552
Determining AUTO threadcount: done in 1.04621 secs using 98.66% CPU
BEST NUMBER OF THREADS: 1

 59  TVM+F+I+I+R3  9247.215     351 19196.431    20115.033    20751.828
Measuring multi-threading efficiency up to 1 CPU cores
Increase to 10 rounds for branch lengths
11 trees examined
Threads: 1 / Time: 1.016 sec / Speedup: 1.000 / Efficiency: 100% / LogL: -17615
Determining AUTO threadcount: done in 1.01621 secs using 98.52% CPU
BEST NUMBER OF THREADS: 1

 60  TVM+F+I+I+R4  9243.431     353 19192.863    20128.907    20757.122
Measuring multi-threading efficiency up to 1 CPU cores
Increase to 10 rounds for branch lengths
12 trees examined
Threads: 1 / Time: 1.085 sec / Speedup: 1.000 / Efficiency: 100% / LogL: -17424
Determining AUTO threadcount: done in 1.08493 secs using 98.52% CPU
BEST NUMBER OF THREADS: 1

 70  TVMe+I+G4     9256.977     345 19203.954    20072.100    20732.764
Measuring multi-threading efficiency up to 1 CPU cores
Increase to 10 rounds for branch lengths
12 trees examined
Threads: 1 / Time: 1.044 sec / Speedup: 1.000 / Efficiency: 100% / LogL: -17850
Determining AUTO threadcount: done in 1.04433 secs using 98.46% CPU
BEST NUMBER OF THREADS: 1

 73  TVMe+R4       9249.201     349 19196.402    20097.878    20742.936
Measuring multi-threading efficiency up to 1 CPU cores
Increase to 10 rounds for branch lengths
14 trees examined
Threads: 1 / Time: 1.021 sec / Speedup: 1.000 / Efficiency: 100% / LogL: -17805
Determining AUTO threadcount: done in 1.02079 secs using 97.84% CPU
BEST NUMBER OF THREADS: 1

 81  TVMe+I+I+R3   9247.410     348 19190.820    20083.849    20732.923
Measuring multi-threading efficiency up to 1 CPU cores
Increase to 10 rounds for branch lengths
11 trees examined
Threads: 1 / Time: 1.016 sec / Speedup: 1.000 / Efficiency: 100% / LogL: -17585
Determining AUTO threadcount: done in 1.01645 secs using 98.62% CPU
BEST NUMBER OF THREADS: 1

 82  TVMe+I+I+R4   9245.324     350 19190.649    20100.649    20741.615
Measuring multi-threading efficiency up to 1 CPU cores
Increase to 10 rounds for branch lengths
12 trees examined
Threads: 1 / Time: 1.061 sec / Speedup: 1.000 / Efficiency: 100% / LogL: -17643
Determining AUTO threadcount: done in 1.06118 secs using 98.21% CPU
BEST NUMBER OF THREADS: 1

 92  TIM3+F+I+G4   9254.657     347 19203.314    20087.974    20740.986
Measuring multi-threading efficiency up to 1 CPU cores
Increase to 10 rounds for branch lengths
12 trees examined
Threads: 1 / Time: 1.040 sec / Speedup: 1.000 / Efficiency: 100% / LogL: -17993
Determining AUTO threadcount: done in 1.04041 secs using 98.46% CPU
BEST NUMBER OF THREADS: 1

 95  TIM3+F+R4     9246.441     351 19194.882    20113.485    20750.280
Measuring multi-threading efficiency up to 1 CPU cores
Increase to 10 rounds for branch lengths
14 trees examined
Threads: 1 / Time: 1.052 sec / Speedup: 1.000 / Efficiency: 100% / LogL: -17511
Determining AUTO threadcount: done in 1.05165 secs using 98.38% CPU
BEST NUMBER OF THREADS: 1

103  TIM3+F+I+I+R3 9244.219     350 19188.437    20098.437    20739.403
Measuring multi-threading efficiency up to 1 CPU cores
Increase to 10 rounds for branch lengths
11 trees examined
Threads: 1 / Time: 1.012 sec / Speedup: 1.000 / Efficiency: 100% / LogL: -17633
Determining AUTO threadcount: done in 1.01233 secs using 98.22% CPU
BEST NUMBER OF THREADS: 1

104  TIM3+F+I+I+R4 9241.958     352 19187.916    20115.199    20747.744
Measuring multi-threading efficiency up to 1 CPU cores
Increase to 10 rounds for branch lengths
12 trees examined
Threads: 1 / Time: 1.069 sec / Speedup: 1.000 / Efficiency: 100% / LogL: -17631
Determining AUTO threadcount: done in 1.06946 secs using 98.31% CPU
BEST NUMBER OF THREADS: 1

114  TIM3e+I+G4    9258.932     344 19205.864    20065.864    20730.242
Measuring multi-threading efficiency up to 1 CPU cores
Increase to 10 rounds for branch lengths
12 trees examined
Threads: 1 / Time: 1.080 sec / Speedup: 1.000 / Efficiency: 100% / LogL: -18040
Determining AUTO threadcount: done in 1.08024 secs using 98.88% CPU
BEST NUMBER OF THREADS: 1

117  TIM3e+R4      9250.587     348 19197.174    20090.204    20739.278
Measuring multi-threading efficiency up to 1 CPU cores
Increase to 10 rounds for branch lengths
14 trees examined
Threads: 1 / Time: 1.045 sec / Speedup: 1.000 / Efficiency: 100% / LogL: -17559
Determining AUTO threadcount: done in 1.04538 secs using 98.94% CPU
BEST NUMBER OF THREADS: 1

125  TIM3e+I+I+R3  9248.518     347 19191.036    20075.695    20728.708
Measuring multi-threading efficiency up to 1 CPU cores
Increase to 10 rounds for branch lengths
11 trees examined
Threads: 1 / Time: 1.027 sec / Speedup: 1.000 / Efficiency: 100% / LogL: -17646
Determining AUTO threadcount: done in 1.02741 secs using 98.63% CPU
BEST NUMBER OF THREADS: 1

126  TIM3e+I+I+R4  9246.610     349 19191.220    20092.696    20737.754
Measuring multi-threading efficiency up to 1 CPU cores
Increase to 10 rounds for branch lengths
12 trees examined
Threads: 1 / Time: 1.079 sec / Speedup: 1.000 / Efficiency: 100% / LogL: -17613
Determining AUTO threadcount: done in 1.07872 secs using 98.7% CPU
BEST NUMBER OF THREADS: 1

136  TIM2+F+I+G4   9247.918     347 19189.836    20074.495    20727.508
Measuring multi-threading efficiency up to 1 CPU cores
Increase to 10 rounds for branch lengths
12 trees examined
Threads: 1 / Time: 1.060 sec / Speedup: 1.000 / Efficiency: 100% / LogL: -17879
Determining AUTO threadcount: done in 1.06032 secs using 98.96% CPU
BEST NUMBER OF THREADS: 1

139  TIM2+F+R4     9240.017     351 19182.034    20100.636    20737.431
Measuring multi-threading efficiency up to 1 CPU cores
Increase to 10 rounds for branch lengths
14 trees examined
Threads: 1 / Time: 1.025 sec / Speedup: 1.000 / Efficiency: 100% / LogL: -17579
Determining AUTO threadcount: done in 1.02462 secs using 98.92% CPU
BEST NUMBER OF THREADS: 1

147  TIM2+F+I+I+R3 9238.254     350 19176.507    20086.507    20727.473
Measuring multi-threading efficiency up to 1 CPU cores
Increase to 10 rounds for branch lengths
11 trees examined
Threads: 1 / Time: 1.020 sec / Speedup: 1.000 / Efficiency: 100% / LogL: -17346
Determining AUTO threadcount: done in 1.02039 secs using 99.31% CPU
BEST NUMBER OF THREADS: 1

148  TIM2+F+I+I+R4 9235.382     352 19174.763    20102.047    20734.592
Measuring multi-threading efficiency up to 1 CPU cores
Increase to 10 rounds for branch lengths
11 trees examined
Threads: 1 / Time: 1.009 sec / Speedup: 1.000 / Efficiency: 100% / LogL: -17643
Determining AUTO threadcount: done in 1.0094 secs using 98.01% CPU
BEST NUMBER OF THREADS: 1

158  TIM2e+I+G4    9268.511     344 19225.022    20085.022    20749.400
Measuring multi-threading efficiency up to 1 CPU cores
Increase to 10 rounds for branch lengths
12 trees examined
Threads: 1 / Time: 1.065 sec / Speedup: 1.000 / Efficiency: 100% / LogL: -18031
Determining AUTO threadcount: done in 1.06545 secs using 98.68% CPU
BEST NUMBER OF THREADS: 1

161  TIM2e+R4      9260.551     348 19217.103    20110.132    20759.206
Measuring multi-threading efficiency up to 1 CPU cores
Increase to 10 rounds for branch lengths
14 trees examined
Threads: 1 / Time: 1.019 sec / Speedup: 1.000 / Efficiency: 100% / LogL: -17542
Determining AUTO threadcount: done in 1.01919 secs using 97.35% CPU
BEST NUMBER OF THREADS: 1

169  TIM2e+I+I+R3  9258.260     347 19210.520    20095.180    20748.192
Measuring multi-threading efficiency up to 1 CPU cores
Increase to 10 rounds for branch lengths
11 trees examined
Threads: 1 / Time: 1.028 sec / Speedup: 1.000 / Efficiency: 100% / LogL: -17481
Determining AUTO threadcount: done in 1.02777 secs using 98.83% CPU
BEST NUMBER OF THREADS: 1

170  TIM2e+I+I+R4  9256.426     349 19210.852    20112.328    20757.386
Measuring multi-threading efficiency up to 1 CPU cores
Increase to 10 rounds for branch lengths
12 trees examined
Threads: 1 / Time: 1.071 sec / Speedup: 1.000 / Efficiency: 100% / LogL: -17657
Determining AUTO threadcount: done in 1.07091 secs using 98.88% CPU
BEST NUMBER OF THREADS: 1

180  TIM+F+I+G4    9251.533     347 19197.067    20081.726    20734.739
Measuring multi-threading efficiency up to 1 CPU cores
Increase to 10 rounds for branch lengths
12 trees examined
Threads: 1 / Time: 1.046 sec / Speedup: 1.000 / Efficiency: 100% / LogL: -17869
Determining AUTO threadcount: done in 1.04635 secs using 98.66% CPU
BEST NUMBER OF THREADS: 1

183  TIM+F+R4      9243.686     351 19189.372    20107.975    20744.770
Measuring multi-threading efficiency up to 1 CPU cores
Increase to 10 rounds for branch lengths
14 trees examined
Threads: 1 / Time: 1.013 sec / Speedup: 1.000 / Efficiency: 100% / LogL: -17680
Determining AUTO threadcount: done in 1.01269 secs using 97.82% CPU
BEST NUMBER OF THREADS: 1

191  TIM+F+I+I+R3  9241.665     350 19183.330    20093.330    20734.296
Measuring multi-threading efficiency up to 1 CPU cores
Increase to 10 rounds for branch lengths
11 trees examined
Threads: 1 / Time: 1.015 sec / Speedup: 1.000 / Efficiency: 100% / LogL: -17646
Determining AUTO threadcount: done in 1.01458 secs using 98.32% CPU
BEST NUMBER OF THREADS: 1

192  TIM+F+I+I+R4  9239.127     352 19182.254    20109.538    20742.083
Measuring multi-threading efficiency up to 1 CPU cores
Increase to 10 rounds for branch lengths
12 trees examined
Threads: 1 / Time: 1.081 sec / Speedup: 1.000 / Efficiency: 100% / LogL: -17564
Determining AUTO threadcount: done in 1.08094 secs using 99.07% CPU
BEST NUMBER OF THREADS: 1

202  TIMe+I+G4     9268.680     344 19225.360    20085.360    20749.738
Measuring multi-threading efficiency up to 1 CPU cores
Increase to 10 rounds for branch lengths
12 trees examined
Threads: 1 / Time: 1.030 sec / Speedup: 1.000 / Efficiency: 100% / LogL: -17709
Determining AUTO threadcount: done in 1.03026 secs using 98.73% CPU
BEST NUMBER OF THREADS: 1

205  TIMe+R4       9260.794     348 19217.587    20110.617    20759.691
Measuring multi-threading efficiency up to 1 CPU cores
Increase to 10 rounds for branch lengths
14 trees examined
Threads: 1 / Time: 1.005 sec / Speedup: 1.000 / Efficiency: 100% / LogL: -17702
Determining AUTO threadcount: done in 1.00546 secs using 98.4% CPU
BEST NUMBER OF THREADS: 1

213  TIMe+I+I+R3   9258.526     347 19211.053    20095.712    20748.725
Measuring multi-threading efficiency up to 1 CPU cores
Increase to 10 rounds for branch lengths
11 trees examined
Threads: 1 / Time: 1.020 sec / Speedup: 1.000 / Efficiency: 100% / LogL: -17550
Determining AUTO threadcount: done in 1.02057 secs using 98.72% CPU
BEST NUMBER OF THREADS: 1

214  TIMe+I+I+R4   9256.723     349 19211.447    20112.923    20757.981
Measuring multi-threading efficiency up to 1 CPU cores
Increase to 10 rounds for branch lengths
12 trees examined
Threads: 1 / Time: 1.070 sec / Speedup: 1.000 / Efficiency: 100% / LogL: -17487
Determining AUTO threadcount: done in 1.07046 secs using 98.4% CPU
BEST NUMBER OF THREADS: 1

224  TPM3u+F+I+G4  9264.102     346 19220.203    20096.568    20753.444
Measuring multi-threading efficiency up to 1 CPU cores
Increase to 10 rounds for branch lengths
12 trees examined
Threads: 1 / Time: 1.004 sec / Speedup: 1.000 / Efficiency: 100% / LogL: -18119
Determining AUTO threadcount: done in 1.00434 secs using 98.3% CPU
BEST NUMBER OF THREADS: 1

227  TPM3u+F+R4    9258.243     350 19216.486    20126.486    20767.452
Measuring multi-threading efficiency up to 1 CPU cores
Increase to 10 rounds for branch lengths
14 trees examined
Threads: 1 / Time: 1.049 sec / Speedup: 1.000 / Efficiency: 100% / LogL: -17614
Determining AUTO threadcount: done in 1.04874 secs using 98.47% CPU
BEST NUMBER OF THREADS: 1

235  TPM3u+F+I+I+R3 9256.293     349 19210.586    20112.062    20757.120
Measuring multi-threading efficiency up to 1 CPU cores
Increase to 10 rounds for branch lengths
11 trees examined
Threads: 1 / Time: 1.035 sec / Speedup: 1.000 / Efficiency: 100% / LogL: -17618
Determining AUTO threadcount: done in 1.03522 secs using 98.45% CPU
BEST NUMBER OF THREADS: 1

236  TPM3u+F+I+I+R4 9253.065     351 19208.130    20126.733    20763.528
Measuring multi-threading efficiency up to 1 CPU cores
Increase to 10 rounds for branch lengths
12 trees examined
Threads: 1 / Time: 1.089 sec / Speedup: 1.000 / Efficiency: 100% / LogL: -17675
Determining AUTO threadcount: done in 1.08877 secs using 98.16% CPU
BEST NUMBER OF THREADS: 1

246  TPM3+I+G4     9259.530     343 19205.059    20056.987    20725.006
Measuring multi-threading efficiency up to 1 CPU cores
Increase to 10 rounds for branch lengths
12 trees examined
Threads: 1 / Time: 1.073 sec / Speedup: 1.000 / Efficiency: 100% / LogL: -18119
Determining AUTO threadcount: done in 1.07325 secs using 98.32% CPU
BEST NUMBER OF THREADS: 1

249  TPM3+R4       9251.834     347 19197.667    20082.327    20735.339
Measuring multi-threading efficiency up to 1 CPU cores
Increase to 10 rounds for branch lengths
14 trees examined
Threads: 1 / Time: 1.045 sec / Speedup: 1.000 / Efficiency: 100% / LogL: -17626
Determining AUTO threadcount: done in 1.04518 secs using 98.27% CPU
BEST NUMBER OF THREADS: 1

257  TPM3+I+I+R3   9250.055     346 19192.109    20068.474    20725.350
Measuring multi-threading efficiency up to 1 CPU cores
Increase to 10 rounds for branch lengths
11 trees examined
Threads: 1 / Time: 1.038 sec / Speedup: 1.000 / Efficiency: 100% / LogL: -17268
Determining AUTO threadcount: done in 1.03787 secs using 98.36% CPU
BEST NUMBER OF THREADS: 1

258  TPM3+I+I+R4   9248.035     348 19192.070    20085.099    20734.173
Measuring multi-threading efficiency up to 1 CPU cores
Increase to 10 rounds for branch lengths
12 trees examined
Threads: 1 / Time: 1.086 sec / Speedup: 1.000 / Efficiency: 100% / LogL: -17589
Determining AUTO threadcount: done in 1.08605 secs using 99.08% CPU
BEST NUMBER OF THREADS: 1

268  TPM2u+F+I+G4  9257.598     346 19207.196    20083.561    20740.437
Measuring multi-threading efficiency up to 1 CPU cores
Increase to 10 rounds for branch lengths
12 trees examined
Threads: 1 / Time: 1.072 sec / Speedup: 1.000 / Efficiency: 100% / LogL: -18091
Determining AUTO threadcount: done in 1.07183 secs using 98.03% CPU
BEST NUMBER OF THREADS: 1

271  TPM2u+F+R4    9251.559     350 19203.118    20113.118    20754.084
Measuring multi-threading efficiency up to 1 CPU cores
Increase to 10 rounds for branch lengths
14 trees examined
Threads: 1 / Time: 1.061 sec / Speedup: 1.000 / Efficiency: 100% / LogL: -17571
Determining AUTO threadcount: done in 1.06117 secs using 98.2% CPU
BEST NUMBER OF THREADS: 1

279  TPM2u+F+I+I+R3 9249.958     349 19197.916    20099.392    20744.451
Measuring multi-threading efficiency up to 1 CPU cores
Increase to 10 rounds for branch lengths
11 trees examined
Threads: 1 / Time: 1.020 sec / Speedup: 1.000 / Efficiency: 100% / LogL: -17465
Determining AUTO threadcount: done in 1.01964 secs using 98.53% CPU
BEST NUMBER OF THREADS: 1

280  TPM2u+F+I+I+R4 9246.051     351 19194.103    20112.705    20749.500
Measuring multi-threading efficiency up to 1 CPU cores
Increase to 10 rounds for branch lengths
12 trees examined
Threads: 1 / Time: 1.054 sec / Speedup: 1.000 / Efficiency: 100% / LogL: -17769
Determining AUTO threadcount: done in 1.05439 secs using 98.29% CPU
BEST NUMBER OF THREADS: 1

290  TPM2+I+G4     9268.860     343 19223.720    20075.648    20743.666
Measuring multi-threading efficiency up to 1 CPU cores
Increase to 10 rounds for branch lengths
12 trees examined
Threads: 1 / Time: 1.059 sec / Speedup: 1.000 / Efficiency: 100% / LogL: -18054
Determining AUTO threadcount: done in 1.05913 secs using 98.39% CPU
BEST NUMBER OF THREADS: 1

293  TPM2+R4       9261.467     347 19216.934    20101.594    20754.606
Measuring multi-threading efficiency up to 1 CPU cores
Increase to 10 rounds for branch lengths
14 trees examined
Threads: 1 / Time: 1.060 sec / Speedup: 1.000 / Efficiency: 100% / LogL: -17615
Determining AUTO threadcount: done in 1.06014 secs using 97.07% CPU
BEST NUMBER OF THREADS: 1

301  TPM2+I+I+R3   9259.435     346 19210.871    20087.236    20744.111
Measuring multi-threading efficiency up to 1 CPU cores
Increase to 10 rounds for branch lengths
11 trees examined
Threads: 1 / Time: 1.017 sec / Speedup: 1.000 / Efficiency: 100% / LogL: -17411
Determining AUTO threadcount: done in 1.01711 secs using 99.46% CPU
BEST NUMBER OF THREADS: 1

302  TPM2+I+I+R4   9257.433     348 19210.866    20103.895    20752.969
Measuring multi-threading efficiency up to 1 CPU cores
Increase to 10 rounds for branch lengths
12 trees examined
Threads: 1 / Time: 1.058 sec / Speedup: 1.000 / Efficiency: 100% / LogL: -17572
Determining AUTO threadcount: done in 1.0578 secs using 98.67% CPU
BEST NUMBER OF THREADS: 1

312  K3Pu+F+I+G4   9260.783     346 19213.566    20089.931    20746.807
Measuring multi-threading efficiency up to 1 CPU cores
Increase to 10 rounds for branch lengths
12 trees examined
Threads: 1 / Time: 1.079 sec / Speedup: 1.000 / Efficiency: 100% / LogL: -17949
Determining AUTO threadcount: done in 1.07947 secs using 98.7% CPU
BEST NUMBER OF THREADS: 1

315  K3Pu+F+R4     9255.249     350 19210.497    20120.497    20761.463
Measuring multi-threading efficiency up to 1 CPU cores
Increase to 10 rounds for branch lengths
14 trees examined
Threads: 1 / Time: 1.062 sec / Speedup: 1.000 / Efficiency: 100% / LogL: -17619
Determining AUTO threadcount: done in 1.06236 secs using 98.58% CPU
BEST NUMBER OF THREADS: 1

323  K3Pu+F+I+I+R3 9253.247     349 19204.493    20105.969    20751.028
Measuring multi-threading efficiency up to 1 CPU cores
Increase to 10 rounds for branch lengths
11 trees examined
Threads: 1 / Time: 1.008 sec / Speedup: 1.000 / Efficiency: 100% / LogL: -17500
Determining AUTO threadcount: done in 1.00772 secs using 98.71% CPU
BEST NUMBER OF THREADS: 1

324  K3Pu+F+I+I+R4 9249.989     351 19201.979    20120.581    20757.376
Measuring multi-threading efficiency up to 1 CPU cores
Increase to 10 rounds for branch lengths
12 trees examined
Threads: 1 / Time: 1.056 sec / Speedup: 1.000 / Efficiency: 100% / LogL: -17615
Determining AUTO threadcount: done in 1.05566 secs using 98.38% CPU
BEST NUMBER OF THREADS: 1

334  K3P+I+G4      9268.959     343 19223.918    20075.845    20743.864
Measuring multi-threading efficiency up to 1 CPU cores
Increase to 10 rounds for branch lengths
12 trees examined
Threads: 1 / Time: 1.052 sec / Speedup: 1.000 / Efficiency: 100% / LogL: -17789
Determining AUTO threadcount: done in 1.05219 secs using 98% CPU
BEST NUMBER OF THREADS: 1

337  K3P+R4        9261.668     347 19217.335    20101.995    20755.007
Measuring multi-threading efficiency up to 1 CPU cores
Increase to 10 rounds for branch lengths
14 trees examined
Threads: 1 / Time: 1.059 sec / Speedup: 1.000 / Efficiency: 100% / LogL: -17523
Determining AUTO threadcount: done in 1.05932 secs using 97.82% CPU
BEST NUMBER OF THREADS: 1

345  K3P+I+I+R3    9259.586     346 19211.172    20087.537    20744.413
Measuring multi-threading efficiency up to 1 CPU cores
Increase to 10 rounds for branch lengths
11 trees examined
Threads: 1 / Time: 1.015 sec / Speedup: 1.000 / Efficiency: 100% / LogL: -17452
Determining AUTO threadcount: done in 1.01456 secs using 98.81% CPU
BEST NUMBER OF THREADS: 1

346  K3P+I+I+R4    9257.637     348 19211.274    20104.304    20753.377
Measuring multi-threading efficiency up to 1 CPU cores
Increase to 10 rounds for branch lengths
12 trees examined
Threads: 1 / Time: 1.066 sec / Speedup: 1.000 / Efficiency: 100% / LogL: -17661
Determining AUTO threadcount: done in 1.06593 secs using 98.49% CPU
BEST NUMBER OF THREADS: 1

356  TN+F+I+G4     9255.553     346 19203.106    20079.471    20736.346
Measuring multi-threading efficiency up to 1 CPU cores
Increase to 10 rounds for branch lengths
12 trees examined
Threads: 1 / Time: 1.084 sec / Speedup: 1.000 / Efficiency: 100% / LogL: -17823
Determining AUTO threadcount: done in 1.08454 secs using 98.8% CPU
BEST NUMBER OF THREADS: 1

359  TN+F+R4       9247.692     350 19195.385    20105.385    20746.351
Measuring multi-threading efficiency up to 1 CPU cores
Increase to 10 rounds for branch lengths
14 trees examined
Threads: 1 / Time: 1.020 sec / Speedup: 1.000 / Efficiency: 100% / LogL: -17675
Determining AUTO threadcount: done in 1.01969 secs using 98.62% CPU
BEST NUMBER OF THREADS: 1

367  TN+F+I+I+R3   9245.614     349 19189.229    20090.705    20735.763
Measuring multi-threading efficiency up to 1 CPU cores
Increase to 10 rounds for branch lengths
12 trees examined
Threads: 1 / Time: 1.080 sec / Speedup: 1.000 / Efficiency: 100% / LogL: -17315
Determining AUTO threadcount: done in 1.07961 secs using 98.98% CPU
BEST NUMBER OF THREADS: 1

368  TN+F+I+I+R4   9243.176     351 19188.351    20106.954    20743.749
Measuring multi-threading efficiency up to 1 CPU cores
Increase to 10 rounds for branch lengths
12 trees examined
Threads: 1 / Time: 1.047 sec / Speedup: 1.000 / Efficiency: 100% / LogL: -17577
Determining AUTO threadcount: done in 1.0473 secs using 98.37% CPU
BEST NUMBER OF THREADS: 1

378  TNe+I+G4      9269.902     343 19225.804    20077.732    20745.750
Measuring multi-threading efficiency up to 1 CPU cores
Increase to 10 rounds for branch lengths
12 trees examined
Threads: 1 / Time: 1.058 sec / Speedup: 1.000 / Efficiency: 100% / LogL: -17973
Determining AUTO threadcount: done in 1.0577 secs using 98.86% CPU
BEST NUMBER OF THREADS: 1

381  TNe+R4        9262.030     347 19218.061    20102.720    20755.733
Measuring multi-threading efficiency up to 1 CPU cores
Increase to 10 rounds for branch lengths
14 trees examined
Threads: 1 / Time: 1.049 sec / Speedup: 1.000 / Efficiency: 100% / LogL: -17628
Determining AUTO threadcount: done in 1.0492 secs using 97.99% CPU
BEST NUMBER OF THREADS: 1

389  TNe+I+I+R3    9259.752     346 19211.505    20087.870    20744.745
Measuring multi-threading efficiency up to 1 CPU cores
Increase to 10 rounds for branch lengths
11 trees examined
Threads: 1 / Time: 1.034 sec / Speedup: 1.000 / Efficiency: 100% / LogL: -17661
Determining AUTO threadcount: done in 1.03413 secs using 98.83% CPU
BEST NUMBER OF THREADS: 1

390  TNe+I+I+R4    9257.974     348 19211.948    20104.977    20754.051
Measuring multi-threading efficiency up to 1 CPU cores
Increase to 10 rounds for branch lengths
12 trees examined
Threads: 1 / Time: 1.082 sec / Speedup: 1.000 / Efficiency: 100% / LogL: -17569
Determining AUTO threadcount: done in 1.08166 secs using 98.5% CPU
BEST NUMBER OF THREADS: 1

400  HKY+F+I+G4    9264.821     345 19219.643    20087.788    20748.452
Measuring multi-threading efficiency up to 1 CPU cores
Increase to 10 rounds for branch lengths
11 trees examined
Threads: 1 / Time: 1.029 sec / Speedup: 1.000 / Efficiency: 100% / LogL: -18037
Determining AUTO threadcount: done in 1.02907 secs using 97.68% CPU
BEST NUMBER OF THREADS: 1

403  HKY+F+R4      9259.212     349 19216.423    20117.899    20762.958
Measuring multi-threading efficiency up to 1 CPU cores
Increase to 10 rounds for branch lengths
14 trees examined
Threads: 1 / Time: 1.066 sec / Speedup: 1.000 / Efficiency: 100% / LogL: -17714
Determining AUTO threadcount: done in 1.0663 secs using 98.67% CPU
BEST NUMBER OF THREADS: 1

411  HKY+F+I+I+R3  9257.280     348 19210.560    20103.589    20752.663
Measuring multi-threading efficiency up to 1 CPU cores
Increase to 10 rounds for branch lengths
11 trees examined
Threads: 1 / Time: 1.028 sec / Speedup: 1.000 / Efficiency: 100% / LogL: -17590
Determining AUTO threadcount: done in 1.02762 secs using 99.12% CPU
BEST NUMBER OF THREADS: 1

412  HKY+F+I+I+R4  9254.046     350 19208.093    20118.093    20759.059
Measuring multi-threading efficiency up to 1 CPU cores
Increase to 10 rounds for branch lengths
12 trees examined
Threads: 1 / Time: 1.078 sec / Speedup: 1.000 / Efficiency: 100% / LogL: -17691
Determining AUTO threadcount: done in 1.07766 secs using 98.42% CPU
BEST NUMBER OF THREADS: 1

422  K2P+I+G4      9270.184     342 19224.369    20068.297    20739.884
Measuring multi-threading efficiency up to 1 CPU cores
Increase to 10 rounds for branch lengths
12 trees examined
Threads: 1 / Time: 1.068 sec / Speedup: 1.000 / Efficiency: 100% / LogL: -18041
Determining AUTO threadcount: done in 1.06819 secs using 98.78% CPU
BEST NUMBER OF THREADS: 1

425  K2P+R4        9262.901     346 19217.803    20094.167    20751.043
Measuring multi-threading efficiency up to 1 CPU cores
Increase to 10 rounds for branch lengths
14 trees examined
Threads: 1 / Time: 1.072 sec / Speedup: 1.000 / Efficiency: 100% / LogL: -17299
Determining AUTO threadcount: done in 1.07215 secs using 97.85% CPU
BEST NUMBER OF THREADS: 1

433  K2P+I+I+R3    9260.823     345 19211.646    20079.791    20740.455
Measuring multi-threading efficiency up to 1 CPU cores
Increase to 10 rounds for branch lengths
11 trees examined
Threads: 1 / Time: 1.064 sec / Speedup: 1.000 / Efficiency: 100% / LogL: -17409
Determining AUTO threadcount: done in 1.06378 secs using 98.12% CPU
BEST NUMBER OF THREADS: 1

434  K2P+I+I+R4    9258.893     347 19211.785    20096.445    20749.457
Measuring multi-threading efficiency up to 1 CPU cores
Increase to 10 rounds for branch lengths
11 trees examined
Threads: 1 / Time: 1.022 sec / Speedup: 1.000 / Efficiency: 100% / LogL: -18997
Determining AUTO threadcount: done in 1.02258 secs using 99.11% CPU
BEST NUMBER OF THREADS: 1

444  F81+F+I+G4    9775.019     344 20238.038    21098.038    21762.416
Measuring multi-threading efficiency up to 1 CPU cores
Increase to 10 rounds for branch lengths
11 trees examined
Threads: 1 / Time: 1.004 sec / Speedup: 1.000 / Efficiency: 100% / LogL: -19429
Determining AUTO threadcount: done in 1.00413 secs using 98.7% CPU
BEST NUMBER OF THREADS: 1

447  F81+F+R4      9767.170     348 20230.340    21123.369    21772.443
Measuring multi-threading efficiency up to 1 CPU cores
Increase to 10 rounds for branch lengths
14 trees examined
Threads: 1 / Time: 1.076 sec / Speedup: 1.000 / Efficiency: 100% / LogL: -18973
Determining AUTO threadcount: done in 1.07574 secs using 98.14% CPU
BEST NUMBER OF THREADS: 1

455  F81+F+I+I+R3  9764.800     347 20223.600    21108.259    21761.271
Measuring multi-threading efficiency up to 1 CPU cores
Increase to 10 rounds for branch lengths
11 trees examined
Threads: 1 / Time: 1.020 sec / Speedup: 1.000 / Efficiency: 100% / LogL: -18675
Determining AUTO threadcount: done in 1.0205 secs using 97.55% CPU
BEST NUMBER OF THREADS: 1

456  F81+F+I+I+R4  9763.344     349 20224.687    21126.163    21771.222
Measuring multi-threading efficiency up to 1 CPU cores
Increase to 10 rounds for branch lengths
11 trees examined
Threads: 1 / Time: 1.011 sec / Speedup: 1.000 / Efficiency: 100% / LogL: -18713
Determining AUTO threadcount: done in 1.0107 secs using 99.2% CPU
BEST NUMBER OF THREADS: 1

466  JC+I+G4       9745.182     341 20172.365    21008.365    21683.449
Measuring multi-threading efficiency up to 1 CPU cores
Increase to 10 rounds for branch lengths
11 trees examined
Threads: 1 / Time: 1.004 sec / Speedup: 1.000 / Efficiency: 100% / LogL: -19239
Determining AUTO threadcount: done in 1.00383 secs using 98.8% CPU
BEST NUMBER OF THREADS: 1

469  JC+R4         9737.614     345 20165.228    21033.374    21694.038
Measuring multi-threading efficiency up to 1 CPU cores
Increase to 10 rounds for branch lengths
14 trees examined
Threads: 1 / Time: 1.072 sec / Speedup: 1.000 / Efficiency: 100% / LogL: -19081
Determining AUTO threadcount: done in 1.07231 secs using 98.22% CPU
BEST NUMBER OF THREADS: 1

477  JC+I+I+R3     9735.478     344 20158.957    21018.957    21683.335
Measuring multi-threading efficiency up to 1 CPU cores
Increase to 10 rounds for branch lengths
11 trees examined
Threads: 1 / Time: 1.017 sec / Speedup: 1.000 / Efficiency: 100% / LogL: -18851
Determining AUTO threadcount: done in 1.01676 secs using 98.62% CPU
BEST NUMBER OF THREADS: 1

478  JC+I+I+R4     9734.107     346 20160.214    21036.579    21693.454
Akaike Information Criterion:           GTR+F+I+I+R4
Corrected Akaike Information Criterion: TPM3+I+G4
Bayesian Information Criterion:         TPM3+I+G4
Best-fit model: TPM3+I+G4 chosen according to BIC

All model information printed to /home/aglucaci/AOC-REM2/results/mammalian_REM2/mammalian_REM2.2.codon.fas.model.gz
CPU time for ModelFinder: 217.382 seconds (0h:3m:37s)
Wall-clock time for ModelFinder: 219.323 seconds (0h:3m:39s)

NOTE: 6 MB RAM (0 GB) is required!
Measuring multi-threading efficiency up to 1 CPU cores
Increase to 10 rounds for branch lengths
11 trees examined
Threads: 1 / Time: 1.022 sec / Speedup: 1.000 / Efficiency: 100% / LogL: -18968
Determining AUTO threadcount: done in 1.02258 secs using 98.92% CPU
BEST NUMBER OF THREADS: 1

Estimate model parameters (epsilon = 0.100)
Thoroughly optimizing +I+G parameters from 10 start values...
Init pinv, alpha: 0.000, 1.431 / Estimate: 0.000, 0.581 / LogL: -9288.565
Init pinv, alpha: 0.053, 1.431 / Estimate: 0.270, 1.411 / LogL: -9259.559
Init pinv, alpha: 0.106, 1.431 / Estimate: 0.271, 1.415 / LogL: -9259.554
Init pinv, alpha: 0.159, 1.431 / Estimate: 0.271, 1.417 / LogL: -9259.547
Init pinv, alpha: 0.212, 1.431 / Estimate: 0.271, 1.416 / LogL: -9259.549
Init pinv, alpha: 0.265, 1.431 / Estimate: 0.270, 1.409 / LogL: -9259.560
Init pinv, alpha: 0.318, 1.431 / Estimate: 0.278, 1.440 / LogL: -9259.543
Init pinv, alpha: 0.371, 1.431 / Estimate: 0.280, 1.448 / LogL: -9259.559
Init pinv, alpha: 0.424, 1.431 / Estimate: 0.278, 1.443 / LogL: -9259.548
Init pinv, alpha: 0.477, 1.431 / Estimate: 0.279, 1.446 / LogL: -9259.555
Optimal pinv,alpha: 0.278, 1.440 / LogL: -9259.543

Parameters optimization took 2.825 sec
Wrote distance file to... 
Computing ML distances based on estimated model parameters...
Calculating distance matrix: done in 0.136595 secs using 100% CPU
Computing ML distances took 0.136836 sec (of wall-clock time) 0.136832 sec (of CPU time)
Setting up auxiliary I and S matrices: done in 0.000735711 secs
Constructing RapidNJ tree: done in 0.0142931 secs using 84.31% CPU
Computing RapidNJ tree took 0.015070 sec (of wall-clock time) 0.012076 sec (of CPU time)
Log-likelihood of RapidNJ tree: -9321.631
--------------------------------------------------------------------
|             INITIALIZING CANDIDATE TREE SET                      |
--------------------------------------------------------------------
Generating 98 parsimony trees... 1.815 second
Computing log-likelihood of 98 initial trees ... 1.288 seconds
Current best score: -9259.543

Do NNI search on 20 best initial trees
Optimizing NNI: done in 0.12246 secs using 98.36% CPU
Estimate model parameters (epsilon = 0.100)
BETTER TREE FOUND at iteration 1: -9259.451
Optimizing NNI: done in 0.3708 secs using 97.03% CPU
Estimate model parameters (epsilon = 0.100)
BETTER TREE FOUND at iteration 2: -9253.689
Optimizing NNI: done in 0.44072 secs using 97.27% CPU
Optimizing NNI: done in 0.340161 secs using 98.82% CPU
Optimizing NNI: done in 0.336573 secs using 99.1% CPU
Optimizing NNI: done in 0.358086 secs using 97.48% CPU
Optimizing NNI: done in 0.392196 secs using 98.21% CPU
Estimate model parameters (epsilon = 0.100)
BETTER TREE FOUND at iteration 7: -9253.489
Optimizing NNI: done in 0.376963 secs using 97.08% CPU
Estimate model parameters (epsilon = 0.100)
BETTER TREE FOUND at iteration 8: -9251.221
Optimizing NNI: done in 0.392065 secs using 98.21% CPU
Optimizing NNI: done in 0.339641 secs using 97.93% CPU
Iteration 10 / LogL: -9262.147 / Time: 0h:0m:10s
Optimizing NNI: done in 0.376548 secs using 98.67% CPU
Optimizing NNI: done in 0.339286 secs using 98.52% CPU
Optimizing NNI: done in 0.374212 secs using 98.66% CPU
Optimizing NNI: done in 0.355762 secs using 99.15% CPU
Optimizing NNI: done in 0.348368 secs using 98.85% CPU
Optimizing NNI: done in 0.397857 secs using 97.98% CPU
Optimizing NNI: done in 0.358058 secs using 98.6% CPU
Optimizing NNI: done in 0.391852 secs using 98.21% CPU
Optimizing NNI: done in 0.440829 secs using 98.18% CPU
Optimizing NNI: done in 0.390162 secs using 97.43% CPU
Iteration 20 / LogL: -9270.277 / Time: 0h:0m:14s
Finish initializing candidate tree set (20)
Current best tree score: -9251.221 / CPU time: 10.575
Number of iterations: 20
--------------------------------------------------------------------
|               OPTIMIZING CANDIDATE TREE SET                      |
--------------------------------------------------------------------
Optimizing NNI: done in 0.366646 secs using 98.36% CPU
Optimizing NNI: done in 0.314994 secs using 98.41% CPU
Optimizing NNI: done in 0.358515 secs using 98.32% CPU
Estimate model parameters (epsilon = 0.100)
BETTER TREE FOUND at iteration 23: -9249.769
Optimizing NNI: done in 0.400038 secs using 98% CPU
Optimizing NNI: done in 0.376223 secs using 98.13% CPU
Optimizing NNI: done in 0.388454 secs using 99.48% CPU
Optimizing NNI: done in 0.348368 secs using 97.41% CPU
Optimizing NNI: done in 0.390797 secs using 98.21% CPU
Optimizing NNI: done in 0.268439 secs using 97.01% CPU
Optimizing NNI: done in 0.393027 secs using 97.96% CPU
Iteration 30 / LogL: -9253.655 / Time: 0h:0m:18s (0h:0m:59s left)
Optimizing NNI: done in 0.382118 secs using 97.64% CPU
Optimizing NNI: done in 0.412787 secs using 98.06% CPU
Optimizing NNI: done in 0.448355 secs using 98.21% CPU
Optimizing NNI: done in 0.483307 secs using 98.13% CPU
Optimizing NNI: done in 0.346005 secs using 97.68% CPU
Optimizing NNI: done in 0.288284 secs using 97.22% CPU
Optimizing NNI: done in 0.381321 secs using 98.16% CPU
Optimizing NNI: done in 0.40068 secs using 97.75% CPU
Optimizing NNI: done in 0.335824 secs using 99.7% CPU
Optimizing NNI: done in 0.269964 secs using 97.03% CPU
Iteration 40 / LogL: -9284.163 / Time: 0h:0m:22s (0h:0m:47s left)
Optimizing NNI: done in 0.414575 secs using 97.58% CPU
Optimizing NNI: done in 0.282521 secs using 98.58% CPU
Optimizing NNI: done in 0.405127 secs using 97.53% CPU
Optimizing NNI: done in 0.420283 secs using 98.09% CPU
Optimizing NNI: done in 0.392204 secs using 95.92% CPU
Optimizing NNI: done in 0.396754 secs using 98.48% CPU
Optimizing NNI: done in 0.45365 secs using 98.01% CPU
Optimizing NNI: done in 0.319341 secs using 95.92% CPU
Optimizing NNI: done in 0.4032 secs using 97.76% CPU
Optimizing NNI: done in 0.451463 secs using 97.97% CPU
Iteration 50 / LogL: -9251.966 / Time: 0h:0m:26s (0h:0m:39s left)
Optimizing NNI: done in 0.371768 secs using 97.55% CPU
Optimizing NNI: done in 0.397611 secs using 98.7% CPU
Optimizing NNI: done in 0.402205 secs using 97.26% CPU
Optimizing NNI: done in 0.408163 secs using 98.03% CPU
Optimizing NNI: done in 0.403318 secs using 99.5% CPU
Optimizing NNI: done in 0.341085 secs using 98.81% CPU
Optimizing NNI: done in 0.411397 secs using 98.05% CPU
Optimizing NNI: done in 0.376601 secs using 98.67% CPU
Optimizing NNI: done in 0.365223 secs using 98.63% CPU
Optimizing NNI: done in 0.392065 secs using 98.72% CPU
Iteration 60 / LogL: -9268.845 / Time: 0h:0m:30s (0h:0m:32s left)
Optimizing NNI: done in 0.33313 secs using 98.2% CPU
Optimizing NNI: done in 0.322158 secs using 99.37% CPU
Optimizing NNI: done in 0.401619 secs using 98.75% CPU
Optimizing NNI: done in 0.429025 secs using 97.2% CPU
Optimizing NNI: done in 0.323898 secs using 99.38% CPU
Optimizing NNI: done in 0.39471 secs using 97.72% CPU
Optimizing NNI: done in 0.388401 secs using 98.45% CPU
Optimizing NNI: done in 0.350646 secs using 98.85% CPU
Optimizing NNI: done in 0.39174 secs using 97.95% CPU
Optimizing NNI: done in 0.369723 secs using 98.37% CPU
Estimate model parameters (epsilon = 0.100)
BETTER TREE FOUND at iteration 70: -9249.575
Iteration 70 / LogL: -9249.575 / Time: 0h:0m:33s (0h:0m:49s left)
Optimizing NNI: done in 0.389554 secs using 98.71% CPU
Optimizing NNI: done in 0.333636 secs using 98.5% CPU
Optimizing NNI: done in 0.367183 secs using 97.54% CPU
Optimizing NNI: done in 0.413885 secs using 98.3% CPU
Optimizing NNI: done in 0.352125 secs using 98.86% CPU
Optimizing NNI: done in 0.373732 secs using 98.66% CPU
Optimizing NNI: done in 0.302462 secs using 98.34% CPU
Optimizing NNI: done in 0.471819 secs using 98.51% CPU
Optimizing NNI: done in 0.335776 secs using 97.32% CPU
Optimizing NNI: done in 0.36013 secs using 98.88% CPU
BETTER TREE FOUND at iteration 80: -9249.572
Iteration 80 / LogL: -9249.572 / Time: 0h:0m:37s (0h:0m:47s left)
Optimizing NNI: done in 0.410857 secs using 99.02% CPU
Optimizing NNI: done in 0.329378 secs using 97.87% CPU
Optimizing NNI: done in 0.411456 secs using 98.05% CPU
Optimizing NNI: done in 0.345873 secs using 99.13% CPU
Optimizing NNI: done in 0.402261 secs using 97.01% CPU
Optimizing NNI: done in 0.348528 secs using 98.56% CPU
Optimizing NNI: done in 0.377651 secs using 97.88% CPU
Optimizing NNI: done in 0.355463 secs using 98.59% CPU
Optimizing NNI: done in 0.358132 secs using 98.04% CPU
Optimizing NNI: done in 0.307831 secs using 97.72% CPU
Iteration 90 / LogL: -9249.575 / Time: 0h:0m:41s (0h:0m:41s left)
Optimizing NNI: done in 0.361599 secs using 97.78% CPU
Optimizing NNI: done in 0.362832 secs using 97.79% CPU
Optimizing NNI: done in 0.370185 secs using 98.64% CPU
Optimizing NNI: done in 0.312807 secs using 98.4% CPU
Optimizing NNI: done in 0.388835 secs using 98.45% CPU
Optimizing NNI: done in 0.400519 secs using 99.49% CPU
Optimizing NNI: done in 0.420131 secs using 97.85% CPU
Optimizing NNI: done in 0.387315 secs using 97.93% CPU
Optimizing NNI: done in 0.330409 secs using 98.78% CPU
Optimizing NNI: done in 0.387744 secs using 98.97% CPU
Iteration 100 / LogL: -9260.993 / Time: 0h:0m:45s (0h:0m:36s left)
Optimizing NNI: done in 0.349025 secs using 97.42% CPU
Optimizing NNI: done in 0.356322 secs using 97.74% CPU
Optimizing NNI: done in 0.437622 secs using 99.54% CPU
Optimizing NNI: done in 0.358892 secs using 98.88% CPU
Optimizing NNI: done in 0.491523 secs using 98.98% CPU
Estimate model parameters (epsilon = 0.100)
BETTER TREE FOUND at iteration 105: -9247.602
Optimizing NNI: done in 0.33325 secs using 98.19% CPU
Optimizing NNI: done in 0.340584 secs using 97.65% CPU
Optimizing NNI: done in 0.349065 secs using 97.12% CPU
Optimizing NNI: done in 0.361465 secs using 97.78% CPU
Optimizing NNI: done in 0.344295 secs using 97.96% CPU
Iteration 110 / LogL: -9280.656 / Time: 0h:0m:49s (0h:0m:42s left)
Optimizing NNI: done in 0.417111 secs using 97.6% CPU
Optimizing NNI: done in 0.36518 secs using 98.9% CPU
Optimizing NNI: done in 0.403512 secs using 98.76% CPU
Optimizing NNI: done in 0.464667 secs using 98.7% CPU
Estimate model parameters (epsilon = 0.100)
BETTER TREE FOUND at iteration 114: -9247.501
Optimizing NNI: done in 0.378216 secs using 97.35% CPU
Estimate model parameters (epsilon = 0.100)
BETTER TREE FOUND at iteration 115: -9246.757
Optimizing NNI: done in 0.436288 secs using 98.16% CPU
Optimizing NNI: done in 0.342526 secs using 98.83% CPU
Optimizing NNI: done in 0.353013 secs using 98.86% CPU
Optimizing NNI: done in 0.378781 secs using 96.83% CPU
Optimizing NNI: done in 0.450809 secs using 98.22% CPU
Iteration 120 / LogL: -9248.532 / Time: 0h:0m:53s (0h:0m:42s left)
Optimizing NNI: done in 0.39709 secs using 98.48% CPU
Optimizing NNI: done in 0.410928 secs using 98.78% CPU
Optimizing NNI: done in 0.402623 secs using 98.01% CPU
Optimizing NNI: done in 0.489771 secs using 98.16% CPU
Optimizing NNI: done in 0.384309 secs using 98.69% CPU
Optimizing NNI: done in 0.345696 secs using 97.68% CPU
Optimizing NNI: done in 0.396494 secs using 98.99% CPU
Optimizing NNI: done in 0.351235 secs using 98% CPU
Optimizing NNI: done in 0.402499 secs using 98.26% CPU
Optimizing NNI: done in 0.370184 secs using 99.16% CPU
Iteration 130 / LogL: -9247.283 / Time: 0h:0m:57s (0h:0m:37s left)
Optimizing NNI: done in 0.490281 secs using 98.05% CPU
Optimizing NNI: done in 0.446565 secs using 97.95% CPU
Optimizing NNI: done in 0.385165 secs using 97.13% CPU
Optimizing NNI: done in 0.366721 secs using 98.91% CPU
Optimizing NNI: done in 0.393523 secs using 97.96% CPU
Optimizing NNI: done in 0.470134 secs using 98.29% CPU
Optimizing NNI: done in 0.337072 secs using 97.92% CPU
Optimizing NNI: done in 0.423577 secs using 97.16% CPU
Optimizing NNI: done in 0.412043 secs using 97.81% CPU
Optimizing NNI: done in 0.363492 secs using 98.89% CPU
Estimate model parameters (epsilon = 0.100)
BETTER TREE FOUND at iteration 140: -9246.667
Iteration 140 / LogL: -9246.667 / Time: 0h:1m:1s (0h:0m:44s left)
Optimizing NNI: done in 0.372305 secs using 97.58% CPU
Optimizing NNI: done in 0.410574 secs using 98.53% CPU
Optimizing NNI: done in 0.394853 secs using 98.48% CPU
Optimizing NNI: done in 0.334518 secs using 98.2% CPU
BETTER TREE FOUND at iteration 144: -9246.667
Optimizing NNI: done in 0.446751 secs using 97.76% CPU
Optimizing NNI: done in 0.370361 secs using 99.45% CPU
Optimizing NNI: done in 0.406398 secs using 99.01% CPU
Optimizing NNI: done in 0.329814 secs using 97.57% CPU
Optimizing NNI: done in 0.393976 secs using 98.98% CPU
Optimizing NNI: done in 0.394375 secs using 99.49% CPU
Iteration 150 / LogL: -9247.283 / Time: 0h:1m:5s (0h:0m:41s left)
Optimizing NNI: done in 0.374283 secs using 99.19% CPU
Optimizing NNI: done in 0.313448 secs using 97.44% CPU
Optimizing NNI: done in 0.403977 secs using 97.27% CPU
Optimizing NNI: done in 0.341954 secs using 97.95% CPU
Optimizing NNI: done in 0.432649 secs using 99.07% CPU
Optimizing NNI: done in 0.349077 secs using 99.14% CPU
Optimizing NNI: done in 0.342868 secs using 98.24% CPU
Optimizing NNI: done in 0.42245 secs using 99.05% CPU
Optimizing NNI: done in 0.459922 secs using 98.25% CPU
Optimizing NNI: done in 0.308629 secs using 98.05% CPU
Iteration 160 / LogL: -9307.921 / Time: 0h:1m:9s (0h:0m:36s left)
Optimizing NNI: done in 0.391159 secs using 99.23% CPU
Optimizing NNI: done in 0.433972 secs using 98.38% CPU
Optimizing NNI: done in 0.345828 secs using 97.39% CPU
Optimizing NNI: done in 0.388681 secs using 98.71% CPU
Optimizing NNI: done in 0.416785 secs using 98.08% CPU
Optimizing NNI: done in 0.40148 secs using 97.5% CPU
Optimizing NNI: done in 0.479603 secs using 98.74% CPU
Optimizing NNI: done in 0.386667 secs using 98.96% CPU
Optimizing NNI: done in 0.341011 secs using 97.94% CPU
Optimizing NNI: done in 0.305776 secs using 97.38% CPU
Iteration 170 / LogL: -9254.516 / Time: 0h:1m:13s (0h:0m:31s left)
Optimizing NNI: done in 0.458136 secs using 99.34% CPU
Optimizing NNI: done in 0.350992 secs using 97.72% CPU
Optimizing NNI: done in 0.39625 secs using 97.47% CPU
Optimizing NNI: done in 0.375999 secs using 97.07% CPU
Optimizing NNI: done in 0.376964 secs using 97.61% CPU
Optimizing NNI: done in 0.401868 secs using 98.5% CPU
Estimate model parameters (epsilon = 0.100)
BETTER TREE FOUND at iteration 176: -9246.352
Optimizing NNI: done in 0.419702 secs using 97.61% CPU
Optimizing NNI: done in 0.438642 secs using 98.85% CPU
Optimizing NNI: done in 0.399412 secs using 97.24% CPU
Optimizing NNI: done in 0.334076 secs using 95.8% CPU
Iteration 180 / LogL: -9246.923 / Time: 0h:1m:17s (0h:0m:41s left)
Optimizing NNI: done in 0.312834 secs using 98.08% CPU
Optimizing NNI: done in 0.303091 secs using 99.01% CPU
Optimizing NNI: done in 0.44184 secs using 97.51% CPU
Optimizing NNI: done in 0.349771 secs using 97.14% CPU
Optimizing NNI: done in 0.308373 secs using 98.7% CPU
Optimizing NNI: done in 0.417127 secs using 97.12% CPU
Optimizing NNI: done in 0.29894 secs using 97.65% CPU
Optimizing NNI: done in 0.380028 secs using 97.89% CPU
Estimate model parameters (epsilon = 0.100)
BETTER TREE FOUND at iteration 188: -9246.340
Optimizing NNI: done in 0.404486 secs using 99.75% CPU
Optimizing NNI: done in 0.393344 secs using 98.47% CPU
Iteration 190 / LogL: -9253.290 / Time: 0h:1m:20s (0h:0m:41s left)
Optimizing NNI: done in 0.394586 secs using 99.24% CPU
Optimizing NNI: done in 0.293653 secs using 97.27% CPU
Optimizing NNI: done in 0.366481 secs using 97.27% CPU
Optimizing NNI: done in 0.320085 secs using 98.75% CPU
Optimizing NNI: done in 0.389281 secs using 96.14% CPU
Optimizing NNI: done in 0.364722 secs using 98.08% CPU
Optimizing NNI: done in 0.384713 secs using 98.18% CPU
Optimizing NNI: done in 0.341625 secs using 98.24% CPU
Optimizing NNI: done in 0.410648 secs using 99.26% CPU
Optimizing NNI: done in 0.432759 secs using 96.99% CPU
Iteration 200 / LogL: -9246.729 / Time: 0h:1m:24s (0h:0m:37s left)
Optimizing NNI: done in 0.364352 secs using 98.35% CPU
Optimizing NNI: done in 0.337548 secs using 98.22% CPU
Optimizing NNI: done in 0.355814 secs using 98.03% CPU
Optimizing NNI: done in 0.373693 secs using 98.12% CPU
Optimizing NNI: done in 0.37682 secs using 99.2% CPU
Optimizing NNI: done in 0.408745 secs using 97.79% CPU
Optimizing NNI: done in 0.467485 secs using 98.07% CPU
Optimizing NNI: done in 0.338602 secs using 97.63% CPU
Optimizing NNI: done in 0.37394 secs using 98.63% CPU
Optimizing NNI: done in 0.424211 secs using 98.31% CPU
Iteration 210 / LogL: -9271.158 / Time: 0h:1m:28s (0h:0m:33s left)
Optimizing NNI: done in 0.377949 secs using 98.04% CPU
Optimizing NNI: done in 0.297299 secs using 98.29% CPU
Estimate model parameters (epsilon = 0.100)
BETTER TREE FOUND at iteration 212: -9246.307
Optimizing NNI: done in 0.38651 secs using 98.44% CPU
Optimizing NNI: done in 0.396303 secs using 98.23% CPU
Optimizing NNI: done in 0.341374 secs using 97.36% CPU
Optimizing NNI: done in 0.336139 secs using 98.51% CPU
Optimizing NNI: done in 0.330369 secs using 97.27% CPU
Optimizing NNI: done in 0.371692 secs using 97.84% CPU
Optimizing NNI: done in 0.409118 secs using 98.53% CPU
Optimizing NNI: done in 0.235019 secs using 98.71% CPU
Iteration 220 / LogL: -9248.975 / Time: 0h:1m:32s (0h:0m:38s left)
Optimizing NNI: done in 0.306298 secs using 98.04% CPU
Optimizing NNI: done in 0.339212 secs using 97.93% CPU
Optimizing NNI: done in 0.329238 secs using 98.78% CPU
Optimizing NNI: done in 0.333612 secs using 99.4% CPU
Estimate model parameters (epsilon = 0.100)
BETTER TREE FOUND at iteration 224: -9246.257
Optimizing NNI: done in 0.336146 secs using 99.4% CPU
Optimizing NNI: done in 0.443264 secs using 99.32% CPU
Optimizing NNI: done in 0.402539 secs using 99% CPU
Optimizing NNI: done in 0.38888 secs using 97.68% CPU
Optimizing NNI: done in 0.297784 secs using 96.98% CPU
Optimizing NNI: done in 0.401782 secs using 98.25% CPU
Iteration 230 / LogL: -9246.658 / Time: 0h:1m:35s (0h:0m:39s left)
Optimizing NNI: done in 0.273031 secs using 98.16% CPU
Optimizing NNI: done in 0.307362 secs using 97.72% CPU
Optimizing NNI: done in 0.314217 secs using 98.72% CPU
Optimizing NNI: done in 0.418997 secs using 98.32% CPU
Optimizing NNI: done in 0.312791 secs using 97.44% CPU
Optimizing NNI: done in 0.359451 secs using 97.77% CPU
Optimizing NNI: done in 0.299004 secs using 98.32% CPU
Optimizing NNI: done in 0.463744 secs using 98.92% CPU
Optimizing NNI: done in 0.395193 secs using 99.49% CPU
Optimizing NNI: done in 0.295473 secs using 98.64% CPU
Iteration 240 / LogL: -9253.396 / Time: 0h:1m:39s (0h:0m:34s left)
Optimizing NNI: done in 0.376527 secs using 97.6% CPU
Optimizing NNI: done in 0.408588 secs using 98.04% CPU
Optimizing NNI: done in 0.343068 secs using 97.37% CPU
Optimizing NNI: done in 0.341248 secs using 97.06% CPU
Optimizing NNI: done in 0.327959 secs using 98.47% CPU
Optimizing NNI: done in 0.403134 secs using 98.76% CPU
Optimizing NNI: done in 0.341207 secs using 99.11% CPU
Optimizing NNI: done in 0.35605 secs using 99.15% CPU
Optimizing NNI: done in 0.399011 secs using 98.24% CPU
Optimizing NNI: done in 0.304843 secs using 99.01% CPU
Iteration 250 / LogL: -9248.086 / Time: 0h:1m:42s (0h:0m:30s left)
Optimizing NNI: done in 0.379506 secs using 98.68% CPU
Optimizing NNI: done in 0.422458 secs using 98.33% CPU
Optimizing NNI: done in 0.395451 secs using 98.48% CPU
Optimizing NNI: done in 0.331151 secs using 98.18% CPU
Optimizing NNI: done in 0.468115 secs using 98.5% CPU
Optimizing NNI: done in 0.464697 secs using 96.77% CPU
Optimizing NNI: done in 0.392839 secs using 98.47% CPU
Optimizing NNI: done in 0.413808 secs using 97.82% CPU
Optimizing NNI: done in 0.324441 secs using 96.6% CPU
Optimizing NNI: done in 0.400181 secs using 97% CPU
Iteration 260 / LogL: -9246.583 / Time: 0h:1m:46s (0h:0m:26s left)
Optimizing NNI: done in 0.364864 secs using 97.8% CPU
Optimizing NNI: done in 0.379646 secs using 98.68% CPU
Optimizing NNI: done in 0.371511 secs using 98.11% CPU
Optimizing NNI: done in 0.410732 secs using 97.8% CPU
Optimizing NNI: done in 0.282123 secs using 97.87% CPU
Optimizing NNI: done in 0.401093 secs using 98% CPU
Optimizing NNI: done in 0.444263 secs using 98.19% CPU
Optimizing NNI: done in 0.359547 secs using 98.88% CPU
Optimizing NNI: done in 0.313223 secs using 98.08% CPU
Optimizing NNI: done in 0.383713 secs using 97.65% CPU
Iteration 270 / LogL: -9281.925 / Time: 0h:1m:50s (0h:0m:22s left)
Optimizing NNI: done in 0.424982 secs using 98.34% CPU
Optimizing NNI: done in 0.422726 secs using 98.81% CPU
Optimizing NNI: done in 0.428336 secs using 97.89% CPU
Optimizing NNI: done in 0.461406 secs using 98.26% CPU
Optimizing NNI: done in 0.303302 secs using 98.34% CPU
Optimizing NNI: done in 0.516097 secs using 98.25% CPU
Optimizing NNI: done in 0.366836 secs using 98.63% CPU
Optimizing NNI: done in 0.277857 secs using 98.55% CPU
Optimizing NNI: done in 0.333349 secs using 98.8% CPU
Optimizing NNI: done in 0.383158 secs using 99.73% CPU
Iteration 280 / LogL: -9246.434 / Time: 0h:1m:54s (0h:0m:18s left)
Optimizing NNI: done in 0.355337 secs using 96.62% CPU
Optimizing NNI: done in 0.431012 secs using 98.84% CPU
Optimizing NNI: done in 0.420942 secs using 99.04% CPU
Optimizing NNI: done in 0.307732 secs using 99.02% CPU
Optimizing NNI: done in 0.340576 secs using 98.53% CPU
Optimizing NNI: done in 0.337529 secs using 98.81% CPU
Optimizing NNI: done in 0.332028 secs using 96.98% CPU
Optimizing NNI: done in 0.371105 secs using 99.46% CPU
Optimizing NNI: done in 0.394586 secs using 98.98% CPU
Optimizing NNI: done in 0.334189 secs using 98.8% CPU
Iteration 290 / LogL: -9263.279 / Time: 0h:1m:58s (0h:0m:13s left)
Optimizing NNI: done in 0.340408 secs using 97.64% CPU
Optimizing NNI: done in 0.374133 secs using 99.19% CPU
Optimizing NNI: done in 0.375555 secs using 98.4% CPU
Optimizing NNI: done in 0.350517 secs using 97.13% CPU
Optimizing NNI: done in 0.331439 secs using 96.68% CPU
Optimizing NNI: done in 0.3734 secs using 98.39% CPU
Optimizing NNI: done in 0.32474 secs using 99.07% CPU
Optimizing NNI: done in 0.385621 secs using 97.14% CPU
Optimizing NNI: done in 0.30782 secs using 98.37% CPU
Optimizing NNI: done in 0.287451 secs using 99.3% CPU
Iteration 300 / LogL: -9247.671 / Time: 0h:2m:1s (0h:0m:9s left)
Optimizing NNI: done in 0.300482 secs using 97.67% CPU
Optimizing NNI: done in 0.334442 secs using 99.4% CPU
Optimizing NNI: done in 0.380591 secs using 96.84% CPU
Optimizing NNI: done in 0.401292 secs using 98% CPU
Optimizing NNI: done in 0.3388 secs using 98.22% CPU
Optimizing NNI: done in 0.328504 secs using 98.46% CPU
Optimizing NNI: done in 0.40324 secs using 98.26% CPU
Optimizing NNI: done in 0.350089 secs using 97.42% CPU
Optimizing NNI: done in 0.378364 secs using 98.93% CPU
Optimizing NNI: done in 0.419932 secs using 97.85% CPU
Iteration 310 / LogL: -9249.716 / Time: 0h:2m:5s (0h:0m:5s left)
Optimizing NNI: done in 0.414928 secs using 98.06% CPU
Optimizing NNI: done in 0.354972 secs using 99.43% CPU
Optimizing NNI: done in 0.398374 secs using 97.49% CPU
Optimizing NNI: done in 0.357293 secs using 97.2% CPU
Optimizing NNI: done in 0.395465 secs using 98.22% CPU
Optimizing NNI: done in 0.433965 secs using 98.38% CPU
Optimizing NNI: done in 0.343622 secs using 99.12% CPU
Optimizing NNI: done in 0.322518 secs using 98.14% CPU
Optimizing NNI: done in 0.344747 secs using 97.09% CPU
Optimizing NNI: done in 0.463019 secs using 98.05% CPU
Iteration 320 / LogL: -9254.740 / Time: 0h:2m:9s (0h:0m:1s left)
Optimizing NNI: done in 0.436483 secs using 98.85% CPU
Optimizing NNI: done in 0.407217 secs using 97.05% CPU
Optimizing NNI: done in 0.465425 secs using 97.63% CPU
Optimizing NNI: done in 0.351007 secs using 98% CPU
Optimizing NNI: done in 0.422934 secs using 98.1% CPU
TREE SEARCH COMPLETED AFTER 325 ITERATIONS / Time: 0h:2m:11s

--------------------------------------------------------------------
|                    FINALIZING TREE SEARCH                        |
--------------------------------------------------------------------
Performs final model parameters optimization
Estimate model parameters (epsilon = 0.010)
1. Initial log-likelihood: -9246.257
Optimal log-likelihood: -9246.257
Rate parameters:  A-C: 1.70536  A-G: 7.04228  A-T: 1.00000  C-G: 1.70536  C-T: 7.04228  G-T: 1.00000
Base frequencies:  A: 0.250  C: 0.250  G: 0.250  T: 0.250
Proportion of invariable sites: 0.275
Gamma shape alpha: 1.429
Parameters optimization took 1 rounds (0.035 sec)
BEST SCORE FOUND : -9246.257
Total tree length: 5.759

Total number of iterations: 325
CPU time used for tree search: 125.208 sec (0h:2m:5s)
Wall-clock time used for tree search: 127.483 sec (0h:2m:7s)
Total CPU time used: 129.328 sec (0h:2m:9s)
Total wall-clock time used: 131.647 sec (0h:2m:11s)

Analysis results written to: 
  IQ-TREE report:                /home/aglucaci/AOC-REM2/results/mammalian_REM2/mammalian_REM2.2.codon.fas.iqtree
  Maximum-likelihood tree:       /home/aglucaci/AOC-REM2/results/mammalian_REM2/mammalian_REM2.2.codon.fas.treefile
  Likelihood distances:          /home/aglucaci/AOC-REM2/results/mammalian_REM2/mammalian_REM2.2.codon.fas.mldist
  Screen log file:               /home/aglucaci/AOC-REM2/results/mammalian_REM2/mammalian_REM2.2.codon.fas.log

ALISIM COMMAND
--------------
--alisim simulated_MSA -t /home/aglucaci/AOC-REM2/results/mammalian_REM2/mammalian_REM2.2.codon.fas.treefile -m "TPM3{1.70536,7.04228}+FQ+I{0.275424}+G4{1.42943}" --length 621

Date and Time: Sun Jan  1 16:36:16 2023
