IQ-TREE multicore version 2.2.0.3 COVID-edition for Linux 64-bit built Aug  2 2022
Developed by Bui Quang Minh, James Barbetti, Nguyen Lam Tung,
Olga Chernomor, Heiko Schmidt, Dominik Schrempf, Michael Woodhams, Ly Trong Nhan.

Host:    n6 (AVX2, FMA3, 251 GB RAM)
Command: iqtree -s /home/aglucaci/AOC-REM2/results/mammalian_REM2/mammalian_REM2_codons.SA.fasta -T AUTO
Seed:    960722 (Using SPRNG - Scalable Parallel Random Number Generator)
Time:    Wed Feb  1 17:06:36 2023
Kernel:  AVX+FMA - auto-detect threads (8 CPU cores detected)

Reading alignment file /home/aglucaci/AOC-REM2/results/mammalian_REM2/mammalian_REM2_codons.SA.fasta ... Fasta format detected
Reading fasta file: done in 0.00566517 secs using 87.75% CPU
Alignment most likely contains DNA/RNA sequences
Constructing alignment: done in 0.00295855 secs using 97.78% CPU
Alignment has 175 sequences with 1968 columns, 978 distinct patterns
668 parsimony-informative, 266 singleton sites, 1034 constant sites
                                                                                                                                   Gap/Ambiguity  Composition  p-value
Analyzing sequences: done in 0.000345251 secs using 99.93% CPU
   1  NM_080726_3_Mus_musculus_rad_and_gem_related_GTP_binding_protein_2_Rem2_mRNA_1                                                      48.02%    passed     13.47%
   2  XM_009427474_3_PREDICTED_Pan_troglodytes_RRAD_and_GEM_like_GTPase_2_REM2_transcript_variant_X1_mRNA_1                               48.02%    passed     99.14%
   3  NM_001192708_1_Bos_taurus_RRAD_and_GEM_like_GTPase_2_REM2_mRNA_2                                                                    48.17%    passed     98.04%
   4  NM_022685_2_Rattus_norvegicus_RRAD_and_GEM_like_GTPase_2_Rem2_mRNA_1                                                                48.02%    passed     23.66%
   5  NM_173527_3_Homo_sapiens_RRAD_and_GEM_like_GTPase_2_REM2_mRNA_1                                                                     48.17%    passed     97.63%
   6  XM_005623217_4_PREDICTED_Canis_lupus_familiaris_RRAD_and_GEM_like_GTPase_2_REM2_transcript_variant_X1_mRNA_1                        47.41%    passed     30.17%
   7  XM_001100692_4_PREDICTED_Macaca_mulatta_RRAD_and_GEM_like_GTPase_2_REM2_mRNA_1                                                      48.17%    passed     99.61%
   8  XM_007479801_2_PREDICTED_Monodelphis_domestica_RAS_RAD_and_GEM_like_GTP_binding_2_REM2_mRNA_1                                       46.95%    passed     29.72%
   9  XM_023622024_1_PREDICTED_Equus_caballus_RRAD_and_GEM_like_GTPase_2_REM2_transcript_variant_X1_mRNA_1                                48.17%    passed     93.47%
  10  XM_051822640_1_PREDICTED_Oryctolagus_cuniculus_RRAD_and_GEM_like_GTPase_2_LOC100344089_mRNA_1                                       48.17%    passed     38.35%
  11  XM_035260095_1_PREDICTED_Callithrix_jacchus_RRAD_and_GEM_like_GTPase_2_REM2_transcript_variant_X1_mRNA_1                            48.17%    passed     89.17%
  12  XM_002824566_3_PREDICTED_Pongo_abelii_RRAD_and_GEM_like_GTPase_2_REM2_mRNA_1                                                        48.17%    passed     98.74%
  13  XM_003260595_2_PREDICTED_Nomascus_leucogenys_RRAD_and_GEM_like_GTPase_2_REM2_mRNA_1                                                 48.17%    passed     94.82%
  14  XM_021099265_1_PREDICTED_Sus_scrofa_RRAD_and_GEM_like_GTPase_2_REM2_transcript_variant_X1_mRNA_1                                    48.17%    passed     89.92%
  15  XM_003420937_2_PREDICTED_Loxodonta_africana_RRAD_and_GEM_like_GTPase_2_REM2_transcript_variant_X1_mRNA_1                            48.17%    passed     81.04%
  16  XM_029077766_2_PREDICTED_Ornithorhynchus_anatinus_RRAD_and_GEM_like_GTPase_2_REM2_mRNA_1                                            49.70%    failed      0.00%
  17  XM_023567007_1_PREDICTED_Cavia_porcellus_RRAD_and_GEM_like_GTPase_2_Rem2_transcript_variant_X2_mRNA_1                               48.48%    passed     50.98%
  18  XM_027390645_2_PREDICTED_Cricetulus_griseus_RRAD_and_GEM_like_GTPase_2_Rem2_transcript_variant_X2_mRNA_1                            49.24%    passed     84.40%
  19  XM_031955028_1_PREDICTED_Sarcophilus_harrisii_RRAD_and_GEM_like_GTPase_2_REM2_mRNA_1                                                47.26%    passed     38.31%
  20  XM_003801909_3_PREDICTED_Otolemur_garnettii_RRAD_and_GEM_like_GTPase_2_REM2_mRNA_1                                                  48.17%    passed     81.59%
  21  XM_008960213_2_PREDICTED_Pan_paniscus_RRAD_and_GEM_like_GTPase_2_REM2_transcript_variant_X1_mRNA_1                                  46.34%    passed     99.43%
  22  XM_003901565_5_PREDICTED_Papio_anubis_RRAD_and_GEM_like_GTPase_2_REM2_mRNA_1                                                        48.17%    passed     98.73%
  23  XM_003924335_3_PREDICTED_Saimiri_boliviensis_boliviensis_RRAD_and_GEM_like_GTPase_2_REM2_mRNA_1                                     48.17%    passed     99.90%
  24  XM_003987456_6_PREDICTED_Felis_catus_RRAD_and_GEM_like_GTPase_2_REM2_mRNA_1                                                         48.17%    passed     84.34%
  25  XM_027971647_2_PREDICTED_Ovis_aries_RRAD_and_GEM_like_GTPase_2_REM2_transcript_variant_X1_mRNA_1                                    48.02%    passed     93.53%
  26  XM_019009447_1_PREDICTED_Gorilla_gorilla_gorilla_RRAD_and_GEM_like_GTPase_2_REM2_transcript_variant_X1_mRNA_1                       28.81%    failed      2.24%
  27  XM_004283191_4_PREDICTED_Orcinus_orca_RRAD_and_GEM_like_GTPase_2_LOC101284288_transcript_variant_X1_mRNA_1                          48.17%    passed     74.28%
  28  XM_023724898_1_PREDICTED_Trichechus_manatus_latirostris_RRAD_and_GEM_like_GTPase_2_LOC101345257_transcript_variant_X1_mRNA_1        44.97%    passed     76.25%
  29  XM_004402108_1_PREDICTED_Odobenus_rosmarus_divergens_RAS_RAD_and_GEM_like_GTP_binding_2_REM2_mRNA_1                                 48.17%    passed     36.90%
  30  XM_004421250_2_PREDICTED_Ceratotherium_simum_simum_RAS_RAD_and_GEM_like_GTP_binding_2_LOC101388298_transcript_variant_X1_mRNA_1     48.17%    passed     67.73%
  31  XM_004474567_2_PREDICTED_Dasypus_novemcinctus_RRAD_and_GEM_like_GTPase_2_REM2_mRNA_1                                                48.17%    passed     60.53%
  32  XM_004584677_1_PREDICTED_Ochotona_princeps_RRAD_and_GEM_like_GTPase_2_REM2_mRNA_1                                                   48.17%    passed     43.61%
  33  XM_004609481_1_PREDICTED_Sorex_araneus_RAS_RAD_and_GEM_like_GTP_binding_2_REM2_mRNA_1                                               49.39%    passed      7.33%
  34  XM_004646648_2_PREDICTED_Octodon_degus_RRAD_and_GEM_like_GTPase_2_Rem2_transcript_variant_X1_mRNA_1                                 48.17%    passed     38.73%
  35  XM_045154677_1_PREDICTED_Jaculus_jaculus_RRAD_and_GEM_like_GTPase_2_Rem2_mRNA_1                                                     48.32%    passed     33.73%
  36  XM_004694658_2_PREDICTED_Condylura_cristata_RAS_RAD_and_GEM_like_GTP_binding_2_REM2_mRNA_1                                          48.48%    passed     72.12%
  37  XM_045287665_1_PREDICTED_Echinops_telfairi_RRAD_and_GEM_like_GTPase_2_REM2_mRNA_1                                                   55.03%    passed     27.86%
  38  XM_004755362_3_PREDICTED_Mustela_putorius_furo_RRAD_and_GEM_like_GTPase_2_REM2_transcript_variant_X1_mRNA_1                         48.17%    passed     55.37%
  39  XM_004864195_2_PREDICTED_Heterocephalus_glaber_RRAD_and_GEM_like_GTPase_2_Rem2_mRNA_1                                               47.87%    passed     77.29%
  40  XM_005085570_4_PREDICTED_Mesocricetus_auratus_RRAD_and_GEM_like_GTPase_2_Rem2_mRNA_1                                                48.02%    passed     72.82%
  41  XM_005338787_4_PREDICTED_Ictidomys_tridecemlineatus_RRAD_and_GEM_like_GTPase_2_Rem2_mRNA_1                                          48.17%    passed     12.75%
  42  XM_026777673_1_PREDICTED_Microtus_ochrogaster_RRAD_and_GEM_like_GTPase_2_Rem2_mRNA_1                                                49.24%    passed     52.00%
  43  XM_005377113_2_PREDICTED_Chinchilla_lanigera_RAS_RAD_and_GEM_like_GTP_binding_2_Rem2_mRNA_1                                         48.17%    passed     99.67%
  44  XM_005560816_3_PREDICTED_Macaca_fascicularis_RRAD_and_GEM_like_GTPase_2_REM2_mRNA_1                                                 48.17%    passed     98.36%
  45  XM_018054571_1_PREDICTED_Capra_hircus_RRAD_and_GEM_like_GTPase_2_REM2_transcript_variant_X1_mRNA_1                                  35.21%    passed      6.69%
  46  XM_025296072_3_PREDICTED_Bubalus_bubalis_RRAD_and_GEM_like_GTPase_2_REM2_transcript_variant_X4_mRNA_1                               58.54%    passed     43.85%
  47  XM_006144596_3_PREDICTED_Tupaia_chinensis_RRAD_and_GEM_like_GTPase_2_REM2_mRNA_1                                                    51.68%    passed     72.38%
  48  XM_032481695_1_PREDICTED_Camelus_ferus_RRAD_and_GEM_like_GTPase_2_REM2_transcript_variant_X1_mRNA_1                                 48.48%    passed     80.02%
  49  XM_031678770_1_PREDICTED_Vicugna_pacos_RRAD_and_GEM_like_GTPase_2_REM2_mRNA_1                                                       49.85%    passed     42.83%
  50  XM_031036681_1_PREDICTED_Leptonychotes_weddellii_RRAD_and_GEM_like_GTPase_2_REM2_transcript_variant_X1_mRNA_1                       39.48%    failed      2.89%
  51  XM_006835452_1_PREDICTED_Chrysochloris_asiatica_RAS_RAD_and_GEM_like_GTP_binding_2_REM2_mRNA_1                                      48.17%    passed     75.83%
  52  XM_006883133_1_PREDICTED_Elephantulus_edwardii_RAS_RAD_and_GEM_like_GTP_binding_2_REM2_mRNA_1                                       48.32%    passed     74.88%
  53  XM_006913609_2_PREDICTED_Pteropus_alecto_RRAD_and_GEM_like_GTPase_2_REM2_mRNA_1                                                     48.17%    passed     92.76%
  54  XM_006988484_2_PREDICTED_Peromyscus_maniculatus_bairdii_RRAD_and_GEM_like_GTPase_2_Rem2_mRNA_1                                      48.78%    passed     84.54%
  55  XM_007098093_3_PREDICTED_Panthera_tigris_RRAD_and_GEM_like_GTPase_2_REM2_transcript_variant_X3_mRNA_1                               48.17%    passed     58.39%
  56  XM_007100477_2_PREDICTED_Physeter_catodon_RRAD_and_GEM_like_GTPase_2_REM2_transcript_variant_X1_mRNA_1                              48.17%    passed     62.77%
  57  XM_007180539_1_PREDICTED_Balaenoptera_acutorostrata_scammoni_RRAD_and_GEM_like_GTPase_2_REM2_mRNA_1                                 48.17%    passed     67.89%
  58  XM_007449526_1_PREDICTED_Lipotes_vexillifer_RAS_RAD_and_GEM_like_GTP_binding_2_REM2_mRNA_1                                          48.17%    passed     73.93%
  59  XM_007536758_2_PREDICTED_Erinaceus_europaeus_RAS_RAD_and_GEM_like_GTP_binding_2_REM2_mRNA_1                                         50.30%    passed     37.75%
  60  XM_007951171_2_PREDICTED_Orycteropus_afer_afer_RRAD_and_GEM_like_GTPase_2_REM2_mRNA_1                                               49.09%    passed     56.11%
  61  XM_037987559_1_PREDICTED_Chlorocebus_sabaeus_RRAD_and_GEM_like_GTPase_2_REM2_transcript_variant_X1_mRNA_1                           28.81%    failed      1.96%
  62  XM_008065271_2_PREDICTED_Carlito_syrichta_RRAD_and_GEM_like_GTPase_2_REM2_mRNA_1                                                    48.17%    passed     42.90%
  63  XM_008528968_1_PREDICTED_Equus_przewalskii_RAS_RAD_and_GEM_like_GTP_binding_2_REM2_transcript_variant_X1_mRNA_1                     60.21%    failed      1.05%
  64  XM_008566551_1_PREDICTED_Galeopterus_variegatus_RAS_RAD_and_GEM_like_GTP_binding_2_REM2_mRNA_1                                      48.17%    passed     93.40%
  65  XM_040620901_1_PREDICTED_Ursus_maritimus_RRAD_and_GEM_like_GTPase_2_REM2_mRNA_3                                                     48.17%    passed     22.37%
  66  XM_008839903_2_PREDICTED_Nannospalax_galili_RRAD_and_GEM_like_GTPase_2_Rem2_transcript_variant_X1_mRNA_1                            48.02%    passed     83.64%
  67  XM_010378358_2_PREDICTED_Rhinopithecus_roxellana_RRAD_and_GEM_like_GTPase_2_REM2_mRNA_1                                             48.17%    passed     97.56%
  68  XM_033765070_1_PREDICTED_Fukomys_damarensis_RRAD_and_GEM_like_GTPase_2_Rem2_mRNA_1                                                  48.32%    passed     70.58%
  69  XM_010831252_1_PREDICTED_Bison_bison_bison_RAS_RAD_and_GEM_like_GTP_binding_2_REM2_mRNA_1                                           48.17%    passed     97.62%
  70  XM_031452725_1_PREDICTED_Camelus_dromedarius_RRAD_and_GEM_like_GTPase_2_REM2_mRNA_1                                                 48.48%    passed     87.45%
  71  XM_011372778_2_PREDICTED_Pteropus_vampyrus_RRAD_and_GEM_like_GTPase_2_REM2_mRNA_1                                                   48.17%    passed     92.67%
  72  XM_011772352_2_PREDICTED_Macaca_nemestrina_RRAD_and_GEM_like_GTPase_2_REM2_mRNA_1                                                   48.17%    passed     97.67%
  73  XM_011930962_1_PREDICTED_Colobus_angolensis_palliatus_RAS_RAD_and_GEM_like_GTP_binding_2_REM2_mRNA_1                                61.28%    passed     44.85%
  74  XM_011990630_1_PREDICTED_Mandrillus_leucophaeus_RAS_RAD_and_GEM_like_GTP_binding_2_REM2_mRNA_1                                      48.17%    passed     97.67%
  75  XM_012088533_1_PREDICTED_Cercocebus_atys_RAS_RAD_and_GEM_like_GTP_binding_2_REM2_mRNA_1                                             48.17%    passed     97.67%
  76  XM_012466673_1_PREDICTED_Aotus_nancymaae_RRAD_and_GEM_like_GTPase_2_REM2_mRNA_1                                                     48.17%    passed     99.80%
  77  XM_012649447_1_PREDICTED_Propithecus_coquereli_RAS_RAD_and_GEM_like_GTP_binding_2_REM2_mRNA_1                                       48.17%    passed     80.80%
  78  XM_012752689_1_PREDICTED_Microcebus_murinus_RRAD_and_GEM_like_GTPase_2_REM2_transcript_variant_X1_mRNA_1                            48.17%    passed     93.74%
  79  XM_013025368_1_PREDICTED_Dipodomys_ordii_RAS_RAD_and_GEM_like_GTP_binding_2_Rem2_mRNA_1                                             48.17%    passed     64.32%
  80  XM_014856335_2_PREDICTED_Equus_asinus_RRAD_and_GEM_like_GTPase_2_REM2_transcript_variant_X1_mRNA_1                                  48.17%    passed     93.66%
  81  XM_015086639_2_PREDICTED_Acinonyx_jubatus_RRAD_and_GEM_like_GTPase_2_REM2_mRNA_1                                                    48.17%    passed     74.32%
  82  XM_015492848_2_PREDICTED_Marmota_marmota_marmota_RRAD_and_GEM_like_GTPase_2_Rem2_mRNA_1                                             48.17%    passed     19.83%
  83  XM_016120537_2_PREDICTED_Rousettus_aegyptiacus_RRAD_and_GEM_like_GTPase_2_REM2_mRNA_1                                               48.17%    passed     86.31%
  84  XM_016205757_1_PREDICTED_Miniopterus_natalensis_RAS_RAD_and_GEM_like_GTP_binding_2_REM2_mRNA_1                                      49.39%    passed     82.46%
  85  XM_017544499_2_PREDICTED_Cebus_imitator_RRAD_and_GEM_like_GTPase_2_REM2_transcript_variant_X1_mRNA_1                                48.17%    passed     98.27%
  86  XM_017665172_2_PREDICTED_Manis_javanica_RRAD_and_GEM_like_GTPase_2_REM2_transcript_variant_X1_mRNA_1                                48.32%    passed     95.10%
  87  XM_017864286_1_PREDICTED_Rhinopithecus_bieti_RRAD_and_GEM_like_GTPase_2_REM2_mRNA_1                                                 48.17%    passed     96.56%
  88  XM_019429463_1_PREDICTED_Panthera_pardus_RRAD_and_GEM_like_GTPase_2_REM2_mRNA_1                                                     48.17%    passed     70.49%
  89  XM_019663177_1_PREDICTED_Hipposideros_armiger_RRAD_and_GEM_like_GTPase_2_REM2_mRNA_1                                                48.17%    passed     84.59%
  90  XM_019968374_1_PREDICTED_Bos_indicus_RRAD_and_GEM_like_GTPase_2_REM2_mRNA_1                                                         48.63%    passed     97.76%
  91  XM_020162859_1_PREDICTED_Castor_canadensis_RRAD_and_GEM_like_GTPase_2_Rem2_mRNA_1                                                   48.17%    passed     99.23%
  92  XM_020909415_1_PREDICTED_Odocoileus_virginianus_texanus_RRAD_and_GEM_like_GTPase_2_REM2_transcript_variant_X1_mRNA_1                37.20%    passed     66.26%
  93  XM_021008842_1_PREDICTED_Phascolarctos_cinereus_RRAD_and_GEM_like_GTPase_2_REM2_transcript_variant_X1_mRNA_1                        46.65%    passed     86.25%
  94  XM_021182512_1_PREDICTED_Mus_caroli_RRAD_and_GEM_like_GTPase_2_Rem2_mRNA_1                                                          49.24%    failed      4.62%
  95  XM_021203619_1_PREDICTED_Mus_pahari_RRAD_and_GEM_like_GTPase_2_Rem2_mRNA_1                                                          48.02%    passed     16.40%
  96  XM_021639619_1_PREDICTED_Meriones_unguiculatus_RRAD_and_GEM_like_GTPase_2_Rem2_mRNA_1                                               49.24%    passed     64.29%
  97  XM_021695575_1_PREDICTED_Neomonachus_schauinslandi_RRAD_and_GEM_like_GTPase_2_REM2_mRNA_1                                           48.17%    passed     36.77%
  98  XM_022520471_1_PREDICTED_Enhydra_lutris_kenyoni_RRAD_and_GEM_like_GTPase_2_LOC111158448_mRNA_1                                      48.17%    passed     51.16%
  99  XM_022553601_2_PREDICTED_Delphinapterus_leucas_RRAD_and_GEM_like_GTPase_2_REM2_mRNA_1                                               48.17%    passed     81.04%
 100  XM_023230440_1_PREDICTED_Piliocolobus_tephrosceles_RRAD_and_GEM_like_GTPase_2_REM2_transcript_variant_X1_mRNA_1                     50.76%    passed     46.93%
 101  XM_024741692_1_PREDICTED_Neophocaena_asiaeorientalis_asiaeorientalis_RRAD_and_GEM_like_GTPase_2_REM2_transcript_variant_X1_mRNA_1   47.56%    passed     68.31%
 102  XM_025392475_1_PREDICTED_Theropithecus_gelada_RRAD_and_GEM_like_GTPase_2_REM2_mRNA_1                                                48.17%    passed     97.67%
 103  XM_025442827_3_PREDICTED_Canis_lupus_dingo_RRAD_and_GEM_like_GTPase_2_REM2_transcript_variant_X1_mRNA_1                             47.41%    passed     33.94%
 104  XM_025870359_1_PREDICTED_Callorhinus_ursinus_RRAD_and_GEM_like_GTPase_2_REM2_mRNA_1                                                 48.17%    passed     32.51%
 105  XM_025919283_1_PREDICTED_Puma_concolor_RRAD_and_GEM_like_GTPase_2_REM2_mRNA_1                                                       50.76%    passed     99.32%
 106  XM_026007504_1_PREDICTED_Vulpes_vulpes_RRAD_and_GEM_like_GTPase_2_REM2_transcript_variant_X1_mRNA_1                                 48.02%    passed     31.71%
 107  XM_026406123_1_PREDICTED_Urocitellus_parryii_RRAD_and_GEM_like_GTPase_2_Rem2_mRNA_1                                                 48.17%    passed      8.58%
 108  XM_027110778_1_PREDICTED_Lagenorhynchus_obliquidens_RRAD_and_GEM_like_GTPase_2_REM2_transcript_variant_X1_mRNA_1                    48.17%    passed     78.11%
 109  XM_027553330_1_PREDICTED_Bos_indicus_x_Bos_taurus_RRAD_and_GEM_like_GTPase_2_REM2_mRNA_1                                            48.17%    passed     98.63%
 110  XM_027571459_2_PREDICTED_Zalophus_californianus_RRAD_and_GEM_like_GTPase_2_REM2_mRNA_2                                              48.17%    passed     30.76%
 111  XM_027843188_1_PREDICTED_Vombatus_ursinus_RRAD_and_GEM_like_GTPase_2_REM2_transcript_variant_X2_mRNA_1                              46.80%    passed     96.34%
 112  XM_027920156_1_PREDICTED_Marmota_flaviventris_RRAD_and_GEM_like_GTPase_2_Rem2_transcript_variant_X1_mRNA_1                          48.17%    passed     17.26%
 113  XM_028507134_2_PREDICTED_Phyllostomus_discolor_RRAD_and_GEM_like_GTPase_2_REM2_mRNA_1                                               48.17%    passed     84.61%
 114  XM_028788542_1_PREDICTED_Grammomys_surdaster_RRAD_and_GEM_like_GTPase_2_Rem2_mRNA_1                                                 48.02%    passed     43.39%
 115  XM_028892240_2_PREDICTED_Peromyscus_leucopus_RRAD_and_GEM_like_GTPase_2_Rem2_mRNA_1                                                 48.78%    passed     76.50%
 116  XM_029237411_1_PREDICTED_Monodon_monoceros_RRAD_and_GEM_like_GTPase_2_REM2_mRNA_1                                                   48.17%    passed     81.04%
 117  XM_029952605_1_PREDICTED_Suricata_suricatta_RRAD_and_GEM_like_GTPase_2_REM2_mRNA_1                                                  47.87%    passed     74.20%
 118  XM_030318679_1_PREDICTED_Lynx_canadensis_RRAD_and_GEM_like_GTPase_2_REM2_mRNA_1                                                     48.17%    passed     82.17%
 119  XM_030854517_1_PREDICTED_Globicephala_melas_RRAD_and_GEM_like_GTPase_2_REM2_transcript_variant_X1_mRNA_1                            48.17%    passed     80.07%
 120  XM_031361298_1_PREDICTED_Mastomys_coucha_RRAD_and_GEM_like_GTPase_2_Rem2_mRNA_1                                                     48.02%    passed     12.83%
 121  XM_032179928_1_PREDICTED_Hylobates_moloch_RRAD_and_GEM_like_GTPase_2_REM2_mRNA_1                                                    48.17%    passed     97.24%
 122  XM_032265550_1_PREDICTED_Sapajus_apella_RRAD_and_GEM_like_GTPase_2_REM2_transcript_variant_X1_mRNA_1                                48.17%    passed     98.84%
 123  XM_032343807_1_PREDICTED_Mustela_erminea_RRAD_and_GEM_like_GTPase_2_REM2_transcript_variant_X1_mRNA_1                               48.17%    passed     47.60%
 124  XM_032404536_1_PREDICTED_Phoca_vitulina_RRAD_and_GEM_like_GTPase_2_REM2_mRNA_1                                                      48.17%    passed     39.01%
 125  XM_032622712_1_PREDICTED_Phocoena_sinus_RRAD_and_GEM_like_GTPase_2_REM2_mRNA_1                                                      48.17%    passed     84.15%
 126  XM_032856406_1_PREDICTED_Lontra_canadensis_RRAD_and_GEM_like_GTPase_2_REM2_transcript_variant_X1_mRNA_1                             48.17%    passed     61.94%
 127  XM_032918139_1_PREDICTED_Rattus_rattus_RRAD_and_GEM_like_GTPase_2_Rem2_mRNA_1                                                       48.02%    passed     18.15%
 128  XM_033107547_1_PREDICTED_Rhinolophus_ferrumequinum_RRAD_and_GEM_like_GTPase_2_LOC117023075_transcript_variant_X1_mRNA_1             48.78%    passed     96.48%
 129  XM_033188604_1_PREDICTED_Trachypithecus_francoisi_RRAD_and_GEM_like_GTPase_2_REM2_mRNA_1                                            48.17%    passed     96.63%
 130  XM_033851357_1_PREDICTED_Tursiops_truncatus_RRAD_and_GEM_like_GTPase_2_REM2_transcript_variant_X1_mRNA_1                            48.17%    passed     75.55%
 131  XM_034498612_1_PREDICTED_Arvicanthis_niloticus_RRAD_and_GEM_like_GTPase_2_Rem2_mRNA_1                                               48.02%    passed     25.83%
 132  XM_034994691_1_PREDICTED_Mirounga_leonina_RRAD_and_GEM_like_GTPase_2_REM2_mRNA_1                                                    48.17%    passed     44.37%
 133  XM_036114829_1_PREDICTED_Halichoerus_grypus_RRAD_and_GEM_like_GTPase_2_REM2_transcript_variant_X1_mRNA_1                            36.89%    passed     90.68%
 134  XM_036199393_1_PREDICTED_Onychomys_torridus_RRAD_and_GEM_like_GTPase_2_Rem2_mRNA_1                                                  48.78%    passed     43.84%
 135  XM_036355955_1_PREDICTED_Myotis_myotis_RRAD_and_GEM_like_GTPase_2_REM2_transcript_variant_X1_mRNA_1                                 48.17%    passed     97.13%
 136  XM_036737107_1_PREDICTED_Trichosurus_vulpecula_RRAD_and_GEM_like_GTPase_2_REM2_mRNA_1                                               47.26%    passed     86.57%
 137  XM_036842027_1_PREDICTED_Balaenoptera_musculus_RRAD_and_GEM_like_GTPase_2_REM2_mRNA_1                                               48.17%    passed     60.33%
 138  XM_036884595_1_PREDICTED_Manis_pentadactyla_RRAD_and_GEM_like_GTPase_2_REM2_transcript_variant_X1_mRNA_1                            48.32%    passed     98.73%
 139  XM_037037712_1_PREDICTED_Sturnira_hondurensis_RRAD_and_GEM_like_GTPase_2_REM2_mRNA_1                                                48.17%    passed     96.50%
 140  XM_037129407_1_PREDICTED_Artibeus_jamaicensis_RRAD_and_GEM_like_GTPase_2_REM2_mRNA_1                                                48.17%    passed     84.17%
 141  XM_037503036_1_PREDICTED_Talpa_occidentalis_RRAD_and_GEM_like_GTPase_2_REM2_mRNA_1                                                  48.48%    passed     73.37%
 142  XM_037835533_1_PREDICTED_Choloepus_didactylus_RRAD_and_GEM_like_GTPase_2_REM2_transcript_variant_X1_mRNA_1                          48.17%    passed     49.93%
 143  XM_038310306_1_PREDICTED_Arvicola_amphibius_RRAD_and_GEM_like_GTPase_2_Rem2_mRNA_1                                                  48.02%    passed     36.88%
 144  XM_038741379_1_PREDICTED_Tachyglossus_aculeatus_RRAD_and_GEM_like_GTPase_2_REM2_mRNA_1                                              50.00%    failed      0.00%
 145  XM_039245203_1_PREDICTED_Hyaena_hyaena_RRAD_and_GEM_like_GTPase_2_REM2_transcript_variant_X1_mRNA_1                                 48.17%    passed     61.23%
 146  XM_039851849_1_PREDICTED_Pteropus_giganteus_RRAD_and_GEM_like_GTPase_2_REM2_mRNA_1                                                  48.17%    passed     91.12%
 147  XM_040227220_1_PREDICTED_Oryx_dammah_RRAD_and_GEM_like_GTPase_2_REM2_transcript_variant_X1_mRNA_1                                   48.02%    passed     97.01%
 148  XM_040969296_1_PREDICTED_Ochotona_curzoniae_RRAD_and_GEM_like_GTPase_2_REM2_mRNA_1                                                  48.48%    passed     48.75%
 149  XM_041634112_1_PREDICTED_Microtus_oregoni_RRAD_and_GEM_like_GTPase_2_Rem2_mRNA_1                                                    49.24%    passed     49.29%
 150  XM_041758862_1_PREDICTED_Vulpes_lagopus_RRAD_and_GEM_like_GTPase_2_REM2_transcript_variant_X1_mRNA_1                                48.02%    passed     33.75%
 151  XM_042686425_1_PREDICTED_Dipodomys_spectabilis_RRAD_and_GEM_like_GTPase_2_Rem2_mRNA_1                                               48.17%    passed     78.43%
 152  XM_042942694_1_PREDICTED_Panthera_leo_RRAD_and_GEM_like_GTPase_2_REM2_transcript_variant_X1_mRNA_1                                  58.38%    passed     77.64%
 153  XM_043471209_1_PREDICTED_Cervus_canadensis_RRAD_and_GEM_like_GTPase_2_REM2_transcript_variant_X1_mRNA_1                             48.17%    passed     98.78%
 154  XM_043555763_1_PREDICTED_Prionailurus_bengalensis_RRAD_and_GEM_like_GTPase_2_REM2_mRNA_1                                            48.17%    passed     81.18%
 155  XM_043919551_1_PREDICTED_Cervus_elaphus_RRAD_and_GEM_like_GTPase_2_REM2_transcript_variant_X1_mRNA_1                                48.17%    passed     98.46%
 156  XM_043980377_1_PREDICTED_Dromiciops_gliroides_RRAD_and_GEM_like_GTPase_2_REM2_transcript_variant_X1_mRNA_1                          57.93%    failed      0.10%
 157  XM_044662280_1_PREDICTED_Gracilinanus_agilis_RRAD_and_GEM_like_GTPase_2_REM2_transcript_variant_X1_mRNA_1                           46.65%    passed     27.19%
 158  XM_045450372_1_PREDICTED_Leopardus_geoffroyi_RRAD_and_GEM_like_GTPase_2_REM2_mRNA_1                                                 48.17%    passed     79.09%
 159  XM_045525960_1_PREDICTED_Lemur_catta_RRAD_and_GEM_like_GTPase_2_REM2_transcript_variant_X1_mRNA_1                                   48.17%    passed     94.21%
 160  XM_045841219_1_PREDICTED_Phyllostomus_hastatus_RRAD_and_GEM_like_GTPase_2_REM2_mRNA_1                                               48.17%    passed     66.29%
 161  XM_045900528_1_PREDICTED_Mirounga_angustirostris_RRAD_and_GEM_like_GTPase_2_REM2_mRNA_1                                             48.17%    passed     42.59%
 162  XM_046008309_1_PREDICTED_Meles_meles_RRAD_and_GEM_like_GTPase_2_REM2_transcript_variant_X1_mRNA_1                                   48.17%    passed     72.26%
 163  XM_046465107_1_PREDICTED_Marmota_monax_RRAD_and_GEM_like_GTPase_2_Rem2_mRNA_1                                                       48.17%    passed     14.40%
 164  XM_046653592_1_PREDICTED_Equus_quagga_GTP_binding_protein_REM_2_LOC124235489_transcript_variant_X1_mRNA_1                           48.17%    passed     92.44%
 165  XM_048362803_1_PREDICTED_Perognathus_longimembris_pacificus_RRAD_and_GEM_like_GTPase_2_Rem2_mRNA_1                                  48.02%    passed     33.57%
 166  XM_048444987_1_PREDICTED_Myodes_glareolus_RRAD_and_GEM_like_GTPase_2_Rem2_mRNA_1                                                    48.02%    passed     56.97%
 167  XM_049613126_1_PREDICTED_Panthera_uncia_RRAD_and_GEM_like_GTPase_2_REM2_transcript_variant_X1_mRNA_1                                47.71%    passed     61.19%
 168  XM_049768637_1_PREDICTED_Suncus_etruscus_RRAD_and_GEM_like_GTPase_2_LOC126001377_mRNA_1                                             48.63%    passed     36.72%
 169  XM_049899603_1_PREDICTED_Elephas_maximus_indicus_RRAD_and_GEM_like_GTPase_2_LOC126084786_transcript_variant_X1_mRNA_1               48.17%    passed     84.87%
 170  XM_050796554_1_PREDICTED_Macaca_thibetana_thibetana_RRAD_and_GEM_like_GTPase_2_LOC126958288_mRNA_1                                  48.17%    passed     99.22%
 171  XM_050126229_1_PREDICTED_Microtus_fortis_RRAD_and_GEM_like_GTPase_2_LOC126490927_mRNA_1                                             49.24%    passed     54.50%
 172  XM_051143407_1_PREDICTED_Acomys_russatus_RRAD_and_GEM_like_GTPase_2_LOC127187235_mRNA_1                                             48.02%    passed     36.01%
 173  XM_051195738_1_PREDICTED_Phodopus_roborovskii_RRAD_and_GEM_like_GTPase_2_LOC127230422_mRNA_1                                        48.02%    passed     41.85%
 174  XM_051980438_1_PREDICTED_Antechinus_flavipes_RRAD_and_GEM_like_GTPase_2_LOC127551038_mRNA_1                                         47.26%    passed     38.10%
 175  XM_052190525_1_PREDICTED_Apodemus_sylvaticus_RRAD_and_GEM_like_GTPase_2_LOC127690950_mRNA_1                                         48.02%    passed     17.00%
WARNING: 10 sequences contain more than 50% gaps/ambiguity
****  TOTAL                                                                                                                               48.12%  8 sequences failed composition chi2 test (p-value<5%; df=3)
Checking for duplicate sequences: done in 0.00080242 secs using 90.85% CPU


Create initial parsimony tree by phylogenetic likelihood library (PLL)... 0.027 seconds
Measuring multi-threading efficiency up to 8 CPU cores
Increase to 10 rounds for branch lengths
30 trees examined
Threads: 1 / Time: 8.144 sec / Speedup: 1.000 / Efficiency: 100% / LogL: -51375
Threads: 2 / Time: 6.639 sec / Speedup: 1.227 / Efficiency: 61% / LogL: -51375
Threads: 3 / Time: 5.350 sec / Speedup: 1.522 / Efficiency: 51% / LogL: -51375
Threads: 4 / Time: 5.121 sec / Speedup: 1.590 / Efficiency: 40% / LogL: -51375
Determining AUTO threadcount: done in 25.2558 secs using 227.1% CPU
BEST NUMBER OF THREADS: 3

Perform fast likelihood tree search using GTR+I+G model...
Estimate model parameters (epsilon = 5.000)
Perform nearest neighbor interchange...
Optimizing NNI: done in 0.297065 secs using 294.6% CPU
Estimate model parameters (epsilon = 1.000)
1. Initial log-likelihood: -26990.055
Optimal log-likelihood: -26989.061
Rate parameters:  A-C: 1.03941  A-G: 2.89081  A-T: 1.07671  C-G: 0.66989  C-T: 4.15443  G-T: 1.00000
Base frequencies:  A: 0.214  C: 0.321  G: 0.304  T: 0.161
Proportion of invariable sites: 0.160
Gamma shape alpha: 1.078
Parameters optimization took 1 rounds (0.095 sec)
Time for fast ML tree search: 0.901 seconds

NOTE: ModelFinder requires 55 MB RAM!
ModelFinder will test up to 484 DNA models (sample size: 1968) ...
 No. Model         -LnL         df  AIC          AICc         BIC
Measuring multi-threading efficiency up to 8 CPU cores
Increase to 10 rounds for branch lengths
76 trees examined
Threads: 1 / Time: 8.093 sec / Speedup: 1.000 / Efficiency: 100% / LogL: -57169
Threads: 2 / Time: 8.011 sec / Speedup: 1.010 / Efficiency: 51% / LogL: -57169
Threads: 3 / Time: 6.970 sec / Speedup: 1.161 / Efficiency: 39% / LogL: -57169
Determining AUTO threadcount: done in 23.0741 secs using 191.8% CPU
BEST NUMBER OF THREADS: 1

  1  GTR+F         28616.826    355 57943.653    58100.452    59926.247
Measuring multi-threading efficiency up to 8 CPU cores
Increase to 10 rounds for branch lengths
77 trees examined
Threads: 1 / Time: 8.118 sec / Speedup: 1.000 / Efficiency: 100% / LogL: -54428
Threads: 2 / Time: 7.966 sec / Speedup: 1.019 / Efficiency: 51% / LogL: -54428
Threads: 3 / Time: 7.043 sec / Speedup: 1.153 / Efficiency: 38% / LogL: -54428
Determining AUTO threadcount: done in 23.1273 secs using 192.1% CPU
BEST NUMBER OF THREADS: 1

  2  GTR+F+I       27841.990    356 56395.980    56553.761    58384.160
Measuring multi-threading efficiency up to 8 CPU cores
Increase to 10 rounds for branch lengths
30 trees examined
Threads: 1 / Time: 8.088 sec / Speedup: 1.000 / Efficiency: 100% / LogL: -48513
Threads: 2 / Time: 6.040 sec / Speedup: 1.339 / Efficiency: 67% / LogL: -48513
Threads: 3 / Time: 5.320 sec / Speedup: 1.520 / Efficiency: 51% / LogL: -48513
Threads: 4 / Time: 4.926 sec / Speedup: 1.642 / Efficiency: 41% / LogL: -48513
Determining AUTO threadcount: done in 24.3738 secs using 226.6% CPU
BEST NUMBER OF THREADS: 3

  3  GTR+F+G4      27008.853    356 54729.706    54887.486    56717.885
Measuring multi-threading efficiency up to 8 CPU cores
Increase to 10 rounds for branch lengths
30 trees examined
Threads: 1 / Time: 8.009 sec / Speedup: 1.000 / Efficiency: 100% / LogL: -48556
Threads: 2 / Time: 6.034 sec / Speedup: 1.327 / Efficiency: 66% / LogL: -48556
Threads: 3 / Time: 5.362 sec / Speedup: 1.494 / Efficiency: 50% / LogL: -48556
Determining AUTO threadcount: done in 19.405 secs using 184.4% CPU
BEST NUMBER OF THREADS: 2

  4  GTR+F+I+G4    26988.125    357 54690.249    54849.015    56684.013
Measuring multi-threading efficiency up to 8 CPU cores
Increase to 10 rounds for branch lengths
50 trees examined
Threads: 1 / Time: 8.022 sec / Speedup: 1.000 / Efficiency: 100% / LogL: -51436
Threads: 2 / Time: 6.779 sec / Speedup: 1.183 / Efficiency: 59% / LogL: -51436
Threads: 3 / Time: 5.985 sec / Speedup: 1.340 / Efficiency: 45% / LogL: -51436
Determining AUTO threadcount: done in 20.7859 secs using 187.4% CPU
BEST NUMBER OF THREADS: 2

  5  GTR+F+R2      27190.741    357 55095.481    55254.246    57089.245
Measuring multi-threading efficiency up to 8 CPU cores
Increase to 10 rounds for branch lengths
38 trees examined
Threads: 1 / Time: 8.105 sec / Speedup: 1.000 / Efficiency: 100% / LogL: -49951
Threads: 2 / Time: 6.748 sec / Speedup: 1.201 / Efficiency: 60% / LogL: -49951
Threads: 3 / Time: 5.922 sec / Speedup: 1.369 / Efficiency: 46% / LogL: -49951
Determining AUTO threadcount: done in 20.7761 secs using 187.3% CPU
BEST NUMBER OF THREADS: 2

  6  GTR+F+R3      26980.498    359 54678.996    54839.742    56683.929
Measuring multi-threading efficiency up to 8 CPU cores
Increase to 10 rounds for branch lengths
30 trees examined
Threads: 1 / Time: 8.049 sec / Speedup: 1.000 / Efficiency: 100% / LogL: -49264
Threads: 2 / Time: 6.016 sec / Speedup: 1.338 / Efficiency: 67% / LogL: -49264
Threads: 3 / Time: 5.331 sec / Speedup: 1.510 / Efficiency: 50% / LogL: -49264
Threads: 4 / Time: 4.956 sec / Speedup: 1.624 / Efficiency: 41% / LogL: -49264
Determining AUTO threadcount: done in 24.3524 secs using 227.2% CPU
BEST NUMBER OF THREADS: 3

  7  GTR+F+R4      26955.902    361 54633.804    54796.546    56649.907
Measuring multi-threading efficiency up to 8 CPU cores
Increase to 10 rounds for branch lengths
25 trees examined
Threads: 1 / Time: 8.059 sec / Speedup: 1.000 / Efficiency: 100% / LogL: -48816
Threads: 2 / Time: 6.163 sec / Speedup: 1.308 / Efficiency: 65% / LogL: -48816
Threads: 3 / Time: 5.173 sec / Speedup: 1.558 / Efficiency: 52% / LogL: -48816
Threads: 4 / Time: 4.882 sec / Speedup: 1.651 / Efficiency: 41% / LogL: -48816
Determining AUTO threadcount: done in 24.2766 secs using 226.4% CPU
BEST NUMBER OF THREADS: 3

  8  GTR+F+R5      26947.651    363 54621.302    54786.055    56648.575
Measuring multi-threading efficiency up to 8 CPU cores
Increase to 10 rounds for branch lengths
22 trees examined
Threads: 1 / Time: 8.279 sec / Speedup: 1.000 / Efficiency: 100% / LogL: -48835
Threads: 2 / Time: 5.961 sec / Speedup: 1.389 / Efficiency: 69% / LogL: -48835
Threads: 3 / Time: 5.008 sec / Speedup: 1.653 / Efficiency: 55% / LogL: -48835
Threads: 4 / Time: 4.816 sec / Speedup: 1.719 / Efficiency: 43% / LogL: -48835
Determining AUTO threadcount: done in 24.064 secs using 224.6% CPU
BEST NUMBER OF THREADS: 3

  9  GTR+F+R6      26945.503    365 54621.006    54787.785    56659.448
Measuring multi-threading efficiency up to 8 CPU cores
Increase to 10 rounds for branch lengths
49 trees examined
Threads: 1 / Time: 8.083 sec / Speedup: 1.000 / Efficiency: 100% / LogL: -50174
Threads: 2 / Time: 6.807 sec / Speedup: 1.187 / Efficiency: 59% / LogL: -50174
Threads: 3 / Time: 5.931 sec / Speedup: 1.363 / Efficiency: 45% / LogL: -50174
Determining AUTO threadcount: done in 20.8212 secs using 187% CPU
BEST NUMBER OF THREADS: 2

 14  GTR+F+I+I+R2  27101.125    358 54918.250    55078.004    56917.599
Measuring multi-threading efficiency up to 8 CPU cores
Increase to 10 rounds for branch lengths
37 trees examined
Threads: 1 / Time: 8.053 sec / Speedup: 1.000 / Efficiency: 100% / LogL: -48960
Threads: 2 / Time: 6.706 sec / Speedup: 1.201 / Efficiency: 60% / LogL: -48960
Threads: 3 / Time: 5.962 sec / Speedup: 1.351 / Efficiency: 45% / LogL: -48960
Determining AUTO threadcount: done in 20.7211 secs using 187.8% CPU
BEST NUMBER OF THREADS: 2

 15  GTR+F+I+I+R3  26960.958    360 54641.917    54803.659    56652.435
Measuring multi-threading efficiency up to 8 CPU cores
Increase to 10 rounds for branch lengths
30 trees examined
Threads: 1 / Time: 8.049 sec / Speedup: 1.000 / Efficiency: 100% / LogL: -48327
Threads: 2 / Time: 5.935 sec / Speedup: 1.356 / Efficiency: 68% / LogL: -48327
Threads: 3 / Time: 5.515 sec / Speedup: 1.460 / Efficiency: 49% / LogL: -48327
Determining AUTO threadcount: done in 19.4996 secs using 184.9% CPU
BEST NUMBER OF THREADS: 2

 16  GTR+F+I+I+R4  26944.777    362 54613.554    54777.300    56635.242
Measuring multi-threading efficiency up to 8 CPU cores
Increase to 10 rounds for branch lengths
25 trees examined
Threads: 1 / Time: 8.132 sec / Speedup: 1.000 / Efficiency: 100% / LogL: -48596
Threads: 2 / Time: 6.274 sec / Speedup: 1.296 / Efficiency: 65% / LogL: -48596
Threads: 3 / Time: 5.322 sec / Speedup: 1.528 / Efficiency: 51% / LogL: -48596
Threads: 4 / Time: 4.936 sec / Speedup: 1.647 / Efficiency: 41% / LogL: -48596
Determining AUTO threadcount: done in 24.6643 secs using 226.6% CPU
BEST NUMBER OF THREADS: 3

 17  GTR+F+I+I+R5  26944.616    364 54617.232    54782.997    56650.090
Measuring multi-threading efficiency up to 8 CPU cores
Increase to 10 rounds for branch lengths
30 trees examined
Threads: 1 / Time: 8.019 sec / Speedup: 1.000 / Efficiency: 100% / LogL: -48319
Threads: 2 / Time: 6.046 sec / Speedup: 1.326 / Efficiency: 66% / LogL: -48319
Threads: 3 / Time: 5.411 sec / Speedup: 1.482 / Efficiency: 49% / LogL: -48319
Determining AUTO threadcount: done in 19.4767 secs using 184.5% CPU
BEST NUMBER OF THREADS: 2

 38  SYM+I+I+R4    26970.940    359 54659.880    54820.626    56664.813
Measuring multi-threading efficiency up to 8 CPU cores
Increase to 10 rounds for branch lengths
30 trees examined
Threads: 1 / Time: 8.034 sec / Speedup: 1.000 / Efficiency: 100% / LogL: -47448
Threads: 2 / Time: 6.035 sec / Speedup: 1.331 / Efficiency: 67% / LogL: -47448
Threads: 3 / Time: 5.321 sec / Speedup: 1.510 / Efficiency: 50% / LogL: -47448
Threads: 4 / Time: 5.125 sec / Speedup: 1.567 / Efficiency: 39% / LogL: -47448
Determining AUTO threadcount: done in 24.5157 secs using 228.3% CPU
BEST NUMBER OF THREADS: 3

 60  TVM+F+I+I+R4  26962.185    361 54646.369    54809.112    56662.472
Measuring multi-threading efficiency up to 8 CPU cores
Increase to 10 rounds for branch lengths
30 trees examined
Threads: 1 / Time: 8.045 sec / Speedup: 1.000 / Efficiency: 100% / LogL: -48579
Threads: 2 / Time: 5.943 sec / Speedup: 1.354 / Efficiency: 68% / LogL: -48579
Threads: 3 / Time: 5.362 sec / Speedup: 1.500 / Efficiency: 50% / LogL: -48579
Threads: 4 / Time: 4.964 sec / Speedup: 1.621 / Efficiency: 41% / LogL: -48579
Determining AUTO threadcount: done in 24.3152 secs using 227.5% CPU
BEST NUMBER OF THREADS: 3

 82  TVMe+I+I+R4   26972.394    358 54660.788    54820.542    56660.137
Measuring multi-threading efficiency up to 8 CPU cores
Increase to 10 rounds for branch lengths
30 trees examined
Threads: 1 / Time: 8.002 sec / Speedup: 1.000 / Efficiency: 100% / LogL: -47997
Threads: 2 / Time: 6.082 sec / Speedup: 1.316 / Efficiency: 66% / LogL: -47997
Threads: 3 / Time: 5.432 sec / Speedup: 1.473 / Efficiency: 49% / LogL: -47997
Determining AUTO threadcount: done in 19.5164 secs using 185% CPU
BEST NUMBER OF THREADS: 2

104  TIM3+F+I+I+R4 26965.639    360 54651.278    54813.021    56661.797
Measuring multi-threading efficiency up to 8 CPU cores
Increase to 10 rounds for branch lengths
30 trees examined
Threads: 1 / Time: 8.048 sec / Speedup: 1.000 / Efficiency: 100% / LogL: -48138
Threads: 2 / Time: 6.044 sec / Speedup: 1.331 / Efficiency: 67% / LogL: -48138
Threads: 3 / Time: 5.422 sec / Speedup: 1.484 / Efficiency: 49% / LogL: -48138
Determining AUTO threadcount: done in 19.5146 secs using 184.6% CPU
BEST NUMBER OF THREADS: 2

126  TIM3e+I+I+R4  26973.257    357 54660.514    54819.279    56654.278
Measuring multi-threading efficiency up to 8 CPU cores
Increase to 10 rounds for branch lengths
30 trees examined
Threads: 1 / Time: 8.006 sec / Speedup: 1.000 / Efficiency: 100% / LogL: -48223
Threads: 2 / Time: 5.994 sec / Speedup: 1.336 / Efficiency: 67% / LogL: -48223
Threads: 3 / Time: 5.335 sec / Speedup: 1.501 / Efficiency: 50% / LogL: -48223
Threads: 4 / Time: 5.143 sec / Speedup: 1.557 / Efficiency: 39% / LogL: -48223
Determining AUTO threadcount: done in 24.4775 secs using 228.8% CPU
BEST NUMBER OF THREADS: 3

148  TIM2+F+I+I+R4 26955.766    360 54631.531    54793.274    56642.050
Measuring multi-threading efficiency up to 8 CPU cores
Increase to 10 rounds for branch lengths
30 trees examined
Threads: 1 / Time: 8.124 sec / Speedup: 1.000 / Efficiency: 100% / LogL: -48272
Threads: 2 / Time: 5.956 sec / Speedup: 1.364 / Efficiency: 68% / LogL: -48272
Threads: 3 / Time: 5.344 sec / Speedup: 1.520 / Efficiency: 51% / LogL: -48272
Threads: 4 / Time: 4.963 sec / Speedup: 1.637 / Efficiency: 41% / LogL: -48272
Determining AUTO threadcount: done in 24.3884 secs using 227% CPU
BEST NUMBER OF THREADS: 3

170  TIM2e+I+I+R4  26995.068    357 54704.136    54862.901    56697.900
Measuring multi-threading efficiency up to 8 CPU cores
Increase to 10 rounds for branch lengths
30 trees examined
Threads: 1 / Time: 8.042 sec / Speedup: 1.000 / Efficiency: 100% / LogL: -48165
Threads: 2 / Time: 6.000 sec / Speedup: 1.340 / Efficiency: 67% / LogL: -48165
Threads: 3 / Time: 5.426 sec / Speedup: 1.482 / Efficiency: 49% / LogL: -48165
Determining AUTO threadcount: done in 19.469 secs using 184.5% CPU
BEST NUMBER OF THREADS: 2

192  TIM+F+I+I+R4  26955.666    360 54631.332    54793.074    56641.850
Measuring multi-threading efficiency up to 8 CPU cores
Increase to 10 rounds for branch lengths
30 trees examined
Threads: 1 / Time: 8.017 sec / Speedup: 1.000 / Efficiency: 100% / LogL: -48390
Threads: 2 / Time: 5.867 sec / Speedup: 1.366 / Efficiency: 68% / LogL: -48390
Threads: 3 / Time: 5.317 sec / Speedup: 1.508 / Efficiency: 50% / LogL: -48390
Threads: 4 / Time: 4.884 sec / Speedup: 1.642 / Efficiency: 41% / LogL: -48390
Determining AUTO threadcount: done in 24.0851 secs using 227.1% CPU
BEST NUMBER OF THREADS: 3

214  TIMe+I+I+R4   26994.612    357 54703.224    54861.990    56696.988
Measuring multi-threading efficiency up to 8 CPU cores
Increase to 10 rounds for branch lengths
31 trees examined
Threads: 1 / Time: 8.228 sec / Speedup: 1.000 / Efficiency: 100% / LogL: -48136
Threads: 2 / Time: 6.167 sec / Speedup: 1.334 / Efficiency: 67% / LogL: -48136
Threads: 3 / Time: 5.635 sec / Speedup: 1.460 / Efficiency: 49% / LogL: -48136
Determining AUTO threadcount: done in 20.0308 secs using 185.1% CPU
BEST NUMBER OF THREADS: 2

236  TPM3u+F+I+I+R4 26982.683    359 54683.365    54844.111    56688.299
Measuring multi-threading efficiency up to 8 CPU cores
Increase to 10 rounds for branch lengths
30 trees examined
Threads: 1 / Time: 8.054 sec / Speedup: 1.000 / Efficiency: 100% / LogL: -48777
Threads: 2 / Time: 5.901 sec / Speedup: 1.365 / Efficiency: 68% / LogL: -48777
Threads: 3 / Time: 5.670 sec / Speedup: 1.420 / Efficiency: 47% / LogL: -48777
Determining AUTO threadcount: done in 19.6257 secs using 185.9% CPU
BEST NUMBER OF THREADS: 2

258  TPM3+I+I+R4   26974.730    356 54661.460    54819.240    56649.639
Measuring multi-threading efficiency up to 8 CPU cores
Increase to 10 rounds for branch lengths
31 trees examined
Threads: 1 / Time: 8.266 sec / Speedup: 1.000 / Efficiency: 100% / LogL: -48494
Threads: 2 / Time: 6.141 sec / Speedup: 1.346 / Efficiency: 67% / LogL: -48494
Threads: 3 / Time: 5.785 sec / Speedup: 1.429 / Efficiency: 48% / LogL: -48494
Determining AUTO threadcount: done in 20.1921 secs using 185.7% CPU
BEST NUMBER OF THREADS: 2

280  TPM2u+F+I+I+R4 26974.524    359 54667.048    54827.794    56671.982
Measuring multi-threading efficiency up to 8 CPU cores
Increase to 10 rounds for branch lengths
30 trees examined
Threads: 1 / Time: 8.026 sec / Speedup: 1.000 / Efficiency: 100% / LogL: -48482
Threads: 2 / Time: 6.032 sec / Speedup: 1.331 / Efficiency: 67% / LogL: -48482
Threads: 3 / Time: 5.427 sec / Speedup: 1.479 / Efficiency: 49% / LogL: -48482
Determining AUTO threadcount: done in 19.4865 secs using 184.6% CPU
BEST NUMBER OF THREADS: 2

302  TPM2+I+I+R4   26995.597    356 54703.194    54860.975    56691.374
Measuring multi-threading efficiency up to 8 CPU cores
Increase to 10 rounds for branch lengths
31 trees examined
Threads: 1 / Time: 8.250 sec / Speedup: 1.000 / Efficiency: 100% / LogL: -48384
Threads: 2 / Time: 6.194 sec / Speedup: 1.332 / Efficiency: 67% / LogL: -48384
Threads: 3 / Time: 5.405 sec / Speedup: 1.526 / Efficiency: 51% / LogL: -48384
Threads: 4 / Time: 5.128 sec / Speedup: 1.609 / Efficiency: 40% / LogL: -48384
Determining AUTO threadcount: done in 24.9774 secs using 227.4% CPU
BEST NUMBER OF THREADS: 3

324  K3Pu+F+I+I+R4 26973.573    359 54665.145    54825.891    56670.079
Measuring multi-threading efficiency up to 8 CPU cores
Increase to 10 rounds for branch lengths
30 trees examined
Threads: 1 / Time: 8.027 sec / Speedup: 1.000 / Efficiency: 100% / LogL: -47427
Threads: 2 / Time: 5.946 sec / Speedup: 1.350 / Efficiency: 68% / LogL: -47427
Threads: 3 / Time: 5.603 sec / Speedup: 1.433 / Efficiency: 48% / LogL: -47427
Determining AUTO threadcount: done in 19.5766 secs using 185.8% CPU
BEST NUMBER OF THREADS: 2

346  K3P+I+I+R4    26995.127    356 54702.254    54860.034    56690.433
Measuring multi-threading efficiency up to 8 CPU cores
Increase to 10 rounds for branch lengths
30 trees examined
Threads: 1 / Time: 8.020 sec / Speedup: 1.000 / Efficiency: 100% / LogL: -48330
Threads: 2 / Time: 6.144 sec / Speedup: 1.305 / Efficiency: 65% / LogL: -48330
Threads: 3 / Time: 5.154 sec / Speedup: 1.556 / Efficiency: 52% / LogL: -48330
Threads: 4 / Time: 4.834 sec / Speedup: 1.659 / Efficiency: 41% / LogL: -48330
Determining AUTO threadcount: done in 24.1532 secs using 225.8% CPU
BEST NUMBER OF THREADS: 3

368  TN+F+I+I+R4   26972.317    359 54662.633    54823.379    56667.567
Measuring multi-threading efficiency up to 8 CPU cores
Increase to 10 rounds for branch lengths
30 trees examined
Threads: 1 / Time: 8.003 sec / Speedup: 1.000 / Efficiency: 100% / LogL: -48200
Threads: 2 / Time: 6.042 sec / Speedup: 1.325 / Efficiency: 66% / LogL: -48200
Threads: 3 / Time: 5.366 sec / Speedup: 1.492 / Efficiency: 50% / LogL: -48200
Determining AUTO threadcount: done in 19.4109 secs using 184.2% CPU
BEST NUMBER OF THREADS: 2

390  TNe+I+I+R4    26995.100    356 54702.200    54859.980    56690.379
Measuring multi-threading efficiency up to 8 CPU cores
Increase to 10 rounds for branch lengths
31 trees examined
Threads: 1 / Time: 8.188 sec / Speedup: 1.000 / Efficiency: 100% / LogL: -48133
Threads: 2 / Time: 6.195 sec / Speedup: 1.322 / Efficiency: 66% / LogL: -48133
Threads: 3 / Time: 5.333 sec / Speedup: 1.535 / Efficiency: 51% / LogL: -48133
Threads: 4 / Time: 5.122 sec / Speedup: 1.599 / Efficiency: 40% / LogL: -48133
Determining AUTO threadcount: done in 24.8376 secs using 227.2% CPU
BEST NUMBER OF THREADS: 3

412  HKY+F+I+I+R4  26990.349    358 54696.698    54856.452    56696.047
Measuring multi-threading efficiency up to 8 CPU cores
Increase to 10 rounds for branch lengths
31 trees examined
Threads: 1 / Time: 8.263 sec / Speedup: 1.000 / Efficiency: 100% / LogL: -48392
Threads: 2 / Time: 6.293 sec / Speedup: 1.313 / Efficiency: 66% / LogL: -48392
Threads: 3 / Time: 5.924 sec / Speedup: 1.395 / Efficiency: 46% / LogL: -48392
Determining AUTO threadcount: done in 20.4803 secs using 186.8% CPU
BEST NUMBER OF THREADS: 2

434  K2P+I+I+R4    26995.617    355 54701.234    54858.033    56683.828
Measuring multi-threading efficiency up to 8 CPU cores
Increase to 10 rounds for branch lengths
30 trees examined
Threads: 1 / Time: 8.028 sec / Speedup: 1.000 / Efficiency: 100% / LogL: -50762
Threads: 2 / Time: 5.995 sec / Speedup: 1.339 / Efficiency: 67% / LogL: -50762
Threads: 3 / Time: 5.401 sec / Speedup: 1.486 / Efficiency: 50% / LogL: -50762
Determining AUTO threadcount: done in 19.4254 secs using 184.5% CPU
BEST NUMBER OF THREADS: 2

456  F81+F+I+I+R4  27964.964    357 56643.928    56802.693    58637.692
Measuring multi-threading efficiency up to 8 CPU cores
Increase to 10 rounds for branch lengths
30 trees examined
Threads: 1 / Time: 8.039 sec / Speedup: 1.000 / Efficiency: 100% / LogL: -50460
Threads: 2 / Time: 6.117 sec / Speedup: 1.314 / Efficiency: 66% / LogL: -50460
Threads: 3 / Time: 5.417 sec / Speedup: 1.484 / Efficiency: 49% / LogL: -50460
Determining AUTO threadcount: done in 19.5738 secs using 184.6% CPU
BEST NUMBER OF THREADS: 2

478  JC+I+I+R4     27778.782    354 56265.563    56421.385    58242.573
Akaike Information Criterion:           GTR+F+I+I+R4
Corrected Akaike Information Criterion: GTR+F+I+I+R4
Bayesian Information Criterion:         GTR+F+I+I+R4
Best-fit model: GTR+F+I+I+R4 chosen according to BIC

All model information printed to /home/aglucaci/AOC-REM2/results/mammalian_REM2/mammalian_REM2_codons.SA.fasta.model.gz
CPU time for ModelFinder: 1798.625 seconds (0h:29m:58s)
Wall-clock time for ModelFinder: 855.831 seconds (0h:14m:15s)

NOTE: 22 MB RAM (0 GB) is required!
Measuring multi-threading efficiency up to 8 CPU cores
Increase to 10 rounds for branch lengths
29 trees examined
Threads: 1 / Time: 8.008 sec / Speedup: 1.000 / Efficiency: 100% / LogL: -51570
Threads: 2 / Time: 6.177 sec / Speedup: 1.296 / Efficiency: 65% / LogL: -51570
Threads: 3 / Time: 5.486 sec / Speedup: 1.460 / Efficiency: 49% / LogL: -51570
Determining AUTO threadcount: done in 19.672 secs using 185.2% CPU
BEST NUMBER OF THREADS: 2

Estimate model parameters (epsilon = 0.100)
1. Initial log-likelihood: -26944.777
Optimal log-likelihood: -26944.692
Rate parameters:  A-C: 1.06371  A-G: 3.02835  A-T: 1.08206  C-G: 0.68466  C-T: 4.13556  G-T: 1.00000
Base frequencies:  A: 0.214  C: 0.321  G: 0.304  T: 0.161
Proportion of invariable sites: 0.131
Site proportion and rates:  (0.349,0.237) (0.337,1.113) (0.150,2.487) (0.033,5.082)
Parameters optimization took 1 rounds (0.261 sec)
Wrote distance file to... 
Computing ML distances based on estimated model parameters...
Calculating distance matrix: done in 0.0647499 secs using 200% CPU
Computing ML distances took 0.065347 sec (of wall-clock time) 0.130648 sec (of CPU time)
Setting up auxiliary I and S matrices: done in 0.00196034 secs using 154.4% CPU
Constructing RapidNJ tree: done in 0.181562 secs using 15.23% CPU
Computing RapidNJ tree took 0.183583 sec (of wall-clock time) 0.030791 sec (of CPU time)
Log-likelihood of RapidNJ tree: -27230.178
--------------------------------------------------------------------
|             INITIALIZING CANDIDATE TREE SET                      |
--------------------------------------------------------------------
Generating 98 parsimony trees... 2.981 second
Computing log-likelihood of 98 initial trees ... 2.626 seconds
Current best score: -26944.692

Do NNI search on 20 best initial trees
Optimizing NNI: done in 0.138638 secs using 199.3% CPU
Estimate model parameters (epsilon = 0.100)
BETTER TREE FOUND at iteration 1: -26944.438
Optimizing NNI: done in 0.745871 secs using 197.6% CPU
Estimate model parameters (epsilon = 0.100)
BETTER TREE FOUND at iteration 2: -26887.199
Optimizing NNI: done in 0.658557 secs using 198.3% CPU
Optimizing NNI: done in 0.598633 secs using 197.8% CPU
Optimizing NNI: done in 0.65707 secs using 196.5% CPU
Optimizing NNI: done in 0.657249 secs using 196.5% CPU
Optimizing NNI: done in 0.642058 secs using 197.5% CPU
Optimizing NNI: done in 0.574354 secs using 197% CPU
Optimizing NNI: done in 0.68261 secs using 196.2% CPU
Optimizing NNI: done in 0.585679 secs using 196.6% CPU
Iteration 10 / LogL: -26906.095 / Time: 0h:0m:34s
Optimizing NNI: done in 0.698591 secs using 195.8% CPU
Estimate model parameters (epsilon = 0.100)
BETTER TREE FOUND at iteration 11: -26887.083
Optimizing NNI: done in 0.65037 secs using 198% CPU
Optimizing NNI: done in 0.679026 secs using 197.2% CPU
Optimizing NNI: done in 0.693777 secs using 198.7% CPU
Optimizing NNI: done in 0.73435 secs using 197.1% CPU
Estimate model parameters (epsilon = 0.100)
BETTER TREE FOUND at iteration 15: -26882.500
Optimizing NNI: done in 0.657148 secs using 196.3% CPU
Optimizing NNI: done in 0.732676 secs using 196.6% CPU
Optimizing NNI: done in 0.867407 secs using 196.6% CPU
Optimizing NNI: done in 0.717075 secs using 197.9% CPU
Optimizing NNI: done in 0.717883 secs using 197.5% CPU
Iteration 20 / LogL: -26941.894 / Time: 0h:0m:44s
Finish initializing candidate tree set (20)
Current best tree score: -26882.500 / CPU time: 24.306
Number of iterations: 20
--------------------------------------------------------------------
|               OPTIMIZING CANDIDATE TREE SET                      |
--------------------------------------------------------------------
Optimizing NNI: done in 0.632281 secs using 197.1% CPU
Optimizing NNI: done in 0.702681 secs using 197.7% CPU
Optimizing NNI: done in 0.606775 secs using 198% CPU
Optimizing NNI: done in 0.72104 secs using 197.6% CPU
Optimizing NNI: done in 0.595572 secs using 197% CPU
Optimizing NNI: done in 0.613172 secs using 198% CPU
Optimizing NNI: done in 0.701399 secs using 197.3% CPU
Optimizing NNI: done in 0.638974 secs using 197% CPU
Optimizing NNI: done in 0.6223 secs using 196.6% CPU
Optimizing NNI: done in 0.701762 secs using 197.1% CPU
Iteration 30 / LogL: -26894.639 / Time: 0h:0m:51s (0h:2m:30s left)
Optimizing NNI: done in 0.705154 secs using 196.9% CPU
Optimizing NNI: done in 0.56729 secs using 197.2% CPU
Estimate model parameters (epsilon = 0.100)
BETTER TREE FOUND at iteration 32: -26881.989
Optimizing NNI: done in 0.652262 secs using 197.7% CPU
Estimate model parameters (epsilon = 0.100)
BETTER TREE FOUND at iteration 33: -26881.766
Optimizing NNI: done in 0.509174 secs using 197% CPU
Optimizing NNI: done in 0.561335 secs using 197.7% CPU
Optimizing NNI: done in 0.702198 secs using 197.7% CPU
Estimate model parameters (epsilon = 0.100)
BETTER TREE FOUND at iteration 36: -26881.696
Optimizing NNI: done in 0.562594 secs using 197.1% CPU
Optimizing NNI: done in 0.661004 secs using 198.2% CPU
Optimizing NNI: done in 0.68145 secs using 196.9% CPU
Optimizing NNI: done in 0.572169 secs using 197% CPU
Iteration 40 / LogL: -26928.044 / Time: 0h:0m:58s (0h:2m:24s left)
Optimizing NNI: done in 0.573703 secs using 197% CPU
Optimizing NNI: done in 0.592543 secs using 197.3% CPU
Optimizing NNI: done in 0.610037 secs using 198.2% CPU
Optimizing NNI: done in 0.666861 secs using 196.2% CPU
Optimizing NNI: done in 0.606583 secs using 197.4% CPU
Optimizing NNI: done in 0.608014 secs using 196.9% CPU
Optimizing NNI: done in 0.683209 secs using 196.3% CPU
Optimizing NNI: done in 0.708544 secs using 197.2% CPU
Optimizing NNI: done in 0.662908 secs using 196.5% CPU
Optimizing NNI: done in 0.682131 secs using 196.6% CPU
Iteration 50 / LogL: -26884.942 / Time: 0h:1m:5s (0h:1m:54s left)
Optimizing NNI: done in 0.614979 secs using 197.7% CPU
Optimizing NNI: done in 0.56982 secs using 197.4% CPU
Optimizing NNI: done in 0.68929 secs using 197.8% CPU
Optimizing NNI: done in 0.722377 secs using 196.8% CPU
Optimizing NNI: done in 0.613782 secs using 197.4% CPU
Optimizing NNI: done in 0.72539 secs using 198.1% CPU
Optimizing NNI: done in 0.789332 secs using 197.2% CPU
Optimizing NNI: done in 0.683981 secs using 197.7% CPU
Optimizing NNI: done in 0.538678 secs using 196.6% CPU
Optimizing NNI: done in 0.756025 secs using 197.3% CPU
Iteration 60 / LogL: -26949.590 / Time: 0h:1m:11s (0h:1m:32s left)
Optimizing NNI: done in 0.697987 secs using 197% CPU
Optimizing NNI: done in 0.688481 secs using 198.1% CPU
Optimizing NNI: done in 0.674066 secs using 197.9% CPU
Optimizing NNI: done in 0.574976 secs using 196.2% CPU
Optimizing NNI: done in 0.74246 secs using 198% CPU
Optimizing NNI: done in 0.694521 secs using 197.1% CPU
Optimizing NNI: done in 0.591312 secs using 196.6% CPU
Optimizing NNI: done in 0.736425 secs using 196.7% CPU
Optimizing NNI: done in 0.695635 secs using 198.6% CPU
Optimizing NNI: done in 0.645629 secs using 197.4% CPU
Iteration 70 / LogL: -26881.699 / Time: 0h:1m:18s (0h:1m:15s left)
Optimizing NNI: done in 0.619653 secs using 196.6% CPU
Optimizing NNI: done in 0.604573 secs using 198% CPU
Optimizing NNI: done in 0.556017 secs using 197.3% CPU
Optimizing NNI: done in 0.653785 secs using 196.3% CPU
Optimizing NNI: done in 0.669472 secs using 197.9% CPU
Optimizing NNI: done in 0.725972 secs using 196.8% CPU
Optimizing NNI: done in 0.68375 secs using 196.8% CPU
Optimizing NNI: done in 0.699348 secs using 197.8% CPU
Optimizing NNI: done in 0.5088 secs using 196.8% CPU
Optimizing NNI: done in 0.808342 secs using 197% CPU
Iteration 80 / LogL: -26947.384 / Time: 0h:1m:25s (0h:1m:0s left)
Optimizing NNI: done in 0.714584 secs using 197.3% CPU
Optimizing NNI: done in 0.698443 secs using 196.8% CPU
Optimizing NNI: done in 0.609361 secs using 197.5% CPU
Optimizing NNI: done in 0.598405 secs using 196.5% CPU
Optimizing NNI: done in 0.577354 secs using 197.2% CPU
Optimizing NNI: done in 0.76929 secs using 197.8% CPU
Optimizing NNI: done in 0.673121 secs using 195.7% CPU
Optimizing NNI: done in 0.649228 secs using 196.3% CPU
Optimizing NNI: done in 0.672818 secs using 197.3% CPU
Optimizing NNI: done in 0.684023 secs using 197.4% CPU
Iteration 90 / LogL: -26882.425 / Time: 0h:1m:32s (0h:0m:47s left)
Optimizing NNI: done in 0.672853 secs using 197.2% CPU
Optimizing NNI: done in 0.602971 secs using 197% CPU
Optimizing NNI: done in 0.632614 secs using 196% CPU
Optimizing NNI: done in 0.662808 secs using 197.4% CPU
Optimizing NNI: done in 0.540155 secs using 197% CPU
Optimizing NNI: done in 0.699347 secs using 196.4% CPU
Optimizing NNI: done in 0.626754 secs using 197.1% CPU
Optimizing NNI: done in 0.563151 secs using 198% CPU
Optimizing NNI: done in 0.745383 secs using 196.2% CPU
Optimizing NNI: done in 0.712241 secs using 197.2% CPU
Iteration 100 / LogL: -26885.768 / Time: 0h:1m:38s (0h:0m:35s left)
Optimizing NNI: done in 0.61112 secs using 198% CPU
Optimizing NNI: done in 0.722164 secs using 197.5% CPU
Optimizing NNI: done in 0.728984 secs using 196.7% CPU
Optimizing NNI: done in 0.731134 secs using 196.2% CPU
Optimizing NNI: done in 0.551183 secs using 198.2% CPU
Optimizing NNI: done in 0.744064 secs using 197.4% CPU
Optimizing NNI: done in 0.549886 secs using 196% CPU
Optimizing NNI: done in 0.530602 secs using 197.7% CPU
Optimizing NNI: done in 0.696026 secs using 196.8% CPU
Optimizing NNI: done in 0.626057 secs using 195.7% CPU
Iteration 110 / LogL: -26915.449 / Time: 0h:1m:45s (0h:0m:25s left)
Optimizing NNI: done in 0.692741 secs using 196.2% CPU
Optimizing NNI: done in 0.737562 secs using 197.1% CPU
Optimizing NNI: done in 0.683069 secs using 196.5% CPU
Optimizing NNI: done in 0.67883 secs using 197.8% CPU
Optimizing NNI: done in 0.651145 secs using 196.9% CPU
Optimizing NNI: done in 0.68784 secs using 197.5% CPU
Optimizing NNI: done in 0.617116 secs using 197.1% CPU
Optimizing NNI: done in 0.787004 secs using 197.3% CPU
Optimizing NNI: done in 0.586477 secs using 197.4% CPU
Optimizing NNI: done in 0.586084 secs using 196.9% CPU
Iteration 120 / LogL: -26882.077 / Time: 0h:1m:51s (0h:0m:15s left)
Optimizing NNI: done in 0.739319 secs using 197.3% CPU
Optimizing NNI: done in 0.679799 secs using 196.9% CPU
Optimizing NNI: done in 0.67207 secs using 197.9% CPU
Optimizing NNI: done in 0.576703 secs using 196.9% CPU
Optimizing NNI: done in 0.650561 secs using 196.3% CPU
Optimizing NNI: done in 0.718259 secs using 197.2% CPU
Optimizing NNI: done in 0.59194 secs using 196.6% CPU
Optimizing NNI: done in 0.640318 secs using 197% CPU
Optimizing NNI: done in 0.681869 secs using 197.1% CPU
Optimizing NNI: done in 0.66655 secs using 197.4% CPU
Iteration 130 / LogL: -26881.699 / Time: 0h:1m:58s (0h:0m:5s left)
Optimizing NNI: done in 0.685497 secs using 196.5% CPU
Optimizing NNI: done in 0.675167 secs using 196.3% CPU
Optimizing NNI: done in 0.737877 secs using 197.6% CPU
Optimizing NNI: done in 0.665453 secs using 198% CPU
Optimizing NNI: done in 0.615051 secs using 197.6% CPU
Optimizing NNI: done in 0.57511 secs using 197.6% CPU
Optimizing NNI: done in 0.643082 secs using 196.9% CPU
TREE SEARCH COMPLETED AFTER 137 ITERATIONS / Time: 0h:2m:3s

--------------------------------------------------------------------
|                    FINALIZING TREE SEARCH                        |
--------------------------------------------------------------------
Performs final model parameters optimization
Estimate model parameters (epsilon = 0.010)
1. Initial log-likelihood: -26881.696
2. Current log-likelihood: -26881.669
3. Current log-likelihood: -26881.652
4. Current log-likelihood: -26881.640
Optimal log-likelihood: -26881.630
Rate parameters:  A-C: 1.05655  A-G: 3.05868  A-T: 1.04150  C-G: 0.68161  C-T: 4.14285  G-T: 1.00000
Base frequencies:  A: 0.214  C: 0.321  G: 0.304  T: 0.161
Proportion of invariable sites: 0.120
Site proportion and rates:  (0.370,0.225) (0.371,1.209) (0.128,3.042) (0.011,7.091)
Parameters optimization took 4 rounds (1.179 sec)
BEST SCORE FOUND : -26881.630
Total tree length: 6.265

Total number of iterations: 137
CPU time used for tree search: 200.110 sec (0h:3m:20s)
Wall-clock time used for tree search: 102.865 sec (0h:1m:42s)
Total CPU time used: 239.971 sec (0h:3m:59s)
Total wall-clock time used: 124.446 sec (0h:2m:4s)

Analysis results written to: 
  IQ-TREE report:                /home/aglucaci/AOC-REM2/results/mammalian_REM2/mammalian_REM2_codons.SA.fasta.iqtree
  Maximum-likelihood tree:       /home/aglucaci/AOC-REM2/results/mammalian_REM2/mammalian_REM2_codons.SA.fasta.treefile
  Likelihood distances:          /home/aglucaci/AOC-REM2/results/mammalian_REM2/mammalian_REM2_codons.SA.fasta.mldist
  Screen log file:               /home/aglucaci/AOC-REM2/results/mammalian_REM2/mammalian_REM2_codons.SA.fasta.log

ALISIM COMMAND
--------------
--alisim simulated_MSA -t /home/aglucaci/AOC-REM2/results/mammalian_REM2/mammalian_REM2_codons.SA.fasta.treefile -m "GTR{1.05655,3.05868,1.0415,0.681608,4.14285}+F{0.213851,0.320899,0.304318,0.160932}+I{0.120383}+R4{0.369581,0.224887,0.370654,1.2087,0.128287,3.04171,0.0110942,7.09066}" --length 1968

Date and Time: Wed Feb  1 17:22:57 2023
